1 216 205 
2 167 64 112 
3 0 298 115 97 
4 180 20 183 
5 116 51 229 
6 296 158 289 
7 168 40 100 
8 54 106 
9 34 26 199 228 
10 108 244 47 
11 85 118 71 
12 275 10 
13 87 114 84 
14 41 70 
15 184 177 231 
16 164 111 153 
17 249 45 178 
18 99 128 25 
19 212 194 
20 110 89 2 
21 88 291 43 
22 75 23 55 9 
23 103 237 278 
24 80 16 
25 72 122 219 
26 4 157 31 
27 8 48 77 
28 7 174 235 132 
29 294 258 37 
30 148 170 173 
31 134 271 149 
32 162 181 
33 259 182 130 
34 159 201 175 
35 286 214 17 94 
36 246 27 120 
37 299 29 104 
38 203 93 264 
39 24 230 236 59 
40 133 209 247 
41 210 146 142 
42 62 11 240 
43 161 239 1 
44 127 86 81 272 
45 13 295 141 
46 260 190 69 
47 276 255 30 
48 136 241 292 
49 220 22 266 
50 92 61 169 
51 95 3 176 
52 58 28 83 
53 137 131 165 
54 290 50 251 
55 227 222 269 126 
56 193 32 139 143 
57 15 76 256 
58 218 254 145 
59 273 68 49 
60 150 35 151 
61 285 215 
62 225 42 186 
63 107 207 274 
64 74 283 279 
65 144 6 208 
66 56 204 196 
67 105 121 233 
68 18 90 293 
69 171 185 270 
70 187 117 67 
71 263 172 280 
72 38 163 123 
73 63 242 
74 125 147 262 
75 156 5 189 
76 261 109 155 
77 60 14 297 
78 200 197 192 
79 57 98 
80 19 140 211 
81 198 243 252 
82 213 
83 267 195 250 
84 44 284 78 
85 129 217 124 
86 79 101 
87 245 154 
88 226 12 
89 21 253 238 
90 113 102 265 
91 224 202 248 46 
92 91 82 66 
93 232 138 52 
94 166 160 288 
95 96 152 
96 188 287 
97 39 191 223 
98 53 73 135 
99 277 268 119 257 
100 281 282 206 
