1 84 2784 368 85 2760 2841 3474 5278 6447 26 1567 8567 8347 8330 
2 88 9733 1984 8978 6069 6454 4659 3784 7344 886 4714 9911 2977 4055 7220 5117 3078 7354 6960 
3 187 1406 4109 1518 3915 9492 4645 2126 6237 6344 7075 495 6022 4691 4803 
4 303 5112 7779 6222 5105 1061 8048 8467 3492 
5 474 4794 7637 9696 4064 9251 8617 3127 5556 3635 1171 745 1400 7688 6096 
6 568 720 6360 4141 4139 4099 4724 2525 6067 52 3450 5519 2319 3137 2325 3088 
7 677 19 627 5983 9408 276 7076 5217 8704 3890 1374 8648 
8 719 4704 6865 8239 2645 1339 
9 1066 1194 7557 2653 5713 1415 1297 4796 
10 1178 9065 1532 7422 8416 1461 2309 4038 6622 5597 7917 3662 1397 8255 7485 6136 6019 
11 1209 8736 1010 6413 6503 8795 2776 5837 8970 6188 3754 4496 4343 7935 3213 4351 6776 9683 7995 5355 110 3131 1694 2865 1823 
12 1315 6457 271 9927 163 9932 2188 7597 4996 
13 1335 4546 9627 284 266 1106 7684 5219 2595 8997 9862 6812 4015 630 7083 3945 
14 1515 8277 128 1843 3398 3802 9858 7150 4800 3851 6106 8502 4690 8334 6712 4368 914 195 5789 8162 6050 3934 2096 6461 
15 1543 8848 4815 9345 7246 3958 1746 2288 3977 4755 4215 8132 5935 1619 5944 
16 1560 9691 2425 6742 6615 7203 646 9394 97 9896 4062 4787 4074 7483 809 186 600 9699 4216 6781 8837 4189 3860 
17 1757 4959 7804 2362 5532 434 4464 8390 2405 3642 4670 3254 5460 
18 1992 6756 3816 2982 5656 6399 3434 4989 6056 3799 6987 3597 2021 1283 2947 8931 4501 2820 6278 2349 8666 8519 
19 2135 2748 3017 8991 1557 3778 5437 4584 3584 1431 6974 4809 3613 7966 331 1007 3899 2114 2786 8301 
20 2356 4170 1804 6058 3615 4024 141 8737 369 5526 6248 2796 4121 5379 5908 8689 4732 8522 750 6194 1149 8683 9198 
21 2432 3276 5500 2495 1949 5642 348 7730 1768 7316 1096 8550 4096 9247 3893 7130 7137 8526 4500 8423 5395 2794 
22 2519 1838 3291 5815 6848 6548 1499 6187 2237 1851 8443 6586 664 2490 1403 8138 
23 2571 5387 3430 4973 2352 5287 7808 3258 6930 4924 5289 586 3767 8325 3916 4946 8592 7084 7878 1938 9311 
24 2695 6208 5917 1902 8353 9809 7778 1166 5062 6375 8872 2443 9193 9170 5930 5319 7332 1437 1636 2138 
25 2920 6139 8629 3510 5347 6076 3345 872 4457 6787 1895 5776 8091 
26 2949 1593 5295 2570 2323 8785 9846 105 5835 5709 7659 9321 1308 9163 806 449 2004 1214 7244 7054 8174 797 
27 3156 6110 4200 3317 839 6710 506 3701 9537 6893 7933 6094 9639 1428 6728 4590 7340 803 3926 5828 6828 1479 
28 3253 2523 3050 7883 9457 4639 6359 5764 2346 9239 9309 5269 5753 
29 3580 6155 4107 2952 3760 1748 6827 3809 9296 2130 
30 3629 7704 499 1146 9302 4191 8558 4766 7307 296 3110 
31 3696 8546 9298 5911 2854 7352 974 7500 1623 1575 49 8468 
32 3869 5034 5285 3938 9018 9138 7745 659 8296 7573 7894 2468 7918 613 9732 6524 4726 7214 8106 
33 4008 7114 7792 2455 2649 8796 529 9158 3531 2558 1004 3498 3007 7149 6363 3979 4621 7302 478 8734 1091 8934 4203 
34 4078 2422 5955 4629 6618 425 9553 6885 1389 4358 2850 4218 973 6687 5467 9432 6991 3286 
35 4094 567 3461 3557 9064 2654 2753 2045 8687 6041 21 6880 5715 9533 28 4945 2255 4005 9390 
36 4309 6135 6307 3426 8868 330 169 4913 3952 584 8620 1695 7520 2824 3273 7416 8260 
37 4377 7948 9516 9350 6432 8561 3274 2312 
38 4435 3068 3445 208 853 6597 8782 4163 9992 6301 8547 9358 9428 8863 363 6510 574 9279 4095 4700 1951 
39 4525 3245 530 9628 3105 5566 3058 6356 5228 5982 3115 3576 9749 
40 4839 6485 7846 1206 6643 3230 8755 7997 6964 6074 4795 
41 5018 1492 2626 9078 7867 5511 2651 9761 8116 1422 8827 2648 6190 4023 
42 5299 9052 9255 6547 1733 2613 2802 1862 4195 9478 1791 2835 4515 8916 126 9460 2148 4674 3820 4240 6592 9243 4908 131 4841 431 
43 5335 8029 4196 7085 1755 6101 1311 382 249 7866 3449 6970 5216 7195 6490 2097 9076 5432 9711 
44 5440 1773 1363 601 2470 5724 6013 7503 3986 7407 4085 1255 8688 518 6505 3152 6906 4817 868 681 1258 9391 2905 1898 
45 5868 457 8614 617 921 6279 3155 4594 8843 9056 4625 8749 8513 556 2454 5493 8046 8308 
46 5970 789 718 2981 7941 4884 4449 9592 2804 4266 5026 3282 594 5098 2336 45 9726 9600 
47 6002 666 6966 6243 6238 3536 446 9061 
48 6031 3116 9388 5567 7122 3455 7426 1801 4315 669 
49 6252 8035 1067 7978 8684 4399 3987 
50 6403 895 7697 7724 3211 8788 1136 5613 3745 8232 9776 
51 6412 1530 6255 1252 241 1886 7811 578 5064 2766 4014 8551 6085 5104 2144 8281 5696 6918 418 8913 
52 6466 8783 4414 1121 3073 3566 3721 4636 462 3469 3496 3295 4608 4964 4903 7871 3777 9312 7517 3456 8866 9196 
53 6670 7553 8832 9631 1399 3874 1025 1548 1811 5325 7395 7311 
54 6783 4781 3459 245 5757 7870 9871 9182 9410 7535 7762 8266 5933 6800 8150 1590 7402 1289 9258 4488 1366 648 3369 9215 
55 7013 2527 1027 954 5055 
56 7109 6498 8506 5452 9623 8111 4032 7038 4363 8939 
57 7399 206 8434 3191 2409 66 1239 876 6333 9882 9987 736 592 4442 4097 968 6564 2727 1878 901 587 
58 7463 9864 8093 2160 7118 2543 3930 2948 1069 281 2359 3186 1761 3856 4076 6637 6145 3206 9759 9467 
59 7475 8149 5060 8274 5212 6438 6305 8951 3439 8780 4532 4104 9754 3256 1253 3013 5840 9253 5044 7537 
60 7928 6752 442 8766 2041 1835 8273 6784 1211 7014 7080 9838 3547 3182 3392 6486 5925 3000 4771 2469 7181 3637 
61 7956 9556 1223 2031 3663 4749 9035 7315 3373 1620 3798 6161 5959 2534 4711 695 7529 9780 6543 5893 6487 6300 4308 
62 7965 3249 6741 5535 6029 98 7190 7922 2482 5853 2661 1494 7216 1725 3909 2547 2025 9694 6036 7147 3523 7489 6750 
63 8175 8489 4935 1218 4285 4613 4940 7019 6946 5915 7516 6905 1188 7624 3470 5785 9661 9448 3144 7264 4108 1813 
64 8292 4437 6202 7737 378 4786 7263 5298 1643 1348 6114 582 9593 8833 4430 8061 1056 9615 3978 2224 1547 
65 8310 8484 5818 4467 3477 5770 9584 5329 3269 7587 5734 4982 735 7852 8041 784 2251 
66 8640 1100 212 9743 5674 8938 5405 485 2174 1271 8148 5176 1741 4941 
67 8773 46 9800 5140 4890 1670 888 6632 3998 51 5162 4242 
68 9313 5358 4255 4520 9424 3135 5694 1918 2995 9323 9398 644 8879 
69 9393 8209 8713 2118 7572 5892 611 6196 1352 1250 7134 5260 2043 4689 9143 6378 8958 5068 2242 3730 5418 5531 8216 840 
70 9707 9920 9144 6392 4585 7882 5170 9357 4965 30 2366 6104 6678 1905 9049 548 3871 8171 
71 9913 6352 9132 1644 979 5608 3854 2621 2561 9142 1682 2545 9807 3711 9404 9058 9792 3664 
72 2465 9405 6924 3947 7236 935 313 5695 4130 9222 8075 1179 8229 7857 9368 1681 4264 3145 8381 4684 5633 336 2929 2098 7951 
73 9976 4260 1674 4507 9654 3038 8671 4607 9570 9151 7971 2040 2513 5864 8621 5233 5577 7786 7439 8846 9066 3407 5407 4186 
74 4379 3354 6550 5593 6484 6909 5630 2228 9330 2218 5313 9470 1719 7160 5832 9791 3350 746 1966 
75 3607 9985 8464 6357 7477 7068 1220 8023 9433 3963 6953 6116 6517 
76 5497 1384 8774 8309 9349 2954 6437 5041 4473 6830 2294 6628 2763 6766 1552 5937 
77 9847 6747 481 9297 3565 8059 8188 2240 7837 3146 4866 2264 698 4543 5249 2756 53 1535 8753 8859 7981 8053 2815 383 
78 8878 1508 244 6121 5101 3372 4263 4646 
79 9752 7320 4154 4602 8071 8743 8002 4116 7776 1549 4813 8279 
80 2735 7864 2957 1904 7934 6133 1583 3203 5160 8014 550 1934 8105 366 4746 7292 1974 6464 2002 8180 4530 
81 9084 2147 4558 7787 376 3215 3839 7907 5792 4244 15 8450 9994 2580 7510 4144 5490 451 9417 1594 3097 
82 7429 6884 2539 8219 9450 6703 3366 5660 74 6907 8159 8901 412 2400 7788 2567 7725 9174 3357 229 1293 
83 7657 3104 2305 1601 8042 1910 2217 5409 2368 1785 3948 6990 8305 571 7053 4918 
84 4090 6168 8902 2537 1873 4953 6251 2128 2122 2086 4329 6289 7836 7350 7335 
85 3442 3572 3830 1186 6927 6247 5603 1338 1504 7609 8807 1822 6692 1094 8215 7257 9439 2103 5939 
86 5693 9965 9744 4869 6402 3970 9458 9812 9652 5907 9667 6641 6059 9941 5292 1065 940 7345 1971 5946 36 8352 690 
87 672 6404 9768 2401 6922 9511 3502 4986 300 2640 7629 1259 6915 9160 8268 4582 6861 6436 7718 7646 4517 2965 4425 3581 4931 5198 
88 6822 9452 9469 4299 7380 9375 2377 5008 7508 3509 8017 8748 2955 2956 3660 420 8354 1764 1788 7154 
89 4494 1959 5477 992 4017 930 9284 2875 4209 7525 490 4235 7100 9946 9017 5542 1462 1868 5647 
90 549 6304 1655 172 5503 6705 7479 3759 7729 2702 2989 310 3235 5438 7450 6368 
91 9619 5393 4833 5748 4830 6446 3468 6081 147 9082 350 3154 77 1291 8920 2500 1925 192 3504 9676 2554 7834 
92 1305 8302 3601 6450 4920 267 1465 2927 7364 9742 6587 1458 137 1470 2370 7547 1130 2340 4715 5687 3897 6214 899 12 9753 
93 9563 7314 780 9190 6026 3169 9159 353 8686 9837 8051 2402 202 6146 9716 72 7800 2499 1274 3388 
94 6263 5237 7648 2132 1845 5913 6544 6339 5817 
95 5192 2006 6003 2934 2250 8854 7245 2745 2667 7769 6426 2234 1715 639 3416 5384 4262 8972 6388 8497 3464 2253 
96 3055 2963 9045 497 7840 871 1081 9133 8164 8645 8801 6868 5692 1310 6176 3920 7371 9211 1760 1161 1825 3035 9993 
97 1097 9347 3976 5540 2497 2635 381 475 7912 64 4756 6962 3843 599 6179 9226 8691 7392 9908 866 8437 3359 9958 3587 5916 8751 5673 5669 1207 
98 4601 3236 8449 150 989 6340 2900 5043 1511 1721 8953 5610 7305 3672 4060 2139 3913 3389 3198 7519 3797 5874 
99 9003 3640 4184 7602 4703 6474 6523 2585 8190 9731 3622 1302 1045 402 9299 8553 9488 8178 
100 2247 9412 6327 483 8445 8176 2076 2602 4270 2412 4688 1890 1858 2822 5446 
101 2015 2825 352 1831 5909 6184 5326 6229 7358 4129 7202 70 
102 4742 6654 315 4686 7382 6272 1189 7169 2108 6582 5386 5040 8650 6527 
103 700 4223 8440 8816 5627 8529 3513 9539 3247 7037 6808 4734 8976 9709 8049 5575 3283 7541 9591 1089 7241 1128 1408 
104 423 1414 7428 502 8747 6584 5375 3098 9505 9566 6677 285 9287 
105 8518 109 5572 9030 3795 3414 657 1846 3648 286 6379 7267 2 1756 8516 6522 1145 5956 619 6055 2517 6295 1478 1120 
106 1273 7512 1908 5156 3232 8804 3532 3465 6882 1193 3997 4314 2383 7610 8725 4912 1926 2785 8478 4961 4757 7938 9918 
107 8731 4648 4980 4202 4938 4887 4378 2993 5273 
108 6689 1227 3196 3773 9104 2916 1529 8610 946 5320 8280 2158 2022 1172 8685 9290 
109 8890 9975 9331 9275 7447 8778 291 2363 6065 3140 1892 
110 9514 7891 3833 9475 8228 3418 7445 8257 121 3466 6751 7296 8177 5259 242 3352 3700 787 5084 7989 4540 
111 2720 8024 5562 8742 1716 9482 1922 6396 8230 1662 667 4951 
112 7861 6329 1002 942 7515 1912 1891 857 5039 4777 5364 467 1727 6590 198 2267 7667 8777 6702 1052 
113 3090 7108 4481 9822 3790 463 8097 8911 6353 5102 5561 6675 2331 5842 6616 1972 
114 713 2106 3821 448 761 7110 8540 1663 
115 6277 7287 6004 3200 8085 9341 4123 1436 1595 6727 9624 4087 8764 6926 1471 4316 1322 6588 6037 1347 4275 1350 5398 
116 5934 9473 5890 1313 8419 3220 7847 6066 7301 7915 2206 8815 1591 7507 7016 9674 5905 9437 8409 4284 8501 758 
117 6901 3849 3875 3666 2464 1762 91 403 2505 8984 5967 7361 929 4019 3924 2345 357 4217 859 1572 1124 7240 1712 6867 4545 5749 9650 
118 6815 3575 6164 8157 9549 4409 7663 4034 3685 8510 5569 8871 65 1688 692 8074 6774 1116 5419 2365 6079 1083 54 4509 1935 729 
119 7070 4428 7546 1500 1386 982 7759 4021 6407 7456 934 118 2467 7726 8904 2063 78 4152 2553 7851 6992 1404 6817 4729 
120 4679 9116 1433 9000 3443 5133 4471 
121 5445 1013 5049 2904 290 32 6985 767 5803 2477 1391 2907 1603 8598 4073 6167 6617 125 1164 5035 6935 246 3415 5894 4348 
122 1105 9872 1700 8028 8026 2089 8605 6869 7112 8850 
123 2883 2123 8784 2235 9738 671 8259 7425 5847 7569 2065 1203 4539 4840 1236 2943 8887 1621 9034 1661 3084 3612 
124 3817 7140 9852 9267 4807 5240 8368 4880 2209 9027 4834 4677 544 7381 7231 4357 2715 9643 4710 8565 3004 5119 4427 6477 4778 
125 9305 8020 7638 1830 3554 3542 1884 8037 7010 1475 7143 1117 8193 7806 8126 8108 4237 875 7486 7168 9032 4751 9887 8152 
126 4059 4693 2511 7000 4957 8236 161 6346 9900 397 1790 6319 2526 5872 8153 3935 9119 6611 9885 9876 
127 1138 9544 4848 6563 7492 9737 8694 8214 9438 2910 8481 7750 7368 3674 8810 3955 2493 6499 8825 
128 5324 9649 3541 6409 8681 2997 896 39 4206 9859 536 4628 6821 9351 9113 8524 8673 9218 3244 8732 3804 9217 2165 1452 9614 
129 1867 2714 9012 6473 3680 6652 1232 1553 9070 2453 7271 865 2272 2332 774 9955 8270 7839 752 9204 4492 6701 5404 
130 4758 3608 9381 235 800 9697 3628 8427 7121 1174 1483 1185 5926 3836 
131 311 5601 1476 9526 2693 7627 8470 1525 5681 185 5585 1616 4178 1242 480 7349 3128 5854 
132 6381 8073 6567 1245 3124 7816 1521 2107 1104 819 6463 3545 5439 6492 
133 2917 864 8803 3936 6416 3399 2789 2582 5022 5272 1247 
134 6706 4352 4029 4398 2292 7691 387 6683 83 9378 4682 9337 3567 2522 9961 1648 9088 6731 6631 1653 
135 7957 7116 7768 5699 3585 9954 2630 6528 1361 9415 3192 6889 5311 
136 769 8711 6648 7234 9073 272 7909 2038 9811 
137 519 2324 8203 7249 3614 6283 4086 8534 5999 1337 257 4460 288 2894 7023 7826 8454 4641 
138 5717 9845 9625 832 7732 4371 7679 4353 7045 8186 5373 2535 4569 7454 7753 2569 3941 5895 
139 4071 8104 7372 5602 3270 5263 8665 7633 454 5534 8326 3221 3763 7773 
140 606 3708 9678 3278 5768 5583 8545 1416 8015 1358 7623 8499 8707 8251 
141 8708 4583 9316 498 2245 9180 2385 7309 4879 2515 8987 5372 6571 7502 8344 8969 8845 4142 7744 9781 406 
142 3549 7230 4233 8786 6984 9497 6132 4971 2541 8935 6315 7242 5555 9668 
143 7499 9820 4575 7574 6856 1102 5766 8378 5382 5782 8511 2479 3501 5180 2851 2087 9605 5215 5275 8269 307 763 
144 1776 6786 428 1628 8995 4709 3609 6999 7754 4899 9767 6773 8473 3684 4640 204 9123 
145 3307 5113 9495 655 1777 8530 4595 7096 4696 8585 7562 2184 5201 10 714 7046 1382 3448 344 8084 4271 3733 7509 9120 
146 8477 2536 4194 5829 9579 9265 8968 9783 1268 1076 9013 3310 
147 6663 3409 3092 5686 7193 9832 2119 6956 2797 2330 8659 1612 5317 17 9957 641 
148 5235 7198 5090 1580 152 9118 1346 8303 7566 1829 3243 8949 107 
149 5300 6740 3544 4493 6274 821 377 1048 1531 6515 5625 5037 8222 8311 
150 9409 817 6669 7323 3036 92 4403 7171 7558 8667 7872 4221 1071 2960 2189 9967 3387 7056 6355 702 
151 8950 8835 3108 1792 1647 823 8379 9466 7761 2388 9912 8401 5878 2901 8741 9444 9250 5478 
152 3167 5332 9262 6910 3992 2959 1624 6891 6697 9515 
153 563 1365 6921 320 1921 5810 5349 4765 4738 4239 182 4354 
154 9679 3527 199 6764 3420 2178 2732 4119 7274 523 6610 1882 6520 7166 
155 768 306 538 2795 562 3819 6944 
156 5860 1228 2074 1430 8595 1710 4559 6306 4190 4810 3001 2650 79 9960 
157 8758 2382 7693 2035 1855 
158 8670 5951 1854 4165 9663 7589 5688 6507 
159 6916 6502 9137 3865 9487 3921 5107 1281 1968 1325 5941 7793 2281 8793 304 1933 7032 2149 3087 165 9567 3984 
160 9888 4984 6536 4250 7034 1496 1537 3867 4302 777 6642 1911 4043 3351 6945 3076 2226 1691 6417 6148 
161 6807 1192 9948 8140 6495 547 9708 3151 1936 2886 757 
162 2316 7711 3368 9289 5422 7239 4328 3691 2958 9328 8491 2758 
163 2061 5990 8573 5957 1272 7152 5830 2675 8062 4776 2885 2374 9208 8988 3967 1411 534 748 3801 8365 3835 3727 7163 980 
164 5086 2424 4387 7379 753 3122 8800 8407 3157 3173 7796 2614 6415 3447 999 2269 1615 3931 
165 4058 8699 2518 6425 5234 6512 6639 2406 4699 3228 8288 9441 2034 6488 3595 8242 8165 1611 7590 9413 1127 8893 
166 4618 3333 7210 9944 4405 7276 4888 5899 847 5394 5411 8571 6124 8607 
167 7929 5721 5626 3194 7041 1443 6832 2565 1292 8830 1396 2859 7538 7552 9877 7107 6525 7233 3954 9145 6285 2940 
168 7561 1054 4733 8079 9949 6280 4356 1101 5910 3862 6596 9607 3574 2631 5350 3844 4900 7089 2704 5003 
169 7401 3540 1995 2896 4615 5622 8243 388 7931 3722 8383 2506 7125 4461 8436 7670 2638 2853 9568 5499 4185 
170 2384 9962 8961 4898 5950 7 1808 7617 
171 4855 3147 8955 6297 9167 9221 4440 274 4092 4567 4902 4745 7752 3301 8762 7964 2659 
172 273 7028 3991 3739 2077 4063 8324 2053 8304 
173 6831 5654 4349 4016 8187 1355 5124 1109 5702 9817 8339 5155 4219 3027 2721 5966 9653 3485 9115 3063 1336 2843 9354 
174 9325 2426 1970 8989 908 4497 7532 1282 4114 8027 1317 9541 3508 8006 2195 7144 2529 5545 
175 3444 6150 1986 354 5866 5116 2866 2863 1654 6154 1333 6193 2836 
176 5769 2641 1030 482 5182 9164 2000 6089 252 1779 2972 7167 9724 8918 4012 7599 6117 8050 1036 4022 6250 
177 9140 6875 9586 5662 708 3227 2809 1568 4566 2498 8307 2109 7734 3242 6126 7652 5115 532 5544 8674 
178 4948 5719 6967 177 553 2415 4937 5635 492 
179 8703 2788 4624 6012 8155 8973 6062 1459 7727 2241 6713 7259 2861 3045 2749 5416 5397 8012 1987 1158 7606 5047 
180 117 9402 5205 9485 830 3537 2696 560 4274 1872 9370 7414 816 4330 9884 9225 4251 414 7095 2088 2890 8714 9294 9747 20 
181 7913 3906 6197 7654 4472 4562 4692 1988 1690 3330 8392 6651 1157 73 7751 
182 6695 9166 8426 3263 5158 4764 3315 4528 5640 5363 1574 2372 4861 438 
183 7040 1372 5466 7373 7464 2680 7094 7720 205 6732 1607 3932 5459 3184 
184 3855 8262 7082 8254 4396 3054 9199 9101 949 5824 7221 3782 6775 8253 
185 3371 5510 2718 7498 8068 8680 7591 5412 8267 1060 
186 8329 8447 6942 9179 1294 3205 9019 395 7549 3379 7408 8349 1848 1698 2321 8789 
187 9675 7398 2681 7248 4003 8609 4605 1985 2270 6218 4634 6120 8721 3163 2939 
188 6198 1778 9842 8895 9785 5314 6863 2358 2685 2282 6988 452 3080 7985 
189 9449 2992 9195 7457 5632 5323 9720 3752 8136 1876 8031 3568 9616 8045 1730 1744 4392 7183 
190 4307 9090 9385 782 422 2591 7024 8874 
191 375 9666 615 507 9068 6672 7984 5076 7843 8928 2874 2829 6203 5523 2923 4168 3980 4210 9201 7828 4994 8636 
192 1040 6239 9105 9524 4205 8555 4744 3133 193 7339 7366 5134 6462 3011 5778 1740 525 7930 3658 7487 2491 6458 
193 222 7687 4455 5541 5816 5351 2140 660 5088 2360 175 3624 6674 6181 6292 5097 4280 727 3312 4563 3514 
194 1005 8376 4630 1994 1111 5069 1676 9156 230 9379 612 4523 4978 5271 8013 8623 7980 1285 8717 
195 9550 5352 9268 7998 2938 2931 37 1468 5482 2186 941 5463 5588 8716 2521 635 
196 3555 8965 7682 8446 8134 4125 6824 9231 7584 3771 9606 5685 6273 
197 1135 178 4632 1262 4333 4680 7954 3422 790 
198 3578 2207 3432 5305 3428 5284 7405 1446 2155 8723 4556 9025 
199 5424 7293 5218 1251 7446 7226 607 1143 1466 6083 3406 5969 
200 4894 2166 1233 9557 2999 2781 7448 4503 8990 8998 7415 2893 9157 7178 3 7743 9162 1782 5568 2378 7545 6623 764 792 
201 920 2942 8548 168 5620 4137 3879 2473 4966 1160 7604 2407 3425 5250 4768 4290 1753 9704 450 7721 8885 2855 6011 234 
202 9799 4877 7355 2394 6134 1861 3550 9480 5357 8525 743 6230 7955 2307 8877 3069 
203 2559 3918 9274 6192 3475 9681 2919 3102 4384 2314 8809 2191 8661 8415 5168 1011 2283 2872 5142 8515 7251 5443 
204 6541 5017 9042 9538 7162 952 8220 1376 9739 6051 
205 961 1113 1221 6316 984 7191 120 2343 76 7967 6605 3277 1956 9525 
206 372 7889 7677 8198 7243 2573 959 9099 7481 6606 2322 
207 7952 3067 8588 2167 4065 9964 4653 1944 9322 399 1720 7192 6483 262 9063 4812 955 6993 
208 3654 7643 7790 3237 8201 7105 5745 5435 2961 
209 24 1024 4875 210 5267 9134 2857 5014 2121 3225 1277 2750 971 1086 3712 
210 2869 842 5517 8410 2442 9202 9645 3393 3981 1016 1264 9479 6281 6854 9489 4972 8925 
211 8962 9087 41 4088 2731 5495 3190 8118 1453 81 5221 4072 9230 4487 1649 3234 8829 2371 6144 4577 8441 5798 
212 4637 5487 209 211 9889 3770 3623 508 2393 947 5658 7879 581 8060 8651 2895 5573 
213 4150 3202 2842 359 7571 2028 6690 7526 3033 1367 
214 6115 7329 9353 4411 1896 7326 1516 7265 5589 3223 522 1495 4393 
215 3988 1609 6377 8909 1626 
216 5885 9974 6200 1863 1686 9561 8560 6460 6566 8109 8366 7620 7990 6227 
217 541 8435 8207 6818 4914 9242 9481 1523 459 1309 9089 4456 2373 4486 9816 6397 738 5333 8340 1379 1952 5718 
218 4143 1438 6877 248 4225 5711 7438 629 8851 8864 8160 2601 6857 6743 6047 6785 6137 3010 4694 6286 9865 3153 143 623 4883 
219 6228 8425 1625 4048 7916 4773 3121 991 7904 6754 3878 3519 6233 5797 5644 4054 
220 622 2736 6178 609 8712 148 6246 
221 1833 9401 1564 9705 9819 4862 5701 6630 2023 808 7987 1946 1394 9542 6829 9212 7419 6667 5109 1577 7338 9184 8612 
222 6961 5491 1142 4050 4658 5091 8218 5461 9971 6364 
223 29 5991 969 1154 4454 2485 3081 706 4474 7673 
224 1664 4537 3362 907 4767 1639 8007 776 2213 6733 2099 1540 
225 55 5744 4867 854 8112 7665 4355 7466 6746 2048 3570 5210 4272 8576 7582 4025 2980 2616 5505 4599 3644 
226 9523 4511 4246 8192 5564 8067 537 4265 2215 5203 3517 7639 9580 4269 8865 
227 9216 9128 5089 4836 4652 3364 5962 715 6904 2622 9574 8289 1029 129 6174 5741 7396 2701 6010 7290 9938 
228 9283 3311 5120 9613 645 5169 9075 6163 5441 2563 
229 4842 2538 8574 5507 9757 4297 2060 4643 292 7856 4958 379 7592 280 6389 2636 9843 149 1026 6314 6577 3716 4983 8507 
230 2576 6794 5771 7097 772 8996 2156 7222 8883 8460 1073 7708 6948 4322 4514 628 6553 995 6390 3858 
231 4346 7020 6711 4705 1797 9576 1631 4872 4838 6866 7723 1187 8805 3023 7437 7649 
232 1888 6735 9109 9897 3261 7081 138 8952 6699 3339 3241 9848 9597 2728 3563 8781 6890 3837 3224 
233 734 8979 7580 5663 8940 5036 1880 6444 3780 
234 3149 5743 4910 5377 6173 7595 4588 3761 201 5754 1329 1244 269 7676 2326 
235 7119 6804 119 4666 8194 1152 2075 8413 1692 5708 3592 1328 9706 5733 7797 9966 5677 8880 3950 4383 845 
236 4214 5006 9286 9071 9135 8695 5193 7576 2898 1561 6157 3328 3689 3551 9959 5826 1927 9953 1202 2152 
237 7862 5668 5553 7142 3214 132 5774 1542 6358 8384 170 
238 157 739 9685 9806 3605 2967 3325 704 3451 9655 3429 8373 4667 3610 6290 924 8906 9978 850 858 603 5609 9005 7603 2610 
239 2986 4885 6159 3129 933 8034 9617 2304 6589 4227 5995 7207 5481 7389 5486 2633 6609 22 8141 2433 5468 393 9339 3971 6569 
240 297 6068 7631 8285 6842 9464 5187 6009 3290 1168 5031 516 5211 3556 5801 517 2611 1463 5456 3385 3132 5788 9601 
241 1978 1524 4410 5783 233 4623 3454 2452 134 2950 2068 1622 1375 5078 9126 8235 3349 
242 3103 1323 5996 9830 1503 7434 6886 3949 9763 8428 4597 3707 1183 7295 3048 68 7283 2211 
243 5341 8290 5887 7494 7636 2320 4617 23 3356 983 3318 2968 2450 1599 
244 2912 3358 2386 8705 1953 6556 7331 470 5759 4991 5791 4968 8163 
245 3281 3758 3462 8554 1634 6048 6896 2665 6374 5844 6268 716 2248 9300 624 2765 4950 1606 4573 7845 2725 966 5065 4197 9536 
246 5716 6529 3029 5425 8653 3732 5952 8245 1820 5301 4317 4631 1726 2208 
247 957 8586 1260 6771 3057 1079 2831 1182 4327 2395 7613 1383 3440 5961 6700 8008 
248 6724 3257 326 9951 1491 9477 7386 9165 9044 6235 3521 815 4513 1156 7074 8321 7374 4319 
249 445 2899 7975 3381 2355 6963 1967 2137 6038 1342 1806 2752 2953 7390 3626 2492 
250 3693 4661 2856 7686 5344 374 4969 1589 9789 7194 4851 1772 8881 8528 5987 631 3872 3417 
251 2020 2738 1734 9874 57 6575 5433 2984 2072 8038 2557 2933 3494 1519 2876 7258 4581 2258 4760 9484 
252 8395 4873 7357 3334 1550 1175 4854 9684 4300 1942 542 9844 6103 1598 2444 1819 5767 6105 7939 6539 9389 1092 2249 6349 
253 2008 1860 4717 4930 3231 6680 3293 8549 7886 2555 8944 4325 
254 8406 2357 5954 4404 3026 6647 3326 1455 7829 5619 6838 5380 6708 7651 7819 1566 1486 5736 3427 58 9850 
255 5598 3170 8328 1200 2056 2787 6762 1062 7187 9729 365 6769 3776 386 7260 5728 8362 3296 1919 7593 9942 9642 
256 3030 513 4207 8682 102 1487 775 649 6367 4117 8444 4856 8624 4033 6171 6778 1125 4565 6224 6841 4737 1708 2564 662 7002 2658 
257 3471 3384 5282 6293 9273 1859 8486 2568 2057 9141 4675 7440 9043 7007 9456 2494 6371 4580 
258 7141 9935 2230 3717 3783 5678 415 2011 40 3507 576 1714 1140 
259 8102 874 8637 2639 100 1324 9564 2652 8542 2220 7493 6898 7384 5880 453 7531 8360 7328 4579 2858 5784 4041 2914 6997 
260 8840 277 9815 6749 8768 1381 1541 4993 6318 5796 7855 9509 5127 316 
261 585 7186 5369 3066 3842 1684 1693 4171 9276 9177 1110 4828 1364 8603 5302 8814 4204 4547 771 3630 7201 1249 4783 4151 9069 60 4157 
262 268 3138 4502 3375 1685 6480 3524 7048 1417 1539 3039 2501 8544 1058 4619 6090 
263 4495 6493 9503 9634 2686 6969 6871 7043 6172 5009 9632 3421 3811 484 8960 1702 5986 7653 8317 1836 2091 1703 7539 2697 
264 1353 1605 6558 9602 8346 3632 1201 8937 7135 5994 9238 4224 5527 9534 1435 5763 8286 5111 3884 2069 2136 5224 1718 
265 5406 8459 5636 135 6475 3319 922 8876 8761 6737 9612 1248 1787 3216 6578 8669 7832 2010 7336 2120 1085 1425 9545 
266 8342 5856 4863 4657 8367 4070 3031 213 4740 5339 5331 1216 1680 
267 5649 5539 8631 8945 7488 3750 1420 4106 2437 9798 6847 3943 8322 9898 6323 5244 
268 7640 3208 3176 419 5732 3789 6270 6422 3793 9440 3621 6925 130 3271 1448 5171 2978 4382 1824 4936 5286 3162 6770 176 5449 
269 1528 7612 6455 533 3453 6024 4541 6744 7474 9103 4985 9148 7175 2617 9365 9465 3792 9476 
270 583 2520 4080 5621 2033 1369 8719 9644 6130 5506 9756 2902 7391 
271 2941 3294 9306 5554 6718 9254 3966 6023 5241 9928 2110 9319 6211 754 3404 9571 6142 5257 5873 3094 4181 
272 8204 8224 9657 9712 1215 5045 3974 3895 7924 7383 8649 3960 1678 3670 7514 5030 9203 8943 9637 
273 3025 6658 6296 1527 8133 4376 4245 2105 7411 8101 4415 7830 1368 9983 5005 2024 4259 1976 528 923 
274 1735 9246 9869 950 2663 3082 5366 3669 3735 1176 1199 8492 6862 4881 8387 8905 264 6099 2252 4305 391 
275 5304 7180 2293 2566 4153 856 8173 6213 826 461 2054 8533 1584 6140 3846 9333 90 3212 9269 7377 2367 2342 4542 8375 
276 4829 1046 8182 8627 2740 2994 6995 5850 8744 9178 6448 1809 
277 741 2603 1803 986 4249 2052 1840 7262 5023 2837 3150 2204 4122 1713 900 
278 5381 9463 8040 1997 665 8831 2751 4397 1842 7615 7853 4754 7973 2666 5266 5924 2878 7953 
279 9979 1883 2079 2711 9633 3193 3062 6793 8974 279 7521 1351 1632 7031 5177 3240 7739 3238 
280 8559 3005 5025 5712 3807 6580 2673 1937 3901 6156 9950 6386 8819 2596 8986 7976 7012 1131 4922 5735 5760 
281 6321 8860 9498 243 1444 8946 5414 6761 7813 
282 3743 6199 5710 697 9640 7690 2600 2180 633 1331 6082 1660 2397 355 6591 8076 5264 9690 2287 
283 9581 1170 9459 9741 7760 
284 1269 7086 4291 6078 2979 4278 4775 1051 9192 1844 632 
285 6039 751 2179 4426 3645 1781 1229 2871 7979 7756 3922 1043 2238 
286 8520 8715 4826 5303 2741 9127 5557 8869 2906 4113 1679 7949 2037 6820 1034 5705 1894 2830 3522 
287 3457 892 493 69 1 1587 8806 5400 7103 1930 897 9229 4651 103 1964 8495 1696 347 651 5410 9608 
288 8728 9996 3403 7312 3616 5650 1349 4344 7113 5123 3859 2846 9734 936 2268 1832 7505 8822 3412 8900 8139 
289 4687 2436 8338 1326 6538 8403 2404 4792 967 4236 1709 9998 7288 9894 2430 
290 3564 6123 166 873 5050 4147 275 1810 9508 1320 836 964 3927 6878 6084 9931 1173 913 5592 
291 580 8892 9680 2333 6638 2434 4256 8493 3305 8638 938 8063 2504 9083 8841 2936 5570 781 5676 2145 86 
292 6649 5213 1973 5453 9077 5074 3210 4821 5353 5389 4312 7189 3195 2615 7185 1881 7696 4077 2185 
293 61 8055 1588 4720 7884 2937 3775 9833 9346 3959 605 140 1658 818 
294 4788 5480 509 5000 3713 3911 7044 7281 
295 5161 1489 6245 9002 146 552 8094 3904 8956 5001 1875 1464 2722 5122 6459 9091 8738 4831 6347 2199 3431 6723 2746 8195 4531 
296 6456 4084 318 2059 4713 4331 9963 4105 2164 4111 5163 5582 5139 4626 9318 4252 2347 8276 7568 
297 8179 8370 439 164 8306 6684 2772 3059 1205 9206 4484 5659 
298 6952 8158 2690 951 6825 4664 3896 4031 2612 8562 319 9240 5073 2341 5587 3968 539 160 570 1659 2361 7814 
299 7877 4208 8351 7196 4372 1509 9186 2769 7782 2873 6500 925 8658 7681 5248 4277 
300 7799 2791 9559 6634 3119 6805 1412 711 8644 7794 9074 215 7490 9006 6234 909 4459 8569 855 8047 
301 489 9046 2915 8915 846 9419 6809 4027 4747 9771 4901 
302 9207 3655 1177 8146 5756 1474 1817 3902 5130 6434 
303 8184 4544 4907 7145 1638 6253 2694 153 2396 4963 1990 6661 6976 932 7946 8089 8211 
304 8420 2233 8967 5033 3525 124 1706 2604 910 
305 8675 8227 9248 7071 2672 625 1426 8411 6073 
306 6424 2742 2783 5054 5291 4555 1181 7988 6932 6562 8125 6406 6810 256 8532 3511 2389 9895 4402 5814 8797 7215 
307 5245 4761 3539 3070 593 2310 3762 1602 
308 6160 2928 9543 9769 7337 6244 4326 8981 4944 8103 4802 5559 7091 5919 471 5775 9808 7888 7611 8594 
309 7468 514 1450 7025 
310 1866 2642 3022 3818 8167 6491 9264 408 6696 3201 6679 5195 3337 6166 5454 2888 5077 
311 3692 5746 7927 9926 7444 9496 7462 1767 6629 3473 322 139 2655 8839 7126 7705 4759 
312 8578 9130 9701 8746 9001 2042 5340 5191 2364 6014 6400 4612 5144 9891 9454 
313 9121 2291 3847 887 3832 5805 1906 7378 6354 4401 5362 
314 1993 8458 5920 4035 1263 5579 7513 5903 
315 3239 2297 7209 8033 5462 3285 2808 5083 3808 8107 8676 8417 6624 4676 6933 5150 
316 9901 1651 9890 1963 3112 3993 494 1098 7715 1008 1393 6391 9826 7021 8264 7313 6175 7844 8124 7035 4018 
317 7911 1852 2605 4020 8575 9751 5082 9062 6476 5550 3751 7006 151 4044 4845 6204 7820 3336 2257 3019 3020 2908 
318 9411 5808 8323 8536 2261 6261 4990 6716 3829 2921 8099 1656 5154 9029 4919 2700 441 8907 5010 8611 6445 9387 
319 1563 4656 7197 3731 4561 2909 7689 5664 589 3577 4650 2029 9794 7833 6533 
320 4882 7156 1635 6951 9735 9209 7256 709 254 5070 1159 
321 5902 3546 1630 7346 5799 5451 9849 4722 6726 7132 8166 7944 6707 8442 9914 
322 7229 1421 5779 6182 8882 8597 5374 2260 4895 4046 3710 9474 6452 8933 5484 8336 220 207 573 3633 
323 4066 3579 7406 825 2338 2799 225 2044 9263 2290 3499 4068 6722 9085 8475 6325 8221 6351 7157 6872 8371 8363 
324 6965 8739 8521 6000 1627 8504 5838 1738 294 7453 6240 3452 3125 9719 1645 325 
325 610 5615 4164 7465 9947 1723 2181 7692 2480 458 9054 9687 3308 9407 283 6226 7932 3344 1526 9921 
326 7318 7455 7104 332 3740 4485 4477 2810 2095 4857 4784 9810 8963 5004 9403 4468 6860 4448 1153 1213 3172 
327 2429 2589 1208 643 1981 1012 3341 
328 6633 7471 3024 5516 8856 3051 559 7777 8300 8018 9031 8237 9968 6064 5651 1850 6798 9295 4678 4298 3886 1731 4296 
329 2278 190 608 435 3840 5371 8500 614 2308 9664 9745 1507 6291 
330 2774 7585 2973 9562 7710 5751 7548 2930 5457 5861 5356 8316 3476 384 678 7497 7063 3419 2620 
331 9020 1637 9851 9813 409 8088 4211 5607 3355 653 9443 1225 4424 
332 2418 3165 7798 6928 7706 7771 466 5683 5731 9334 
333 9291 7325 9028 9086 3481 2127 9599 390 6433 
334 9626 6662 2335 6338 2216 4587 7284 7370 4518 8593 8250 9244 4419 6759 5423 4324 5434 
335 9187 5227 3989 5777 7567 9512 9171 1565 8272 1257 6393 8072 2125 8692 684 4102 226 504 410 5536 
336 8509 400 6879 1256 4892 8926 680 4212 7583 1068 6545 4719 7596 7518 5515 9555 1958 
337 4586 1869 4482 4028 7092 6989 5279 4819 1429 4832 5094 9583 1296 4578 5175 2733 5346 4926 7268 7219 
338 4644 7442 2924 7275 1752 7940 6730 2844 7018 6600 8461 5974 2353 1288 3218 
339 2327 699 6765 2112 531 7282 5087 636 3905 6443 953 4248 543 7062 5512 333 8234 4222 3769 5884 8036 5095 3533 
340 4098 3651 2782 640 1977 9429 159 4006 2607 361 1749 1673 1950 75 8964 9336 3665 
341 7227 4858 731 3178 9531 1360 7300 8923 
342 6694 2026 9382 596 6729 9392 4441 8798 7614 6223 7809 4925 9703 2770 
343 219 7129 4635 3083 417 476 4564 1321 9501 3302 7261 2671 749 
344 2176 2173 9384 8729 4438 5392 8364 1301 
345 1815 5858 9252 3099 7164 9758 1501 4620 2445 
346 3008 2657 802 8348 5428 9972 5238 843 4638 8244 2882 4009 2532 5877 9518 6837 7625 4504 3698 421 2090 
347 5222 7575 5310 112 6262 8129 5019 227 7400 7238 9802 3109 4193 8238 
348 8271 7224 6186 3583 8191 6719 1864 106 3086 4701 2757 7449 9522 4923 1798 8802 9648 144 
349 9670 3160 3866 2440 656 2754 3435 9232 4433 1198 793 4669 7090 4067 5421 5747 6791 1385 3322 3571 
350 2944 3490 1319 8312 6581 3484 7974 8828 3171 9308 5354 8100 8503 
351 6361 7435 7117 8382 95 1729 6119 8642 3530 3646 1799 7712 6619 5042 8775 5072 5979 
352 3321 7387 7106 1901 8971 3497 7992 1380 1837 
353 3647 2817 7205 4988 8811 6823 7124 2030 8966 1238 2182 5836 3378 
354 8564 1874 7785 1299 1197 1960 880 3894 2546 6612 6249 1155 8455 7348 7950 1254 
355 7716 7746 4997 5002 184 6086 6568 5549 5960 5896 
356 113 9595 200 2717 6216 189 1947 4453 2154 889 2344 7177 4915 9730 2334 2487 8625 443 
357 6913 1697 7662 3338 4045 7812 4491 5998 8494 6883 1907 2945 5929 4660 8476 3074 5110 9399 4600 2764 8980 
358 6607 3188 4115 3370 4318 9923 7342 5809 2192 8760 3079 5247 5385 5529 5258 5524 2974 7029 526 265 5596 
359 3168 9406 3910 975 6645 7994 595 9836 9641 7873 4159 7900 4654 7865 4893 689 9490 9880 1743 3353 2003 8202 479 6032 2457 
360 2313 1447 5359 3786 2399 977 9100 5576 4089 5514 799 9881 6864 5268 5786 261 6530 4176 5492 2987 3287 8861 3781 
361 1724 7810 8792 2036 572 1613 444 3657 4247 4293 8857 133 3714 1075 3413 6027 6666 3383 8405 2223 5399 4886 8654 
362 5402 8932 965 7255 3972 6398 9710 8030 2578 4798 2556 8664 9303 3757 6806 4718 5470 3841 42 5645 6691 4837 5912 5048 302 
363 6900 658 9011 6903 1222 6537 6570 1246 3561 5274 5739 5059 
364 2507 8021 1267 2212 524 3573 7560 5943 5401 1704 3189 3914 4741 
365 5343 9191 1276 7874 7277 7253 4366 2790 3694 5725 5092 7972 5149 
366 3667 3148 3424 5214 1240 4782 1913 9033 3482 2275 1480 7817 342 7926 912 9110 238 6604 9423 5288 7767 2625 8897 
367 554 8630 1689 7430 7172 1460 7232 5628 3729 862 4647 2911 5936 4671 2488 7008 
368 7088 7451 8448 7579 2171 115 7822 9823 4406 4499 6231 515 9863 9181 5128 5118 3324 2170 
369 8587 696 5698 6265 9702 5584 9546 3181 3675 7805 7770 1330 8662 4550 3436 7842 9919 356 8197 7388 5277 6310 5989 7559 8572 
370 6418 5875 3603 9804 3433 9364 9952 6850 7680 2439 6779 4075 2990 4535 1786 1618 9883 5726 6489 3488 8910 
371 9698 8557 6053 7876 35 9527 3940 7066 9288 7764 9980 6681 4685 3661 740 5061 733 5396 3917 2579 6330 9875 4310 3857 
372 8698 1407 6851 4665 9575 7174 2771 8652 546 1943 8505 5700 9324 9361 2116 1818 2719 3376 8196 5618 2318 6685 4446 
373 6780 477 661 7102 8772 7208 881 993 8263 883 3314 6345 7920 9659 1747 3323 2486 
374 6767 2838 7347 9981 9611 7542 2417 9155 8400 7781 9943 9431 3246 299 6693 8463 
375 6044 3891 9636 6739 6034 6313 674 4347 3946 3044 1924 5670 2438 683 1395 7570 4407 171 1035 8709 1732 6768 6311 
376 4056 3596 2143 6125 3114 6814 380 6657 2867 3085 3673 5188 7341 8646 1555 
377 2531 3826 8462 7666 6220 7628 4007 2852 9604 6971 867 833 9420 1871 255 1814 9727 7099 4082 9059 960 2070 1191 
378 3410 3990 47 511 6526 1745 990 6331 6757 7078 890 8293 2051 5016 6846 3503 6626 2475 6792 6573 9499 2508 
379 5881 3197 6206 4011 4552 9150 1307 5420 3982 4572 2202 7059 1064 
380 1879 2198 7683 3047 2660 8345 9332 9999 
381 8086 328 4421 6128 7685 9610 5690 1441 4400 5426 5465 1979 3845 1736 6542 2991 8927 8172 5707 8066 8942 1356 
382 8189 8566 6836 8823 7698 1667 9037 8523 9234 2884 2115 4498 4939 3075 2375 4533 8291 8169 8010 7969 7480 5190 9257 6534 
383 2828 902 9805 3602 9620 4806 2551 8151 7555 396 7564 7334 7898 670 5992 958 4000 4974 5165 4118 270 4416 7039 5476 
384 1794 5189 4673 9314 8298 2187 4213 2966 8820 5256 4394 3593 2205 5475 2739 2027 1080 9854 5348 
385 7849 5727 3329 1955 4228 2577 8421 4593 2706 6902 7176 9106 9790 4916 67 5032 8299 7385 5980 2427 9271 4303 3041 
386 394 2296 1090 730 9483 9377 
387 6269 945 3779 7554 3885 4101 3493 3117 5914 5879 4470 5804 9366 6790 9786 6555 5918 8818 3275 5599 
388 6843 7993 9282 6430 8110 156 6098 3394 4921 2670 6423 174 3956 9317 
389 5027 5971 9320 5307 8791 127 1023 7749 7914 9348 6509 2868 3889 9922 2210 2880 
390 7709 4706 6410 2881 6601 6336 7642 691 6659 2315 4824 8004 7626 1982 7461 9755 4341 3558 8908 9956 9277 
391 7188 1784 2975 3512 9795 5135 6380 6698 8485 5684 2246 6451 561 2175 8199 3091 8677 1928 869 5563 
392 1332 5948 4112 6420 3594 3636 9647 5679 7501 4340 2478 5157 3526 4598 6419 6153 4445 
393 4475 7319 3411 7668 4450 1169 6593 5021 3765 6839 1424 7363 6043 4188 4681 1373 5595 7304 747 8275 2606 2862 
394 7064 1512 364 3785 7672 6682 2197 3158 416 411 7983 6853 
395 8213 6745 849 5100 8058 5099 2548 9934 7755 894 3962 3142 9293 1049 8633 6302 1084 
396 6912 5012 2969 4853 1392 7594 8064 11 3300 3331 2354 5270 4192 6760 9067 6717 
397 8787 726 565 3199 7211 8615 7278 3746 9272 4871 3505 4301 4614 2628 8429 
398 3697 6849 3396 9925 9228 6312 3824 44 
399 4536 3049 2512 1640 6021 6141 7534 6579 7903 987 2104 2713 9879 4198 6714 985 2816 1107 6934 7204 108 4374 
400 6656 6189 3951 2780 956 5888 8128 7901 8412 9249 2229 5722 9688 654 8634 8333 7343 4662 
