1 2822 1377 1531 2940 273 3992 7180 6049 8488 4229 6715 9526 2857 3121 8446 3585 8630 9252 131 3799 6850 7129 3621 657 6122 4816 4121 3438 6832 3406 3072 2786 
2 2921 1387 702 7191 3380 6985 8831 9107 7931 7847 5412 1321 7043 3753 4819 6760 6087 1230 4102 9369 9450 4360 1361 7174 869 6441 
3 7136 2202 544 3268 2768 1689 3651 6971 6296 3228 5818 6213 7623 95 3512 354 7133 4649 9000 9574 8998 4409 7714 2393 1474 3041 2041 7470 6598 3595 
4 3117 5336 288 1080 4126 3225 107 9949 9634 5309 3798 4218 623 2475 3639 6466 5841 19 3097 8102 6241 7520 8110 8953 5591 7270 7996 6588 
5 835 3104 9913 3260 3612 9462 43 2179 9254 1256 1889 1389 858 1029 8560 9325 7733 6476 6685 7797 1077 1041 1481 18 2964 2248 6783 9164 7371 9188 277 2254 
6 7833 1038 2 9033 7790 7149 7110 383 1797 1233 7785 3795 8142 3463 7212 5287 3231 1565 3967 9541 8354 7567 754 6761 5559 8487 5002 
7 8450 4246 5213 9933 5483 3367 5610 6522 8848 4630 8025 6531 6914 2808 2539 986 9010 6208 2949 7273 7563 3738 3593 6465 8672 5491 6633 3188 
8 2603 9054 9257 6890 6402 5574 4942 9477 3604 4190 7875 2120 6386 2903 9299 6998 3740 7570 2272 8817 6067 1072 2784 1108 3459 9912 624 8268 3386 
9 2139 8177 8026 7890 952 3238 7607 9183 8036 2843 5856 2651 2426 2977 7962 9390 3129 904 1338 6199 945 9132 6455 6909 2667 9642 8784 9995 1508 
10 9670 8669 8152 1860 9384 3845 62 4722 9439 794 8700 1096 5036 1215 7701 9008 984 9560 9405 9017 1803 4234 3294 4267 5009 2866 1010 5216 2611 
11 1959 7382 5967 4458 9669 1659 1674 5170 2161 110 4774 2124 6721 8675 5104 3961 2445 4035 6853 3052 9275 5452 2294 1786 1798 2487 4881 
12 1785 476 5156 4219 1053 7715 2129 4874 6084 878 1182 2720 4410 8761 3886 7218 2133 535 3789 3307 459 3081 8567 1119 575 4257 6737 5240 
13 2635 9561 5069 2263 3291 2053 4673 9939 7390 3742 7531 5018 1459 3393 7310 2945 4085 8186 9016 2628 9472 2434 2976 7050 7029 9767 1928 2504 
14 6933 5097 7569 26 4151 1961 320 8263 9854 5119 9368 545 8231 8925 5820 7893 1439 1195 2270 7762 9026 3358 8606 9934 9452 7854 6172 
15 5260 5535 5934 4327 8530 4817 2391 3830 4247 7765 4124 4990 2878 2354 4943 3067 7834 5246 9401 6372 707 1251 8719 4265 5728 4020 4890 9544 8395 
16 493 5608 4238 9787 5298 791 7526 7927 5133 6033 798 9739 680 8901 9893 1190 1273 151 7892 7139 714 5536 9161 7555 
17 333 7205 4765 7752 4910 1985 2167 8958 6854 9149 4898 5983 8755 2944 3441 7725 8190 8028 3088 4499 6219 3032 9569 7360 7289 2567 6762 5779 6121 
18 2098 3505 5553 7279 4009 9773 5058 4273 8249 2707 8912 5530 9127 1880 924 9672 1392 3458 5484 5628 7428 3263 1987 3200 2597 4705 2398 8081 9071 9163 8311 
19 6261 7047 6265 2005 9352 9754 5883 7299 5850 3182 437 5900 8944 4431 6354 2316 1661 4080 4538 9653 7684 6875 7211 8635 4155 9878 9863 5780 9444 9558 
20 2734 5325 4166 3575 3331 1588 7259 8754 7065 3715 2286 9089 5137 9043 8597 9169 6487 6964 8705 5203 7562 9631 5575 4746 749 9748 1503 3143 
21 6599 8644 3119 1330 460 8277 1300 3019 499 5496 7503 8967 6429 3269 7557 669 8764 1645 2592 1379 9271 3270 4810 9819 5615 9476 3057 8290 9410 1177 
22 3060 6610 9236 3417 908 7944 9533 8581 8004 7135 1228 5249 3251 5716 8031 7514 884 8643 6984 2461 9486 8084 5110 2308 9927 5844 2829 6587 7756 
23 2446 2996 9957 726 7638 5461 6995 6242 5351 1222 8463 9436 4792 3506 3146 3721 6915 9381 3672 1763 5043 847 1334 7092 7895 5702 1404 587 451 1323 1235 7641 
24 2234 3025 8434 5564 6092 1241 6753 2346 1593 2334 1888 789 363 2260 2900 6829 6399 6483 6743 5594 7210 759 4972 4528 5922 8739 6769 2046 8935 9080 7631 9768 
25 2922 994 9117 7120 4386 3186 8410 4048 8840 9067 868 3434 3356 9135 6741 5214 9011 2111 1 5692 4763 5630 3000 136 3725 9879 4624 5016 7463 7789 9349 503 5638 
26 2772 8835 7183 6889 4186 1257 5671 8791 1121 5366 1158 822 3131 9081 99 9197 7803 2806 7879 7634 1617 4427 3655 2812 6136 5747 4674 4502 7907 
27 8033 3877 1712 6655 9286 1562 7201 8577 2415 9126 6609 8047 9618 2811 1853 7069 1403 7040 875 7067 2880 3561 3712 7644 5725 6153 6821 3202 5551 7063 
28 8103 750 4751 2037 9629 3731 3644 5274 5822 3398 3743 384 7560 6508 7130 7587 369 5531 9567 9345 9195 364 6089 963 3208 843 8228 5361 
29 4172 3179 3534 1590 7707 8693 8711 8454 9848 1310 7614 6856 9247 7007 909 8601 1054 3605 4838 7808 2929 1252 154 1534 5319 5341 6053 8409 6542 7899 
30 5634 8654 4067 5460 6255 5744 2591 2499 4004 1971 4544 9187 6375 6451 9507 2043 4493 2639 6555 3223 2575 1997 1728 7991 1629 3381 9882 2678 6491 
31 6428 7313 7297 7871 4535 3177 5229 1093 8569 8876 5514 2178 5290 9365 7112 4477 4109 645 9509 8107 7479 4508 4173 1633 3141 7094 1464 2556 3071 6090 
32 7245 9037 429 2195 5990 5022 3625 1821 3887 5055 9720 7863 8939 3700 9609 6453 1156 4261 9005 4663 118 3994 2065 5261 573 1150 4963 1911 
33 45 8561 1204 9635 3172 3405 8462 2136 7693 431 8131 7906 2656 7740 9091 4139 2798 4103 2521 8300 5697 2073 5363 1500 4993 8520 8708 4841 1559 6730 
34 8854 8440 2916 8820 2775 8865 4550 425 2183 1688 9502 4379 4382 922 4167 3927 8519 3325 591 6549 4198 1859 3447 3841 1237 6503 7951 8402 9307 
35 2368 4501 4796 4214 1024 6556 236 2637 2744 8001 7916 7401 7811 1436 1870 5230 6540 1977 2070 4399 9199 6031 8275 7602 5809 4947 637 655 8618 
36 9475 5524 8568 1768 7516 1059 4248 2154 7117 7405 1532 3608 686 5024 4423 1451 3495 1927 4610 4836 5733 4886 6458 7034 6903 7440 4228 2523 3970 3080 2423 
37 3042 6200 1066 2906 1923 4730 3420 5975 7291 7108 1034 8807 1068 1840 5958 4738 4719 5444 8656 5626 728 6517 7799 4721 3157 9765 8151 6656 1864 2507 
38 5266 1925 2000 144 2570 60 4629 4553 6703 8620 7392 987 4782 2825 3923 1774 5202 4676 8401 5825 8367 5572 6004 3843 3861 1583 4105 6303 3901 6546 6091 
39 6440 1817 4754 7011 8327 5051 489 5079 2541 2961 4388 4241 584 8352 4862 6624 4623 6050 9266 9239 579 1529 9978 8522 5870 3816 8514 4690 
40 3039 5955 4068 6973 2126 4694 2064 8483 8224 9087 7525 9216 7001 7586 3389 2130 5174 6387 6789 7504 9638 2529 8633 7972 1227 7729 3957 6133 5453 
41 6613 6720 5908 4239 7442 4587 2840 5596 689 7037 6590 223 9694 9177 7778 507 241 2164 1823 1901 9333 2865 8510 8032 9710 8305 3349 8132 4594 
42 2440 6671 4481 7724 6922 6779 7872 5105 3865 257 6287 907 5993 1308 169 5880 3046 6839 4731 458 4968 7480 5996 251 1705 1522 9770 
43 6198 3288 4766 3316 3844 4677 2106 5784 2679 8904 3637 644 9311 5962 5191 6078 4164 5672 3414 1729 8785 5814 6679 4038 4459 7107 2357 5618 9724 
44 1434 7613 810 4937 2506 443 941 4117 1132 8689 9689 4658 7118 1249 9668 2245 2660 2941 7098 6333 329 3689 2079 9557 892 9041 6028 5621 7471 
45 1179 482 1125 8080 1983 2399 6459 2394 1238 4454 3215 6708 881 6582 5198 2369 9430 9794 4496 2663 1702 2172 725 6848 3257 9977 7154 7791 2105 7435 2532 2587 9895 
46 156 9696 23 8927 3519 4 3 879 4053 4183 93 3934 4174 8760 7753 9051 4161 8787 2206 4051 3184 9901 7372 2934 3542 4584 5569 8986 8548 7774 
47 6812 2793 1924 5115 2396 6444 7728 2710 6747 1219 6690 8907 4985 8963 1856 278 8982 5573 1624 4920 9318 3848 1281 5711 47 4135 2901 8909 
48 1711 6245 1197 3671 1131 5916 7960 793 5068 3986 7672 6085 4601 6026 8610 2888 2972 2690 8674 4982 9402 9514 3369 9900 1288 8412 1185 
49 1134 6770 2169 6313 1521 4358 3158 4736 5687 4064 2412 8591 2730 5718 3616 9483 379 2407 7103 7070 1008 4709 5663 9608 4681 8749 3120 1001 7207 
50 5876 957 1437 6151 9732 1325 3323 9625 1055 9795 3430 4679 4293 9750 6192 4226 7556 9469 4596 9473 8380 8474 3224 7604 5471 6094 7654 960 
51 1566 8607 8128 1805 1275 3954 593 3881 6427 9485 2313 3500 1269 3791 2946 4430 430 7493 6282 418 386 5989 6417 8379 9028 1362 3613 8690 4571 5344 5280 4915 
52 2758 9136 9251 2640 5456 5783 8756 964 8000 9499 4483 2009 3494 5428 5833 7058 6837 1376 2022 1078 8789 1479 7616 9894 769 8187 3918 8964 7162 
53 5959 9031 9202 8906 4933 3242 4950 8828 1883 2924 7076 527 4425 3806 7692 6380 2568 595 8444 1159 9722 5776 3998 2054 6823 8696 
54 9151 7566 128 1835 5151 8266 5637 7356 3167 7190 7345 8604 6143 9959 30 9122 1828 8396 5463 6285 7565 6290 464 3457 4556 5674 
55 5604 7708 4957 2746 8281 1004 2410 5071 3670 322 4749 1771 8882 2219 9587 2598 913 1274 8326 3352 9633 8792 2530 9478 
56 9861 3972 2228 9139 9856 4231 6979 3086 886 7400 4136 2818 4713 4317 2283 5187 2200 3007 3217 5414 8430 6355 2336 857 7332 8559 448 950 1690 6051 
57 4467 3562 3533 3051 2140 8439 9165 4795 6309 1777 2832 4527 4201 3955 8558 6684 4813 1094 4373 1122 7932 1213 3255 6349 315 1527 3800 4619 2881 8774 4871 7577 
58 9832 2847 7251 9966 5826 375 6566 1368 2403 2280 5791 3819 5048 1530 2278 6628 4305 6132 7198 1107 6501 661 1576 2571 9463 8062 6173 3399 
59 9738 3075 7343 4996 5516 504 7891 1326 9690 6651 9434 6414 66 6807 3293 9511 5335 7814 3691 614 8811 4297 103 8298 1946 6835 
60 8725 8383 7015 4802 6374 931 7203 319 9310 9425 2176 5238 1825 4906 8435 6406 9996 3897 6512 4404 1733 3140 3338 9605 3374 8393 6325 3168 3404 2296 4644 
61 7080 1060 1036 2469 4249 6464 8201 106 3018 525 1622 4153 6674 1371 609 6253 8762 2287 9674 1480 6949 8397 3966 1843 7252 8045 3946 9423 6810 7260 
62 3883 4433 9408 6822 5901 184 4465 5183 6364 7122 3314 2092 7696 9453 9598 297 3596 6120 6054 2641 2210 2340 6797 7858 3906 3868 3570 
63 2150 9194 6754 6113 6016 147 7369 4521 2722 8358 1435 4914 9792 8550 7196 5631 9316 6270 7420 988 4176 1686 1958 41 2349 4605 
64 691 3169 7421 1152 6746 7598 4341 9835 9857 2020 709 5306 1885 1894 9810 649 7943 7507 3624 2729 3098 3663 8351 
65 7318 804 3452 6970 6237 215 9825 5619 9186 8627 9818 1000 4002 8639 157 5378 2695 8757 6967 7685 2764 3165 9364 3910 2927 7106 2123 6264 6511 
66 3516 8971 9304 2965 8250 4313 9936 9990 5769 9548 359 428 5752 1114 5239 8116 7093 3976 5338 1605 1162 3066 1209 1967 5513 5208 
67 5455 3632 5077 2755 9752 4887 8970 2232 6236 6329 3362 3407 8855 4090 3026 5758 9683 8269 9985 4142 8030 3002 8818 9924 6159 5481 5410 6576 
68 7678 27 3579 3582 2633 4192 5052 5177 7993 6584 7580 1643 3982 781 2984 3723 9040 1950 1450 9230 797 5011 8576 9766 6012 8270 5227 3082 
69 389 7720 5914 170 421 9678 5796 6395 7142 4055 2055 8505 1742 1056 2973 9763 7233 4883 9262 4742 9532 5902 4426 8535 9947 3074 9404 
70 6130 6668 8983 1148 2860 2049 6304 4089 2175 6630 1290 2076 2465 1621 9326 8498 4570 762 801 4861 2277 765 4729 4210 1877 7810 9113 8589 3048 
71 8980 7397 4607 7430 606 5506 8398 1692 6574 4344 7072 838 6338 1225 7832 4987 853 8881 8411 9813 1305 5398 6332 8180 3116 
72 2995 2648 4757 3620 5436 6099 9133 2132 7472 7776 6585 3094 2645 3684 1886 444 2131 8496 9102 6101 5571 2709 9244 6755 4923 537 
73 9058 9764 6765 6284 605 5499 3348 530 6824 2028 9839 2255 9222 5379 9400 5013 5385 4016 9746 8405 6840 6040 8846 1071 5029 9741 
74 9053 9443 5197 6959 6623 1421 6278 6816 8718 1167 5862 8238 8499 5998 7157 628 6692 6048 6621 5493 5186 4023 4439 9137 7302 3521 2109 7551 1181 8744 1766 
75 187 2191 8125 4091 7648 291 9590 6676 9675 7304 7816 9862 9249 109 603 3175 4424 5648 505 9779 6589 4154 4620 5316 2383 7119 7518 9320 9474 4962 2630 
76 7643 4632 9224 5829 9980 2279 6128 7278 8005 3304 1104 3055 2121 1418 6757 1535 1169 9487 7632 4770 1696 8065 3947 4222 3717 8776 2371 5921 
77 3190 8472 5583 2512 2769 4710 706 4309 5639 2039 332 7355 5411 7346 2237 4756 7438 2702 776 2240 5243 5599 651 6041 5960 9015 
78 3183 1492 7395 7331 3898 1913 2439 209 5253 5045 642 92 8378 5565 7626 4475 4618 2127 3924 2162 4505 6222 9698 2345 6269 2267 7947 4901 
79 4904 3693 667 2767 2841 768 939 6393 252 1259 3794 5000 9309 7953 7126 2821 1161 5236 6527 179 8098 1722 4013 2025 4042 3734 2306 1739 124 
80 3425 9791 5632 7650 171 9803 8111 1904 7317 1895 8603 2078 4019 2397 865 9458 4829 2060 815 4328 2484 9337 4022 9691 8902 1834 5231 5859 5877 9827 
81 2717 8246 256 5668 8615 792 365 6744 1759 4031 3262 2763 636 6137 2171 3096 6594 6079 1502 7373 6934 4849 8126 2405 3909 6798 5953 3818 
82 7849 3210 6093 2876 540 3623 6322 2295 1344 9044 8493 373 54 2826 2314 1314 1063 1567 9103 8171 6958 4670 4245 6592 8716 3996 455 4479 9916 5178 
83 6885 9498 928 1964 9549 8050 5163 1839 871 7305 8878 3284 3382 6418 7013 8276 4780 2665 6662 186 8192 9170 2275 5712 1954 8465 
84 9822 2381 3128 5881 2186 2701 8957 5396 6186 4638 8889 5768 6352 1103 6438 6940 180 5103 4899 4029 6489 6260 4877 1634 4461 2016 
85 6340 352 2604 1614 7485 682 134 1433 8680 7407 4657 5661 4215 7702 5978 8867 650 3773 562 1438 317 8632 3687 9542 8272 7852 6955 511 
86 6430 3832 5756 4807 2777 8324 5940 6348 8834 4692 2281 974 2122 4667 3981 7344 5943 7700 5541 5212 2726 2742 7933 4979 8555 8782 5054 5823 
87 7851 4392 1205 6925 3680 8798 1485 619 3277 8691 7739 8175 64 6526 2208 9226 7920 1953 6858 6499 7544 4913 5915 2661 
88 3448 8948 5134 9621 4175 393 0 1127 7671 8013 6183 8106 5974 3568 8621 6439 6768 9480 1043 672 7904 6420 7857 948 7281 426 8011 9645 7936 
89 6056 625 1035 736 6410 1236 308 1411 6675 1118 1852 4941 6310 2967 2372 112 7881 599 9644 9234 6243 8521 4449 3478 6022 5633 7843 1399 5204 
90 8172 6154 5206 6030 6869 1430 2429 3871 8812 4079 8258 8623 8824 9833 805 557 7265 6220 2108 3359 905 1084 6019 9176 2978 640 2819 8516 390 4512 6480 2149 
91 5371 7639 8415 3746 5520 3610 6341 2774 4545 8458 7062 5647 8296 5352 5782 6228 214 9214 2899 2490 8340 7469 9972 1869 1470 7386 9094 3059 
92 2870 4107 4057 450 8120 1855 7488 9961 1944 6162 4446 2943 8437 8536 259 2704 4146 6302 2379 9693 1463 4024 2476 7902 808 818 1765 2067 6942 3767 
93 9145 773 8492 5127 3762 1123 3318 1592 3040 8506 2937 7784 2799 5533 8661 7682 367 2951 8843 4609 4451 5923 7497 1155 3022 1731 9025 5650 2400 1697 5392 
94 2223 90 2554 3914 7579 1907 2519 3205 901 925 413 4504 4316 9158 1046 8051 9999 2246 5034 5620 284 5140 4366 8736 2703 3467 7568 
95 2584 9960 3492 2365 2599 9627 4323 9986 7483 8123 5508 3507 5579 8255 604 3971 6045 9088 4220 9313 1501 9205 7287 9713 1393 8416 8978 447 
96 5254 7179 9104 1756 9719 8368 4377 1193 1039 5781 9704 8989 9367 6706 5731 1088 8321 1591 4606 2196 1018 1878 2885 2448 9687 6974 9510 
97 4114 6497 4259 7219 1250 1283 9864 2613 5763 4856 8089 2643 5438 5450 9547 1616 8133 5131 9783 5563 9206 7687 4039 9208 6573 4643 6865 
98 6975 1271 5476 2578 5307 1487 9406 743 2689 6697 2184 339 6772 7172 5590 8837 538 5617 4786 6023 9938 3980 8308 4407 8660 3101 126 7010 
99 9141 4060 1491 8875 8950 9150 238 7239 2536 6874 2274 4158 8330 2913 3839 6457 8348 9424 7515 6376 3552 5773 7350 6987 3793 7250 9433 5158 1947 7738 4683 3422 
100 6096 8961 1734 3312 3373 6912 1340 8528 7330 8369 8507 3695 6873 6968 7353 7079 3638 9807 7051 4563 1129 4850 235 396 937 9786 9969 
101 3660 9740 698 4122 3064 2430 4096 7777 74 3774 7950 6849 1933 5854 2342 9119 6861 5419 6759 7732 3788 3933 1658 3154 6534 860 3030 8819 7527 
102 4891 8502 3782 8431 6032 2236 3079 4809 6553 230 1986 1460 8752 6450 8355 4113 2432 4054 7027 8856 1455 4912 3498 1685 2261 990 2915 5562 4964 
103 7320 4474 7929 6150 8765 3479 674 9339 8593 9500 1329 6456 567 9845 2010 7033 3650 4094 3549 7550 1755 5735 9167 3450 1316 5032 5432 7422 4188 
104 2600 9166 6363 6516 4001 5912 2337 8042 5222 4844 9072 1962 3065 4471 9232 5790 2341 8217 7975 9896 4405 3969 1355 6144 7658 1112 2250 6943 3979 8583 3517 
105 295 9336 2524 432 5705 5188 4828 9851 3069 7761 4401 8335 8538 3730 4925 2204 210 4148 802 5040 7292 8233 5061 1384 8209 8853 8433 1812 4735 3305 8932 
106 9191 3265 3361 665 5534 9515 4355 3326 8423 6277 9812 6454 3849 6337 1401 9712 3301 1391 7829 7231 5986 8703 1234 9682 9903 6366 9586 3468 2810 
107 6781 3551 336 7976 8421 6634 8920 7660 9270 8652 2474 7949 6291 3137 8960 414 1640 4133 8069 6855 9348 2778 6577 1486 2902 6732 6405 
108 3636 4574 3460 9219 8046 5693 8006 1160 1354 9442 995 4223 7830 3368 3801 7053 4232 7889 9624 5708 4863 1569 1200 622 8160 2559 6356 4026 6626 6596 4087 
109 4967 5049 7380 5387 8613 9761 2057 7054 7561 6793 5757 290 70 7706 5869 4617 7184 4737 3109 500 5047 6297 469 6751 5196 7553 7492 
110 3353 3581 846 2152 7481 3707 5525 704 2868 6389 5090 2243 7195 5488 6908 7882 2315 1033 840 7573 8 9834 5449 1318 7683 8712 2329 1313 8715 5065 
111 5482 7175 4318 2253 4084 8937 8532 5278 4691 4243 2699 2852 6471 2220 7656 2256 2226 2792 3852 976 5288 6034 9357 6370 4468 3351 1762 2716 1106 5044 
112 3187 2698 548 4650 9076 8701 513 8349 3654 1020 4857 9575 2355 8345 2551 5767 9283 1536 4118 9085 5891 2366 142 5381 737 9535 8585 7841 2406 
113 4611 8121 2874 2244 9899 3851 2838 7751 6750 7876 5951 3454 5852 782 7114 9595 9419 4648 1710 5179 9578 269 9539 7524 4615 6704 7002 7066 5033 
114 2849 1512 4088 5237 4436 7769 7842 6686 5911 2320 9332 2416 125 8341 7385 8480 646 5853 5893 162 2875 4613 8542 1266 12 7261 8236 9968 3913 233 2107 
115 820 2766 9747 3149 1558 2218 6710 3541 8460 4641 2457 594 6862 911 8332 3941 3786 6991 1346 1780 9867 4357 1180 2222 7389 8706 3045 8658 371 2134 8694 
116 9581 1846 4507 3126 2352 9665 2242 5760 6606 7939 9497 7242 1146 2869 8497 4847 8984 454 1775 2579 8556 7517 3653 8353 6680 6301 
117 8598 377 9361 8841 4050 5360 6652 2601 8289 5509 8191 7404 7005 5540 4845 222 2447 8420 7783 4208 5710 9950 1347 1115 4872 9829 2809 2217 
118 719 1788 5492 5377 1520 1390 15 164 2158 4110 360 2062 7237 5800 1830 5646 903 3820 4534 3248 5139 3768 8280 1966 3838 8241 3959 5609 1727 9192 
119 7138 5703 8468 9584 69 8751 4250 610 8673 9289 6666 4435 8815 4092 6082 9118 1353 86 4027 8702 9706 3466 5929 7454 2856 809 121 9045 9697 3006 
120 9392 6557 7946 227 61 9079 5182 9963 2622 5759 4044 8723 4958 991 1214 6780 4180 3609 3287 7500 1845 6043 4932 8449 6619 5466 5285 4353 5007 3952 
121 3016 1938 9366 5537 4455 684 1243 3821 1082 6210 3846 249 5504 2077 3400 985 7003 7325 9715 8179 7342 20 3668 3106 3375 
122 6507 1143 1956 6250 7161 6177 7176 8375 3090 3912 8588 4647 8769 4986 2671 1221 4555 6725 608 6937 1528 146 543 5225 9074 9788 4680 4422 2968 3159 3642 
123 5588 7704 3383 1809 4636 6027 956 9583 7748 8638 6412 3925 7377 4823 1934 8826 3034 8926 4800 7181 6039 4441 6131 5753 4403 8188 3948 2691 5678 1212 4300 
124 5832 3235 4170 6168 9115 1994 9238 3558 9338 4864 6357 6191 7059 2262 6809 8814 7102 8599 7591 6900 6525 7303 7600 978 6495 9152 9643 1289 
125 8141 3384 4390 7394 3278 629 9831 2531 1525 9870 3508 7009 5848 1963 8295 1537 8291 9965 885 6548 7595 1509 2088 5374 4708 4789 
126 9106 280 3665 3471 9128 9397 8663 555 1245 2027 8993 4163 3892 8813 2014 4776 7898 5899 3714 1432 5872 1716 8695 5548 3697 6217 3530 
127 3249 5771 8513 1822 1260 7679 2609 5512 3388 7450 5291 2066 7532 4855 2527 6802 5340 7314 7646 3564 6194 4537 8648 7121 7731 6496 9354 
128 681 6982 7235 2715 1124 7980 5125 9457 3156 4062 7131 6927 4376 7884 5027 1571 3571 1581 3737 3600 2317 876 5101 2731 2942 7921 8443 9204 
129 2038 6227 9992 874 9123 2212 4495 6299 6419 9658 9562 3191 1163 3416 7549 5909 9666 7159 3960 3031 5194 6834 3990 9063 4150 6916 1615 362 
130 6570 4662 5917 5207 5308 1715 4104 456 5376 9495 5168 4997 7209 648 8144 2044 3390 7276 3437 7630 755 6827 8473 8361 8357 3469 6661 1714 1943 2268 3956 6279 
131 327 8698 6578 7253 5148 3836 5682 7513 7316 1980 5578 1524 2019 8140 4434 8155 7848 3945 8662 7254 6467 1546 1378 486 6932 8539 4635 6216 
132 9351 3171 1100 3164 2920 7227 4193 2552 7039 1630 1919 8115 1936 8796 4421 3574 7217 9611 9429 1992 5656 9210 8388 8836 5864 9778 7938 212 2084 
133 701 6543 7787 1779 5258 6767 6452 1770 1730 6872 8573 5417 9455 2464 9616 999 6877 2319 4372 4806 3509 2437 5629 4412 3279 202 
134 1826 7006 8797 1442 5797 91 7869 4489 38 2148 3095 522 938 4149 6288 4653 6383 708 8243 7705 7214 2481 9343 7649 
135 3592 2785 3302 5349 9520 5126 3091 2574 1603 6515 2590 3563 4295 143 2683 274 7758 5755 2087 8997 3475 6641 1202 8763 1279 2094 6667 2059 4978 
136 7674 7855 7309 6493 627 8992 7406 6359 926 9798 5904 1724 2080 6044 5426 7499 1341 1006 6880 9377 2638 4936 3607 5042 2288 
137 5835 3076 7793 2482 7084 5102 2468 8737 380 2318 4900 6015 4665 3194 4100 8956 5664 2761 512 1469 8758 6124 7141 5458 867 5328 1443 6248 6920 2501 4518 7926 7537 4747 6575 
138 4115 9200 3702 2992 771 6470 261 4652 753 310 4511 1879 7948 3692 3535 9156 2344 3077 4626 5364 2421 607 3729 3938 4580 556 2075 5690 6614 
139 586 2517 9942 271 7744 5658 3411 8726 1917 3185 2538 3484 7928 1405 600 1482 6904 1876 2312 8119 1471 4686 3617 5025 2545 37 3237 9705 8596 3038 2518 
140 3440 1187 9213 5136 5545 5566 7528 589 2644 8873 6919 7680 8617 2935 7056 4417 5067 1736 6758 5640 1116 7 3133 7498 485 8100 3289 1345 5561 
141 1408 457 8052 5860 7719 5556 9781 7415 3315 5828 2589 9334 5477 5394 588 3822 6314 8600 757 2160 4450 6002 3274 7900 6722 2493 3334 
142 7782 7794 5984 108 3201 9382 7383 5144 7910 2409 4348 1304 5297 4440 1085 6836 2540 7888 3004 2460 7825 1478 7501 2953 3779 3958 2879 
143 4182 5941 7922 4034 5416 132 2770 8553 1306 6472 6069 2867 5442 3834 7247 8436 9877 7999 2754 7283 2696 6165 7274 8951 7987 4108 2257 480 4352 2380 9556 
144 7277 7222 3643 9930 2664 8526 4672 3678 9889 8260 6224 3488 2675 305 2251 4549 5688 8156 7582 9663 4971 1497 2694 44 616 3148 2850 6804 
145 8044 8523 9568 9592 1429 4903 5670 4194 9274 7328 2705 1467 568 4614 3594 6775 8312 8091 9859 6899 197 4061 2627 4793 824 2980 
146 3155 7545 1807 130 7109 5020 4076 996 2525 1427 7610 3606 3310 6701 1409 4955 6905 8271 967 7548 4772 3577 7601 6490 3328 870 711 
147 306 8590 3501 6474 2535 1441 9943 3777 893 5279 6763 8185 4011 3180 4438 1741 244 4159 3093 1699 8852 1254 4682 5372 8307 9138 
148 8078 6062 5195 6509 5724 9909 7840 9808 5028 8008 1303 7300 9411 6321 388 211 1903 9516 1476 8071 7594 3688 218 4702 1820 3758 2804 973 
149 8858 9038 191 6258 8282 8234 5166 4969 3647 1081 972 1585 3464 7491 9098 2485 1973 9534 370 97 8664 5715 3112 1682 7788 8941 
150 8544 9243 5529 2736 9790 9147 8093 2794 36 4885 2931 4582 8844 6010 8886 7859 9290 9852 9513 2839 6020 1945 8382 8922 5286 3588 6745 1881 8070 7806 8392 
151 3873 7574 6857 8118 1608 5949 3537 3669 1322 9619 194 3545 9728 8665 9844 8650 3525 8370 9426 4389 6394 7819 9305 2824 859 7223 5021 6014 
152 9601 2607 5846 40 4415 6844 6112 8687 4500 5597 2153 55 3010 2800 9931 9292 4033 834 8537 8800 3445 4491 9265 3572 6887 3493 6008 8631 7215 
153 3216 6729 8625 9636 2555 8108 5522 8176 7800 5875 6535 9093 6705 2502 2842 6272 1504 4970 3891 8016 8692 8580 1157 7913 1989 1031 2302 9277 1543 5950 4237 9403 1637 
154 3491 2297 2330 3339 3694 653 81 1414 9571 980 565 7925 2891 6646 1170 1517 7558 8773 5331 6232 2871 6886 9610 9523 9112 6181 7123 7153 
155 1579 1539 188 5171 3347 2748 9324 620 4140 872 1003 5600 4633 5695 3662 9998 9641 2861 433 3053 7754 7730 5215 4940 4712 647 
156 4523 8085 8207 5794 3811 1795 7327 1194 4562 6097 5192 4952 403 8775 4551 5956 5393 9946 2787 3070 5380 6709 9679 2385 2441 282 9932 
157 4119 4759 7358 9039 1398 8766 9540 3587 8874 1218 1309 5404 6368 6811 5132 9344 4258 5001 5957 2473 1970 4725 6923 114 7128 3015 6305 120 8887 
158 2586 1247 6992 8586 3259 220 6752 4185 1317 1423 5175 8159 4565 3246 585 7200 8310 1931 8331 3342 8064 6477 3023 3111 6784 9293 2969 8753 
159 9180 9446 9820 1670 9699 2526 6876 6622 1009 8322 3989 7188 2833 6996 2006 9564 5248 285 5616 3597 8508 7445 8838 4927 806 6029 7997 1367 470 
160 3831 4494 5595 5112 1926 9772 4530 7028 5084 5059 7334 7432 7989 8038 475 3978 6924 6400 7495 5858 767 29 7897 4369 6415 4698 7424 900 
161 3766 9589 9522 3951 4005 4788 5580 250 2247 8262 5384 9545 7941 8066 844 7307 2714 381 5415 7710 3365 6831 5141 3699 6631 4961 172 3062 8629 
162 1813 5467 9470 3598 5310 2752 3716 8933 4745 2983 8182 3313 9090 7935 5834 9250 2114 9024 2581 7155 398 9162 272 160 823 8363 8981 9615 4767 
163 3709 9447 8166 3476 2135 9302 8968 243 1676 9970 8943 5395 4402 8015 4213 1456 9295 9929 5920 5979 9639 8229 5624 9034 5805 491 825 7820 
164 1999 9360 3681 5669 1700 1025 8500 2797 2960 790 1206 4835 777 178 6398 9876 733 1858 6110 4464 6568 293 8622 8803 8918 7805 4347 
165 3922 5241 8850 1051 5400 5210 8320 3281 3770 4520 2188 8145 8666 9800 8475 3370 2740 2425 5816 7963 6401 5089 9536 5359 6059 9869 3872 9802 4329 
166 577 6687 7244 9454 73 6036 2433 2207 3144 7284 8294 1128 7663 5152 7171 8221 8210 3193 3327 8056 1850 9926 7263 5085 7354 3354 5667 2594 9782 9255 4361 
167 8786 3503 477 9268 7249 1373 80 87 2595 5035 3553 9651 7025 3132 693 1382 7081 8313 8199 342 2035 3523 7659 3219 3943 8218 1473 7187 4659 
168 6042 2414 9826 6699 8699 4718 6658 1932 9461 204 8677 8552 1796 8842 1145 9707 6611 3043 2299 2026 4301 6373 8676 4484 4362 2991 3936 8895 9383 7315 2994 
169 7653 5944 7496 4217 5585 1133 9456 2853 3711 8206 4375 8390 1135 4414 8029 6443 6064 6894 921 6239 5515 2211 2143 224 
170 8424 2086 68 9804 3442 3275 3103 1299 4589 5976 3330 3273 8448 9287 4748 234 1713 8972 4310 490 9749 8086 6536 1646 2987 7074 2926 717 439 6442 4037 
171 3875 3756 1896 8073 7552 7230 2966 740 3997 8292 9451 1242 5906 8859 832 1914 2326 8200 5539 7425 9432 959 9146 5019 2483 7868 4196 9563 4600 7966 9650 969 
172 526 1030 4944 8949 2036 8746 8365 8076 3532 9921 2610 1948 580 6134 4700 6884 7208 4513 5094 3413 7905 1900 8747 6828 2776 5489 5930 9481 8799 
173 1808 314 3333 8540 9263 8594 3573 9880 5401 2947 569 5770 5200 3317 4851 5443 981 2462 8333 9465 1426 4203 3739 5088 7486 4631 3988 8317 2215 3555 9784 
174 9413 1312 2557 9984 2323 1229 9745 9437 5343 2083 3364 5963 6510 4723 2508 2658 6963 1652 260 6126 7339 7461 9342 9759 5430 6266 7850 3529 9941 
175 5014 4989 8977 9130 9190 7957 2801 1302 5146 7815 1988 140 9068 6006 917 8529 5399 9920 7226 5004 1782 8647 9686 2264 4981 7319 8683 85 
176 42 5903 1410 3763 9273 8063 338 4278 9184 4938 1089 83 7873 5894 9389 96 3204 5357 9518 5099 5264 8451 5120 8018 9613 5948 788 6663 
177 1717 7186 8432 89 3462 7867 7177 1677 466 266 4040 4047 5766 855 1719 7795 5003 5060 2650 6608 9649 1827 9101 692 9517 574 3580 2497 
178 9168 4066 7329 6407 5066 6618 1898 9660 2802 3817 4892 9769 866 7681 8336 1955 1335 366 5217 1718 8247 6360 1255 1136 2480 
179 8220 4922 8227 8356 968 404 9322 3332 3033 4472 4025 5403 9593 7838 4603 8489 3344 6353 4865 8839 46 1513 8905 5719 5946 7477 677 8928 1350 2157 7364 
180 9049 6330 286 4794 5997 5896 3804 9395 7202 1849 5584 6954 6993 1507 7924 2327 5884 5123 4837 3566 8570 727 5995 6478 9576 4840 1369 4791 5851 1778 
181 3387 4303 3630 4046 4573 8178 2728 7468 6711 6263 4519 5281 954 5804 4340 303 4453 3690 3964 1902 7490 4531 7156 4699 4111 2582 697 
182 7418 2864 4773 7060 2144 9494 4642 420 1074 1557 3453 345 2759 6846 5924 3890 9626 549 1026 7657 9108 6293 6717 1015 1916 4526 8479 4131 
183 9159 8394 6640 6117 1267 7144 4030 5323 6215 9178 2547 7387 6145 8509 4761 6629 6726 4482 1216 6558 7945 9225 9065 3859 3710 9904 9330 8194 592 
184 4078 1573 3911 7020 4784 919 813 5424 3904 8641 5407 4292 7767 4383 3705 245 1272 8139 247 9875 7780 9840 2588 9881 8343 6867 5849 9971 265 4678 
185 175 4980 5938 5153 4442 9907 6221 1149 8476 9910 1319 6182 4277 9196 635 6146 4321 3473 4595 1844 7269 8252 9291 2095 1975 2119 9555 6632 
186 6423 3720 416 5815 3036 473 2435 5821 734 2030 1723 9179 7973 6895 5299 1511 5741 1910 176 2958 2471 8157 1669 6907 8165 1891 4339 4364 7021 
187 8995 8546 5334 6778 5696 5448 5224 4116 3984 9308 1680 7645 292 6941 4420 6433 6170 5252 6058 5267 6095 8136 2374 25 517 1446 9573 8470 419 
188 207 1359 1976 1745 5713 4627 2673 9350 3192 1602 6037 9760 5694 115 3028 4157 5827 3113 2492 3569 4216 137 9602 9620 6660 3355 9505 9860 5269 
189 4935 9695 3618 3410 167 7915 5176 6344 2097 9412 6814 3686 4779 318 8087 1789 8495 268 8869 935 7085 3676 9905 9069 253 9422 1991 6179 
190 9014 6319 182 6294 8885 5244 232 5433 6738 1871 8150 203 6707 741 5830 2235 2560 3853 5272 8973 6803 6605 139 5172 6273 9353 3345 4235 
191 2851 8404 6879 8286 6864 82 7147 4567 5348 883 5748 5838 4542 5350 7282 6018 1188 8148 6851 9734 5614 3824 7262 1164 7669 897 8104 3424 7923 8916 6371 5707 6627 
192 102 2803 9460 1285 3735 7603 4314 9504 7866 6312 7374 4443 5689 2893 6223 7365 2174 4233 5992 7055 88 787 3796 6776 5284 5723 
193 78 8406 8143 7416 8575 7870 3439 1620 6385 5601 7824 7958 8035 2657 2882 8614 2453 7821 9775 7182 3586 1374 1790 7125 9099 8750 9866 3021 
194 4768 6425 6482 1597 3122 9394 2917 2303 1792 8391 5292 6878 7844 3677 6953 8041 6571 658 9373 9849 5560 6532 501 1672 5418 
195 7584 816 6046 7116 784 2258 1804 5742 8541 9203 6989 7771 9007 6024 6749 6147 7779 5810 3378 9911 4333 9298 8014 1017 5665 6833 5526 9388 4685 8636 
196 9888 275 1424 1818 3950 1600 4739 7361 1174 3802 6233 7727 5347 3926 4743 48 6698 52 3432 6678 165 5722 1687 4296 4510 7192 8024 6240 6537 
197 9435 862 6935 5226 8884 795 7538 9182 8274 400 1683 7466 9780 2495 2033 2817 1726 7378 2653 1611 3973 5625 5684 4242 8742 4320 2537 2516 2668 7417 
198 2209 7606 5345 9559 6481 1042 7379 7045 7243 7983 6025 861 4598 1137 4207 2411 9676 9237 8930 6081 8359 1110 3995 4664 1937 8501 1678 4821 
199 1574 8447 8481 1772 6815 3917 8897 9078 550 5547 6171 2040 1695 1126 9 2032 6075 2292 8571 9125 7530 9945 2896 7453 1981 6074 7362 7341 
200 4189 328 9492 3953 7723 3267 745 5302 9006 313 3402 5701 5162 2632 8578 6106 1578 9144 6140 6700 7311 3823 2566 7220 6086 262 9347 6435 
201 8946 2496 1704 4769 1422 2914 8549 6262 343 174 409 5397 1493 7443 1352 713 5546 2889 5199 7578 1286 9521 4211 6109 9680 4270 9805 852 119 8805 
202 934 1568 9417 7529 8503 6756 4655 9027 33 7880 9994 6268 4533 237 7612 9359 8283 7236 9776 9530 9009 3115 8163 3977 1841 5812 6988 1607 3540 9799 694 
203 7426 1752 6595 7864 9416 158 9223 5772 1767 6795 1189 7071 5550 228 7150 1494 9421 9264 6326 6695 3761 4558 1912 6103 9667 7617 7246 5717 7559 
204 9189 6597 1751 6231 1776 970 9975 8389 9314 5121 7802 3127 3759 7363 1057 2975 4359 4668 1381 2619 752 8146 3583 8574 2565 
205 1141 4049 3878 5886 4717 9817 1515 8564 8911 1810 5293 472 7036 560 5106 5847 3321 213 4727 6494 7433 8457 1922 7169 50 5300 5521 7970 7726 6189 9109 
206 6229 7096 9075 502 8273 2024 5683 8442 2470 2061 2955 5964 9490 5015 5072 1832 2419 812 2045 463 4781 5145 821 5764 5795 2616 7697 8096 
207 3153 4808 5751 8053 837 2058 7296 6218 4306 5322 168 1002 8899 6486 8279 8490 8688 6384 6334 4645 2333 2362 1332 7954 8075 4608 6068 1875 7368 
208 4466 3775 1014 2756 6283 6657 3151 6274 8441 8486 2646 5311 7275 1960 9501 1452 7088 8373 9596 5389 4991 5421 5576 8202 4741 7746 5586 6404 518 7502 
209 4052 528 3560 9484 3755 4975 6994 2194 1679 3166 5096 334 5118 1091 9261 5727 4934 5464 524 7366 9519 2284 1375 7711 1428 7764 6843 
210 1048 5613 4503 8464 678 1760 3300 3299 2562 2230 1548 8801 6115 7388 3108 8168 3567 7585 6788 488 4342 4319 4884 3940 378 4516 7534 
211 2805 5030 5245 3867 3696 7952 4093 9753 3544 5142 5793 9012 8350 2724 5330 8942 3418 5098 2602 122 5607 9379 8302 2510 8893 1540 8898 7134 
212 3423 8653 747 2168 9874 4948 8264 7097 3280 1168 997 2877 2682 1706 6607 803 2307 5655 7041 2081 423 7967 8802 2862 8731 8640 4977 
213 6950 8364 5865 1175 5313 9467 7981 5502 8309 8628 5329 6178 7308 1498 9923 2324 1047 5081 1240 8608 1757 7627 5762 5649 7618 1800 65 5543 8768 
214 5919 3968 3772 6664 5263 9967 221 6105 4621 4640 2511 9375 8976 2463 5839 2739 958 1848 7064 9171 2002 2363 2072 3214 4688 6673 2561 1868 2894 
215 1572 3704 7439 2145 663 4867 216 5157 1735 3234 9281 4515 2004 2413 1457 8534 2321 772 2932 7137 2503 6911 9020 7542 1601 7194 5193 
216 6392 7642 1348 1067 9129 7845 2642 6286 6436 1307 5659 6225 7766 331 3812 2615 5842 9617 7750 2227 6939 5078 5165 5143 9652 9022 8533 9148 796 2807 8265 
217 4960 9594 9538 8565 5116 9721 5353 2687 4758 5935 1545 8602 9092 1262 1458 4072 1613 4706 6736 2515 5866 3862 1086 2427 8779 8117 9774 8216 1627 
218 8097 7229 5939 6888 4896 3412 2908 2477 1083 59 9908 123 6063 7099 6565 2216 8054 4225 6080 6139 5677 3547 4437 4354 5991 9418 
219 9371 5475 8566 5598 3346 4298 3427 5425 9482 3174 9370 9552 982 4244 6938 5977 6035 8181 9449 5589 6 9962 5092 6947 3436 
220 1769 6956 811 598 1758 7721 760 8154 9885 7942 4021 9466 8334 9796 3409 5056 478 631 5111 7451 2655 8772 6838 7100 3366 764 5836 2783 
221 152 436 2335 1037 9956 7625 6580 385 5315 8122 4127 9218 3377 3888 6350 3869 3408 483 4854 9062 6579 9181 8777 3760 5507 8167 8314 
222 660 4949 9591 5675 8083 4144 9708 6643 4015 190 4588 8040 1749 1867 9116 6951 729 2982 9409 3419 2128 4086 347 3864 983 9865 415 9438 3444 7326 
223 6808 9246 8657 8781 7798 4926 3266 1787 5228 3170 1064 9733 5490 3797 3147 6174 947 1887 4842 6247 7434 9374 5232 2737 3826 3876 9604 
224 4071 7539 7698 9735 2138 6519 6295 1519 1899 9628 1972 9448 7853 2631 8414 2173 326 774 1356 8173 8962 7523 7164 3962 7965 2952 6906 
225 6424 9814 1942 281 2350 1220 2339 8257 2450 2310 739 833 1589 3629 376 1142 1598 4843 9709 3433 7403 5892 542 5657 2844 8244 9991 1551 1993 9600 
226 5057 1831 3701 3264 462 6868 1996 3195 5074 391 6918 4882 8605 877 9256 3896 8999 1351 8626 1065 4536 1183 8112 7807 7166 4384 2814 5666 
227 1587 5673 3856 5942 2459 229 5086 8681 6500 3272 9059 5301 2558 2735 9979 3290 3879 643 5971 9066 6689 705 9944 2733 3673 6335 105 6169 1295 5470 
228 5046 3929 7448 1140 9785 5005 6554 2918 8478 1707 1897 5429 2986 1935 5913 3974 6345 9588 514 744 4604 6529 4007 8101 5873 6659 8306 2779 3421 7294 6088 5885 
229 8849 5160 159 3656 4870 9884 4156 4393 5587 8783 4929 7352 2116 9414 559 254 8667 1584 5931 7095 7862 351 4411 4532 4827 2620 1596 
230 9111 7781 1365 9755 1737 979 8494 3480 4017 5474 1837 7068 5497 1929 7290 1866 5627 7823 4187 1748 7971 5339 9306 5305 7713 5937 4561 5317 6038 1651 
231 13 6257 1816 8872 4286 6125 1547 5218 1028 3813 1564 9057 189 3894 5268 8975 3068 3539 7506 4445 1570 2285 6688 2712 6650 1445 
232 6197 9688 5653 3044 2048 8714 7016 8679 1657 6473 7812 7484 4818 4456 1280 2534 2666 5577 6403 8587 842 2259 2580 7255 6642 2905 7048 6251 6929 3451 7772 2213 7747 
233 4764 553 2963 2141 9937 9055 3243 902 9883 8215 6434 2390 4098 7431 4902 4470 3244 3142 7874 7057 770 1311 9253 581 2848 6320 2528 5107 
234 7937 2713 446 3932 5181 1276 5201 9415 3176 3379 5420 9228 6176 5075 8362 3470 5205 7023 9897 5676 4859 9301 2328 7396 3092 8374 1268 8385 
235 9714 5645 2351 2693 8890 6504 6990 2322 670 1301 8668 3035 8347 5332 3942 6365 449 5567 5422 4826 4928 827 4324 6774 2104 5386 6184 7474 2386 3554 
236 4974 1339 350 9816 8072 630 3803 9327 4334 9664 7321 6742 5479 5242 4299 5799 9846 4429 5788 1019 8088 2063 2721 5907 5926 1079 4965 4184 6148 
237 3590 4543 9756 2384 4152 7086 117 3341 1872 7032 2923 5874 5265 2939 6100 3213 7737 3222 1563 7160 2361 4075 1538 731 4548 5365 3227 
238 602 7487 6475 8438 1465 7637 9892 6562 7703 7522 6449 6367 7620 32 533 4112 3376 4498 3372 8612 7293 9259 2392 732 3614 2514 4998 9296 6625 
239 9321 7760 7337 3765 2472 7482 5867 4487 7455 2629 3298 9372 710 8338 5652 887 2700 5636 3282 3206 7073 1930 2093 882 3769 
240 4141 2090 1186 4909 7151 6966 5368 662 8645 6276 4262 3286 7596 5611 9207 3747 8713 4125 8900 763 8729 372 2962 8002 6358 9723 8240 4875 4275 
241 7576 330 9385 2353 3049 7988 8517 6160 9973 9952 116 1147 4045 2617 5786 7546 9070 7398 2688 3230 11 6799 8685 4646 638 1655 4897 1793 
242 570 5147 1893 2855 9940 9095 1969 590 311 6944 5523 9376 3863 9809 5108 5135 9729 8226 3253 761 28 3497 3309 6281 6077 8994 6901 3652 4585 7272 
243 962 1833 1425 5209 9227 9052 3139 5654 8381 6866 4370 4822 3603 5289 8371 6544 4332 5643 5806 1732 9726 148 1388 267 5785 6602 2751 5527 6052 2985 9838 7796 
244 7883 8952 5855 5726 1095 5138 9380 1032 8214 4591 4147 2576 1070 6841 1918 8425 72 5641 4675 1372 1874 7413 9023 1022 2895 7722 
245 4065 3833 5721 6003 6102 294 35 3854 5312 5700 3105 2050 3490 7877 412 4288 9673 4946 4787 8138 9656 3526 5709 4783 2938 4590 4956 582 
246 5465 5130 8851 2305 6983 5423 3703 4350 1882 2233 8211 7473 2052 4689 4599 4918 5947 3674 9525 9928 7959 3935 2356 349 8955 453 3083 2925 2388 
247 7633 3209 2954 8717 3764 4252 8609 4134 720 9737 8153 1320 394 3449 5606 6426 5746 3928 2271 8525 944 6259 8888 9201 77 1263 4832 946 6135 
248 7662 2830 5837 3496 7031 8027 8936 9391 3001 5303 8646 6559 5100 5413 4564 5080 7809 8124 3939 5651 3394 8021 8344 312 8515 8637 5685 4418 
249 8099 9440 3258 8919 8829 3009 5318 1542 6409 9531 8511 3058 1172 5691 3054 7167 2466 4043 1684 2449 9245 7204 2117 695 3559 8845 953 3870 
250 9488 3198 8366 3781 9612 4227 8634 8328 9954 3546 300 71 8007 3401 2193 4129 9077 6965 2402 3395 9048 9399 10 7583 2311 321 4419 7264 
251 4753 6791 4338 7894 1890 7667 3335 8518 615 1526 8931 2408 1701 9902 5732 9757 6518 4162 2420 1884 2605 1232 5358 5017 344 6203 8225 5273 
252 7914 4469 9662 4951 854 6961 2085 9537 173 6615 5235 4095 6586 6238 5219 382 9570 4059 2118 3252 8059 4651 5445 2491 8810 8484 3840 7978 6017 
253 8346 6001 5462 422 2873 6267 3489 9220 3320 7423 7340 198 4368 8095 4893 440 9758 5754 8408 2553 442 8979 2911 1533 7911 
254 7148 596 1021 7458 5333 5945 7375 9622 3905 219 3835 6693 1044 1761 8329 9297 3276 3916 748 6801 2796 9134 2008 4866 411 
255 3363 2163 1691 5129 7543 6766 7408 9407 3858 5802 8988 9976 7082 8821 133 965 2125 7622 3085 5927 9566 4073 5932 1978 7090 3161 4345 8816 
256 4322 9445 1364 1407 1210 9915 9121 150 1253 6740 6847 715 8413 7589 6716 3477 4839 3814 583 3261 7083 6468 2159 3221 9623 4733 6324 8880 7861 6235 4916 
257 7427 2146 2198 5511 2614 3050 1639 8251 3254 3850 353 2948 3136 9002 4335 193 3895 6249 1806 8735 9550 8940 3196 9064 9018 9837 
258 4804 8579 4701 2858 7367 8966 8924 4205 3130 8325 161 6813 2790 7104 914 6432 4704 100 829 4269 6805 6917 932 1454 3993 3645 7178 5738 
259 5777 2332 9797 3396 1644 2221 9272 9393 8655 9420 2100 1069 8611 225 3983 6166 2753 6306 461 1246 2192 5871 7818 4848 1811 5549 8891 8360 2681 
260 746 8545 8386 7689 3698 4917 8471 7286 2762 1836 465 6318 67 1102 7012 2872 9630 3805 7143 4879 4330 401 8738 2732 4959 2533 516 9841 
261 4852 7132 4805 2890 1192 2012 7986 2912 899 6057 7163 8466 6252 7312 6945 2424 751 7018 5662 2110 8563 4206 7686 242 9789 5686 634 940 3589 6149 5320 
262 654 766 3324 1499 4195 1239 8991 2745 8377 1555 4888 6820 8222 7509 1838 6786 335 2988 246 3809 2347 1331 6771 149 4337 2834 3138 3472 4576 
263 138 3628 5965 780 8418 4069 1151 6547 2892 8917 4281 6773 6665 1358 8780 8288 756 6957 6514 3726 5558 4255 5402 4346 5845 561 7533 
264 1965 5388 9743 5247 6790 6211 6167 7592 468 2909 8857 4612 863 2981 758 8847 7476 1400 4711 2773 5792 6593 4798 2828 7817 4256 9982 
265 9543 4830 6461 7042 779 8697 4181 4597 8022 4083 3784 1668 5501 933 8659 8426 6502 492 4492 325 7447 3337 6645 9603 2376 1815 6533 5161 8945 1099 
266 1577 3991 9891 3757 1165 2298 1784 4575 7105 4728 2382 5994 3152 8242 6180 613 1720 8230 7571 7444 8079 4209 1061 5882 6161 6842 4625 9346 
267 8057 8372 4671 2069 4006 4400 6681 7773 7349 943 7670 9529 6552 9303 9736 4177 6530 5642 7189 4812 6127 8524 9843 6116 6583 5337 547 3664 8771 7775 
268 9988 405 656 896 8445 208 6007 7896 4145 1360 258 8020 2500 1662 4276 5982 8707 3371 8303 3178 9479 6694 4999 5582 8068 4058 2367 1199 
269 2265 554 7014 8261 2166 4304 4307 1541 7078 4272 4921 76 916 8109 7044 9312 7221 1224 6195 9512 4253 2190 7019 2422 4274 7801 2670 3403 7688 
270 1386 6785 9951 8833 515 6437 5390 5023 6138 8832 510 5093 264 7673 3602 8921 1101 7017 6560 4367 4811 6883 5897 1635 
271 1109 94 5555 3855 571 6280 3486 9725 6550 1007 8055 532 1023 8721 8512 1406 7238 6226 633 8720 508 2827 6047 5437 113 1449 7930 5928 2494 
272 2378 4634 3937 487 3682 5082 5857 435 9240 1609 4833 1908 4873 3456 3199 9935 3599 6396 3728 6381 5321 6196 8428 5765 735 1995 7411 6447 5257 3808 
273 3123 8678 9131 676 309 1282 7347 3429 4432 4032 1490 5581 6362 6977 3885 2723 3915 3189 9013 5234 6141 5276 2456 3107 7234 
274 2672 929 5966 1417 4716 6727 6538 3683 7664 9815 4101 4696 1483 3461 4280 9387 302 8491 2974 1949 8485 3842 4197 936 283 7348 
275 5500 6488 5898 5128 3295 2343 5478 7441 5878 7651 4945 1747 8482 5114 7909 4509 8023 1743 2543 8531 5184 889 8830 8743 1851 98 
276 2417 7475 4824 2013 8651 3114 3203 3780 7629 7743 5304 5063 6114 4199 5737 955 9046 4202 6691 7446 8557 9503 4416 9285 6972 3522 7839 2155 
277 8709 7511 8592 9685 8547 5968 4983 9329 2331 358 5603 9677 4179 1294 2837 5026 6617 8082 8429 6777 1510 1979 8456 7228 4905 4271 4762 3633 1298 
278 5062 5326 1040 8969 8130 4391 971 6205 5053 5568 4290 8248 3502 7298 3963 263 1781 2229 7510 5605 9319 2621 4569 5660 5275 6881 3857 8670 
279 1641 4797 479 5999 3536 7381 1750 4251 685 9153 7409 4374 2897 3685 4448 7763 407 9551 1582 864 2831 2089 4326 3727 6311 1105 1327 5644 
280 8551 6683 9646 7351 5910 6292 4514 6244 8235 9231 8877 9654 1097 1261 1413 3047 1654 6336 1075 3749 3627 3713 9143 2959 6271 1990 4171 
281 4077 6897 8543 4279 8193 7158 9565 8649 4785 4130 6948 3807 2546 8129 6962 912 1291 3550 3397 506 3578 9124 6818 5256 3931 4775 3810 
282 7324 6214 7449 1554 7992 9258 9242 6616 9172 4444 4559 2513 4869 4284 3241 5761 8254 2757 299 4860 6896 3787 1506 9335 2618 4517 617 4254 
283 4398 3240 9692 2649 3099 3524 6421 7572 402 9362 2846 3110 4212 8722 7258 6591 8223 6521 3576 8461 4924 3017 155 2199 1277 399 7508 4592 578 6898 
284 666 1130 8170 563 7232 3283 2608 6369 3037 2788 5314 6672 5083 1920 6388 1873 4351 1416 2387 8319 2488 3485 201 7140 8929 4490 4895 951 341 1921 
285 3511 8740 1675 9974 5706 5925 4734 1725 4289 597 1226 6460 4132 918 1552 2697 2684 6734 2023 5807 8923 6986 7717 7770 2904 845 3531 
286 3815 1191 8400 6234 1016 6485 4703 4387 2142 7661 7000 2998 7860 1553 3889 361 9323 7437 4143 3245 2455 7224 6289 3661 6506 1211 9527 6422 
287 6603 6600 5109 8074 6005 1681 1740 6826 3513 5159 576 8318 3020 387 5367 7077 153 4815 2309 7168 9396 3736 7391 5155 7734 79 5729 7593 4063 819 7414 
288 2182 3899 9019 7575 5 3949 541 3520 7046 8067 7554 3778 3828 998 4693 9471 6505 5271 2102 316 5039 1287 2170 3024 1791 6065 
289 4760 8184 687 6871 5612 4018 8913 4356 2624 3229 6648 8278 7919 700 6653 17 2997 1296 129 5518 5981 814 3311 9987 340 5050 5486 
290 445 2765 7918 16 3150 3455 4628 7691 5296 5843 1092 9821 7990 6612 4294 8137 4669 9047 6104 4752 6469 7640 9341 6066 632 6654 2544 2957 75 
291 7828 4447 9506 6620 1631 8417 1998 9084 4577 5064 1489 406 5972 1496 5076 830 3790 4853 6193 7170 8806 7113 699 1951 621 9030 3008 849 6207 
292 3236 4349 8399 3921 4480 6718 8727 484 4889 2068 4988 6976 2404 639 8860 7206 2029 3089 9493 6254 4907 509 8195 2031 6952 9154 
293 9282 7984 2813 7026 8910 5863 2680 6256 2928 778 4930 3003 270 4240 2886 3776 742 1561 9684 9036 2282 6076 2478 7478 287 4707 7718 
294 9925 7216 915 5185 4560 1604 690 8914 2542 9260 7091 5169 5890 3011 4160 7146 9823 4070 9701 9269 4755 8010 5091 9082 7677 2789 7903 3748 
295 4473 3860 8134 1863 3907 397 679 9898 7755 4264 7257 5124 529 5451 673 5006 5519 5485 6343 1619 1090 7266 1982 7197 2177 8058 196 9398 9580 4097 5211 
296 5798 5801 5532 3679 961 4715 6677 8954 7412 4452 8642 3078 5803 58 7075 2187 7836 2113 1656 6528 2458 7599 786 5250 9661 5813 3226 7655 1363 
297 9215 3181 417 2304 2815 3292 7865 7878 6328 6572 2522 4687 8189 5808 5373 4656 9174 6307 6870 7736 8287 9637 7457 5936 5918 9358 9607 1648 
298 6669 9868 3005 2930 1076 9989 6978 5369 3481 2373 8455 4546 57 2034 2181 9922 2596 8795 2816 5888 7301 8788 7280 6397 1184 8879 
299 2993 6152 8003 7323 2401 8285 4315 1098 1671 546 9993 2276 8384 3063 7271 4106 5554 8822 6071 1153 3084 8219 4954 4540 7886 
300 7995 8710 2042 7742 3391 6520 1794 7605 4880 3212 9771 8284 3975 2743 2970 1783 7676 7410 9294 2676 890 217 3483 3426 3510 181 3601 368 836 496 
301 6845 3827 8903 3350 5680 9097 2018 3619 927 1370 1693 1694 1045 6378 989 6175 5505 9981 7333 9386 9331 7101 894 2718 6377 696 2936 3708 
302 1472 688 1196 9042 7295 1217 9599 1420 8316 4396 1431 84 8734 2686 1905 3250 6323 1906 3615 9711 4041 9198 7052 7647 4224 1484 6806 
303 9155 8205 1113 817 5251 2677 1198 2738 3100 4831 2509 3825 1618 9233 9060 4488 618 5495 5602 4876 723 898 4790 8554 2505 7741 6639 7887 
304 3256 4878 2442 1862 9702 2747 930 7541 1012 4799 5277 8794 5480 2370 6719 1667 7199 3641 9671 355 438 4285 3087 9193 4593 4984 205 8105 6142 2451 
305 3145 1415 5113 5895 9640 4082 7087 8012 8572 5223 4724 3340 21 9983 1176 231 9355 5730 8158 6946 3162 4894 3999 5623 6636 3163 3239 1939 2999 2467 3504 1154 
306 993 4397 7115 3322 434 9241 1412 1258 8469 1011 8245 564 5817 8871 6119 3013 8304 5778 2180 296 4336 5294 2706 3218 1738 9914 
307 9340 1599 2241 4169 7982 9806 2147 5167 141 6331 7462 9917 4720 1244 1829 8135 4750 1117 3754 8868 1343 3538 9496 6702 5819 4820 6960 977 722 
308 558 4236 2933 6563 3733 1612 2782 7489 4457 1207 8147 2760 1709 7459 1223 6448 5095 775 2364 1013 3125 6083 3666 5494 5933 2074 2360 8174 1396 1270 7885 
309 2452 612 9441 8017 659 8237 6794 6731 7464 9585 4478 5739 6567 2725 2548 2780 9464 2845 1052 1383 6315 4868 1058 8048 6733 5180 6431 4995 8582 3719 4714 5681 7917 
310 671 474 5149 7694 2293 7436 8790 6902 6764 3487 2011 2520 8149 7615 6714 6712 2112 3296 6825 8427 6317 1957 5391 9828 5774 5988 
311 4661 6021 5503 498 1560 9428 9489 9315 1802 5012 1861 1915 5259 8915 3920 3657 2692 481 5750 1984 1703 9468 4012 6201 2572 24 5635 9212 
312 4616 6931 8870 5472 8733 2358 4858 975 8793 1120 3908 8562 4992 6892 5270 3343 1495 4191 8866 8827 7956 1514 8985 3752 730 1550 966 6055 
313 2636 8730 4660 9378 8584 5010 5861 3565 199 9906 3543 6129 8883 2185 183 5037 255 1265 8403 1284 7193 7665 7619 9572 6013 4695 7322 6246 
314 7822 523 2836 3385 6936 9073 3744 3118 3297 4385 6523 6860 2835 1708 301 8337 9278 2165 6156 5622 9427 8684 3751 5743 2377 8323 1580 7521 8959 2719 
315 395 8339 2573 1380 6551 2950 177 3785 9842 9871 683 7035 6462 7564 9659 1623 8198 7241 1357 6926 1857 7505 4973 8060 5698 1397 
316 8407 3482 4099 6073 9229 3745 5510 51 8253 2647 5282 5073 2151 3837 2625 992 7940 8342 2197 6011 9001 7008 6830 2436 
317 9872 2550 6347 1909 3306 2239 2569 8239 4394 3882 7955 1349 5327 2389 2577 1847 920 1488 2564 4056 8161 8212 5221 2990 8987 5789 2007 63 
318 6190 9887 5973 7335 1278 6000 7022 1342 7111 2071 8862 5405 1650 3893 1721 3271 611 1050 536 9597 3900 6070 4000 6541 4008 652 7856 6513 6413 
319 2823 2091 5041 6635 2051 1575 4221 7768 4003 7419 8808 5699 6882 2859 7712 4371 8732 1173 8196 7285 3732 4939 6108 7465 8965 1518 5787 7004 7540 
320 5552 5233 3027 3919 2479 1264 163 6411 2771 200 9056 9035 8616 3415 4578 6696 6204 6724 7635 8419 9614 8704 6158 8127 195 6713 4291 8077 2273 2634 
321 1753 5324 9459 2003 357 949 2301 7393 5570 7038 5382 1444 9300 2082 6670 8759 9021 5498 923 8947 104 8748 6316 2883 8197 6308 1385 8037 7399 4539 5517 
322 6638 9850 2205 2252 4123 5435 5457 5439 7835 9703 6728 6060 2348 6539 4557 5150 2662 3792 6852 2612 6782 9582 3308 6969 7908 
323 8595 5383 5952 3903 7985 1448 289 4302 4137 6300 7709 521 7846 8094 9279 895 5775 1673 7813 8671 7826 8452 8467 3626 6569 3930 8682 6498 9873 6787 
324 2652 1595 7979 7636 9606 9120 7621 2238 1549 135 1647 5441 3303 4637 5409 1606 9717 307 3428 2750 8809 9061 9508 4908 1626 7968 2099 9577 
325 3233 4260 9248 8297 8778 6910 2101 7467 7240 2919 6185 3431 4266 2017 2428 8422 5487 8804 9801 8825 6391 942 6339 641 3985 4586 2623 
326 3902 724 5557 7695 7699 7519 1293 4282 6212 22 4413 5189 5440 8892 6187 3646 6072 9050 5154 9528 7225 9083 1394 6107 206 5190 2454 4138 891 9003 9918 7690 
327 601 8183 4994 9811 4976 1203 2489 9491 7597 5749 9793 7429 6735 5720 6545 7912 226 7961 2898 7716 346 2669 7512 3135 2626 8376 2907 7165 
328 8315 534 5740 8624 3557 738 5446 3465 3675 7268 9110 6999 4428 6601 1968 9716 2708 5295 1336 4572 1649 6913 712 880 8770 31 5375 2585 3285 5987 
329 9742 9727 910 9175 4622 4639 6859 2021 5355 4684 9964 3124 7288 3220 4312 6111 2290 1523 1940 3658 1328 7306 8203 566 2189 8092 4771 531 
330 9284 6980 1842 6155 1505 873 2359 572 8256 1477 4726 4497 2887 3622 1744 1892 2225 6644 4525 7994 5038 5431 495 5283 7145 1628 5342 8043 7152 145 9847 
331 9211 9718 1556 6928 5117 7974 9955 6446 3724 7745 9363 3548 6581 3584 4074 3514 1819 4814 471 5980 5164 2486 4463 2884 4666 427 4552 3829 9700 
332 8090 8896 7402 3987 3518 1462 7668 2375 6817 4931 323 6800 1395 9855 6206 1642 2056 5220 5356 2224 4406 1231 6682 9105 4308 6723 4485 7376 8823 6921 6524 2431 4014 6202 
333 7609 552 1139 4966 9751 4834 4408 3667 4395 5406 3648 1516 452 7267 9655 6298 664 8908 56 248 5468 1324 7452 1447 856 2749 1027 6647 4331 
334 1466 8299 7030 34 3659 850 6351 6123 2096 6230 1419 39 8938 5840 9217 1453 4378 9140 3884 3880 8113 5469 8863 6342 7998 1594 3197 3474 6561 9958 
335 8724 9157 7611 4529 3847 1865 2001 5704 3336 6997 1698 9160 3944 1636 3102 4654 9730 5362 5745 9744 4036 9221 6408 1333 5734 7934 2338 
336 5354 1468 3640 1049 9777 703 4566 4325 7024 5879 4460 1799 3134 4343 2300 3319 1941 7628 7624 5087 3874 5824 441 3014 6637 9731 9431 519 
337 6891 1824 2795 4803 6748 4476 5714 7359 2289 5070 9029 5905 4602 3211 494 4740 3056 7127 6604 7786 4744 4283 6209 1337 3649 7804 6061 8009 
338 5262 5889 7384 3866 2137 8293 851 4953 1610 2654 7336 4028 2685 9280 1461 7124 5447 1632 6792 1201 6118 3591 783 2115 2498 1801 8387 2791 
339 9858 8504 1746 6416 4311 9096 3783 185 888 8974 8213 3515 2606 3771 9185 4128 7757 3499 2231 4010 1087 7547 668 9657 826 374 5538 4381 166 6157 7456 
340 7735 2156 1062 7581 906 8204 1138 1440 8741 841 2989 7536 4168 5811 3435 1952 5122 2015 9276 4541 7964 3357 9086 7666 3527 8164 467 6564 7049 
341 3611 7494 5528 5031 4777 4165 5542 675 6361 5969 9317 718 6098 4919 3061 2549 2593 6009 2910 6863 348 3965 1814 4462 1974 8527 192 3207 2444 1773 
342 9890 2711 2583 276 7969 6445 5868 1854 4524 9267 392 3392 1402 4081 539 2741 8996 9647 3718 3029 1475 1005 5408 2269 7089 5970 1653 7460 
343 9328 551 6275 2201 7061 7338 356 6188 9173 1292 239 4583 3446 4365 2979 2727 8034 3329 279 7749 9114 9004 2214 8061 8619 1315 7652 
344 1764 3247 7173 9632 2395 9356 7675 111 9919 3631 8861 8686 8864 7831 9681 3073 324 1366 4778 8301 1663 1586 7977 4287 5593 7837 2249 6164 2103 
345 8267 626 49 9836 721 53 3556 9853 1248 4178 1754 3635 1544 7588 1664 9209 716 7357 8767 4554 5961 9948 9524 5459 240 1638 2956 5255 
346 5370 6796 6382 304 3722 4486 2674 848 4579 4732 1144 5427 831 4230 14 7248 1073 4846 5544 7827 8169 9032 127 2291 6390 5473 3232 
347 7901 2563 839 6819 4200 7185 9235 800 8728 5592 7213 4825 9824 5346 4522 9553 6739 4911 807 9142 3750 828 9953 5985 3173 2781 2659 
348 7256 8039 5008 2418 8745 1178 6379 3741 2266 6163 8477 6893 4547 799 4120 8990 101 6649 424 8208 7535 1208 298 3706 2203 9579 9100 3634 
349 8453 4581 8934 2971 4697 3443 9546 9762 5434 8894 2325 3360 6484 337 9830 2047 1625 3012 2438 520 1297 9886 6327 4380 4268 1665 6479 
350 4801 1660 9288 4568 6463 8049 8162 785 408 3528 9648 5887 9554 4263 4363 4204 1166 7370 7792 1171 6930 6492 8259 8459 6346 410 2443 6981 5173 497 5736 7608 8114 
