1 213 24 
2 242 32 128 
3 271 26 
4 259 20 
5 12 79 229 
6 156 297 211 
7 141 186 166 
8 265 113 134 
9 180 215 93 
10 293 269 231 
11 75 150 44 118 
12 256 74 109 286 
13 68 252 
14 59 160 220 
15 112 61 129 
16 282 182 100 
17 288 178 278 
18 296 123 274 
19 10 76 
20 185 77 
21 181 23 
22 0 292 52 
23 152 133 51 
24 285 120 172 270 
25 196 125 55 
26 114 124 
27 106 298 
28 95 19 40 225 
29 243 47 17 
30 111 202 
31 216 149 
32 121 217 253 
33 212 4 
34 101 82 
35 119 97 251 64 
36 127 190 5 
37 201 35 130 
38 96 176 56 
39 272 159 3 
40 98 237 230 
41 11 90 66 
42 43 153 246 
43 219 262 255 
44 258 210 291 
45 13 197 188 
46 126 136 7 
47 161 107 6 
48 205 227 199 
49 54 58 
50 16 139 254 
51 104 283 
52 85 102 173 
53 290 146 84 187 
54 48 163 45 
55 63 91 115 
56 244 240 53 
57 206 70 195 193 
58 170 142 2 
59 25 189 267 
60 80 69 
61 260 105 
62 94 37 
63 135 144 38 
64 154 209 183 
65 89 57 
66 131 28 
67 214 92 247 46 
68 284 218 
69 49 132 222 
70 151 239 
71 1 18 264 
72 249 145 
73 257 171 
74 140 162 192 175 
75 67 62 232 268 
76 233 281 
77 223 157 
78 224 273 9 
79 116 200 280 
80 15 138 261 263 
81 245 194 
82 143 250 
83 73 71 
84 226 137 
85 203 236 122 
86 21 14 279 117 
87 294 241 30 191 
88 148 177 147 
89 50 287 238 
90 204 78 29 
91 207 266 86 
92 83 235 
93 208 228 72 22 
94 276 198 299 
95 155 81 
96 295 60 169 
97 42 248 
98 103 174 165 
99 289 277 
100 27 39 158 31 
