1 7468 4936 2333 9676 8001 9350 7049 8738 
2 2591 8581 1802 6979 7201 6177 2628 9887 
3 8227 6015 748 7173 2373 7029 181 9432 
4 7227 1893 1569 416 5775 59 3032 8267 
5 4796 1666 6577 2794 4755 182 5119 3517 
6 7948 3850 3526 4904 2358 3880 5798 3369 
7 2418 5639 336 3223 9131 8863 4641 2408 2224 
8 7206 3733 4079 1093 9317 9922 4732 3872 
9 3202 684 1732 5714 7739 566 8541 925 7509 
10 2736 6114 805 3481 5265 3417 6827 797 
11 2573 6889 8598 421 5462 9916 7002 
12 9927 3742 9097 1139 8859 3860 3698 
13 4887 8319 8082 220 5772 4268 3932 1161 2294 3287 
14 5982 8430 528 9772 5022 611 7566 
15 8890 5344 4551 314 2597 783 3987 1336 
16 1855 3265 7902 7386 598 6266 7034 9536 7824 
17 9459 4412 7756 3204 7714 6227 9517 
18 7110 9609 3293 5859 8866 3797 7565 6981 913 
19 8563 3620 3730 5203 504 3238 9753 
20 3560 6477 1156 5159 2855 8235 5767 1141 3884 623 8674 
21 1880 940 9660 1636 8497 6295 
22 7716 4950 2204 3300 4700 6419 9782 616 
23 6517 6226 418 6406 1618 4725 8350 9637 
24 2660 4275 5650 7154 5063 140 1301 4695 5586 7112 
25 2176 7899 2133 3464 3804 914 8717 
26 1817 2825 6035 4622 9431 9423 36 818 7 2658 
27 9287 7713 2050 8165 8453 6569 3497 4010 9577 136 
28 9121 6320 6350 1991 9439 7160 204 295 5398 2210 
29 8670 6845 2796 9814 8523 5058 12 8084 3286 
30 4027 3061 6065 3356 7828 8770 5415 4348 
31 1135 7275 2926 3289 6573 3665 4446 955 
32 5991 2747 4210 5117 1836 8264 5508 562 
33 7433 3337 669 6627 8057 5677 401 7617 
34 2384 2298 7968 8778 9940 9650 1577 8850 
35 5071 8297 9849 2703 4747 7183 5916 1801 2158 
36 7325 2125 7390 5930 333 5443 6664 966 4023 
37 6527 5168 259 9123 4116 6388 811 7335 9937 
38 4471 2510 1875 4542 6302 7027 7044 6285 4501 
39 5903 6518 450 1954 8877 4199 3787 1698 3956 
40 8967 7056 8126 5354 5876 3107 7223 
41 3647 7635 1464 1795 4998 7356 7973 5647 4729 
42 5480 1289 8672 5638 8353 1957 9906 9558 7350 9005 
43 1000 4492 8862 6087 3343 4403 5410 5512 7708 
44 5091 7703 9062 4626 1805 2503 2226 8197 1173 3000 
45 1339 5828 2936 3968 6051 2347 5499 6330 9201 
46 7581 8490 9831 3719 3595 9172 307 2595 6685 4018 
47 3539 6560 3749 3567 294 1164 1244 
48 6544 4135 5563 3759 5501 5439 4578 4922 
49 476 589 6262 1071 1112 2197 1730 6185 5841 632 
50 7632 8762 4238 9555 7328 1865 5436 7215 939 3857 
51 7013 867 6936 5773 998 7244 1290 7964 8002 
52 978 4763 2037 5215 5973 4538 4554 9614 1084 8710 
53 3321 5669 7705 844 3928 1572 5555 4861 
54 2528 7753 614 5088 3898 9025 7126 5524 7955 1136 
55 306 5997 207 9984 8286 1558 6080 7593 
56 6686 3315 5481 2277 9624 7052 7938 8321 8171 2521 
57 2718 4774 3680 9989 6142 7951 465 5142 9088 
58 2887 71 9124 1535 289 3687 7404 
59 2053 8080 9294 4298 6147 675 3819 9390 
60 3654 4811 7051 2609 5190 2779 9747 3026 1974 8942 
61 8088 7971 5736 5379 1622 3586 8008 8352 3652 
62 6321 8780 9029 6787 9673 7374 3386 472 
63 6753 4476 3496 7165 1296 5095 5494 5560 8543 1952 
64 1159 2615 6935 3643 2381 5707 3268 6257 4445 953 
65 4941 6622 7872 7954 5362 2544 7586 906 8874 
66 5983 1513 6056 6688 8384 8265 4741 9013 3456 971 
67 8824 3536 5801 2795 7563 3559 341 7032 7977 8308 
68 492 9301 770 4333 5551 3662 9488 4993 5543 
69 8773 6072 8411 13 9791 2564 1379 900 6533 
70 8071 767 9542 6191 4479 8405 5931 8861 7611 
71 3358 81 1983 5108 5331 4611 2868 6210 1404 8166 
72 5226 8913 3360 3273 2353 2888 3350 2200 6084 5149 
73 8306 6298 8344 7121 9493 8279 8777 4156 7481 
74 1399 5802 1536 2258 1472 6534 8054 5697 3097 
75 1192 7815 9895 1432 6242 8058 571 3452 3198 4303 5592 
76 2758 4727 2310 8414 556 4911 5987 8572 2276 
77 6190 600 4735 5463 5753 3723 2864 2117 757 
78 5441 6348 9787 4148 2666 9227 9277 9250 4271 
79 7575 8048 9741 3022 1085 4322 4239 3945 7985 8069 526 6492 
80 820 7152 3060 2726 4040 3018 9064 4009 4726 4378 1425 
81 4557 6060 4808 8224 4639 4680 6176 9860 2409 6853 8582 
82 8596 905 7663 3900 4967 7038 9596 4982 4383 8012 
83 7804 4373 8284 3791 7943 915 8528 9177 9387 667 
84 9954 2619 6282 2970 9745 2492 5469 2469 9918 1210 
85 6377 4470 9708 1298 9582 8849 3745 1619 2606 9217 
86 1376 884 3737 1651 1362 9908 9638 2211 5587 5449 
87 2939 1642 1303 1919 7452 9534 1975 4817 1003 3715 8371 
88 9377 4802 1559 2057 7100 5264 5988 8612 1043 
89 8730 7280 6669 3478 8387 8322 7042 8921 3279 7670 7766 
90 4469 4177 4204 8081 4748 3485 5104 5390 420 8898 9522 
91 4793 7778 8538 535 2612 2127 4961 7219 3562 2786 8087 
92 8727 5864 8914 8248 6559 398 5157 
93 773 9055 7904 3533 2302 1300 4019 7184 9993 557 2318 
94 7678 7501 3023 5946 1153 3184 2880 3858 5814 
95 8303 8031 7467 4971 8657 2500 6447 2692 170 4553 
96 4646 8946 4862 8904 5572 1115 2929 5454 7261 56 
97 1344 3504 4385 7588 3571 8281 9105 2087 2870 9193 4013 4803 
98 9483 2411 6687 4820 9484 9677 5581 2839 4650 3126 4160 
99 8965 5851 7125 6761 6676 2530 5845 1585 2725 8592 4197 480 
100 3760 3515 9770 3788 5485 4556 3985 8124 5659 2255 
101 4411 2269 2933 6005 6766 7992 1378 7214 4047 8301 
102 3936 8958 8923 8064 54 16 7801 2594 5631 9404 8569 
103 4011 7771 3323 191 6435 1214 6731 8613 6702 4795 
104 9824 5557 8441 4977 6037 2131 2755 1825 3162 3033 6723 
105 7025 4744 8201 8121 6335 2865 9909 9157 6315 8217 3484 1207 
106 180 4493 7014 2136 5293 6720 9304 2287 8741 7484 5723 6944 5974 
107 9723 2476 9714 561 5676 2354 6955 6931 5964 5111 3110 
108 6039 8038 2509 8218 45 5024 8195 8358 1506 2227 9876 
109 2212 4830 2132 5471 8004 3427 2392 8540 1318 3302 3522 5720 
110 1555 8189 4436 7749 5648 9946 7591 6211 7409 1242 9391 
111 3608 3903 7610 9856 1283 8503 4114 7590 6637 9525 6524 
112 1067 9463 6247 2433 2483 1939 7942 9239 1514 3214 626 1653 
113 9868 5377 1615 3179 1878 8097 2334 1059 5671 6396 7163 7441 9196 
114 4829 31 1847 6817 1213 5327 4367 8221 7338 9703 749 7681 
115 3491 6521 5763 4773 764 5661 5019 2443 1249 7283 3010 9786 
116 2346 3964 2523 3594 105 2995 1905 9413 316 7641 
117 8192 6995 7926 2889 2379 5416 2517 1351 5873 1624 2671 
118 9925 5169 6725 1705 4431 7742 5703 2098 7584 794 4918 8707 6458 
119 5968 1586 1561 3844 706 7667 752 7597 2814 3172 
120 3341 3887 8107 7546 5401 1359 7413 5542 7264 6500 
121 3708 9986 7688 2251 756 8260 3071 3922 263 3346 
122 563 4405 5222 5830 470 707 4915 6117 2976 2689 5790 
123 7444 318 5260 1094 5977 4691 4061 7310 9794 9781 
124 3578 3890 8561 3637 6962 6096 9221 4473 3283 2253 1851 
125 8968 8173 3519 4082 5066 919 185 6107 1191 9032 
126 6252 1439 2857 6769 9639 1096 4272 8500 4506 9622 6522 4631 
127 1626 7068 4599 179 2852 7919 9807 5011 8625 4315 6507 
128 2430 3135 5815 4812 1899 2664 3856 9716 5002 4790 6890 5942 
129 4818 1652 5683 1144 1408 1769 737 2946 3684 2914 
130 7061 457 6567 3682 9998 787 1987 1961 8724 8908 9069 
131 5059 5255 5994 5020 2765 5284 6759 9711 3943 4771 662 7281 
132 7909 25 323 8335 3609 9154 2691 1846 6715 6193 3035 2307 
133 7613 1316 5518 5961 898 1258 6368 3405 1544 7087 3514 6390 
134 3207 9804 9232 7775 7789 6561 4995 2518 1080 2219 6111 4399 
135 364 3178 1703 5232 5747 5097 4540 7615 1648 2114 6585 5456 
136 8253 1610 8667 9648 8009 1074 4362 5126 3954 8554 2441 8683 1483 
137 719 4068 6830 464 2202 2478 2203 9736 2728 3400 8519 7795 
138 1178 5134 5365 9878 4442 804 5836 4310 1398 3383 8392 
139 9803 5711 5898 9547 3681 8753 3899 9792 8480 5672 
140 1844 8278 3699 6009 7962 6792 3975 1487 8154 8829 1616 4750 6448 
141 7773 9613 8564 7157 2134 5633 3248 6539 9527 7781 8216 8925 
142 2288 9021 9760 967 8619 2629 2088 7268 3837 1410 9532 6400 
143 4679 4058 657 2405 4340 6309 9324 1327 2410 4859 3727 2073 6748 
144 3696 7929 5457 4510 1423 7291 9699 1212 1928 2816 
145 5886 1959 6152 938 4846 8365 3558 7833 9854 8132 9938 1507 
146 1381 9735 7410 2487 441 6823 1028 8142 2905 4723 4978 
147 2445 5533 4433 1579 2844 4042 6891 6624 3099 5207 8676 653 6364 8684 
148 6879 3516 7930 3134 1462 1219 994 8729 7980 8556 8363 6700 8169 
149 9252 7119 9836 8156 4345 6249 1526 2488 3551 4891 6433 58 142 
150 5513 9686 6259 7408 5660 2557 4447 8716 1052 299 8178 
151 4483 350 9257 4753 2668 6445 7718 2730 111 1277 1091 
152 9550 7218 1849 8231 4358 3980 5146 4996 4994 7001 6136 231 
153 9763 9848 5124 2768 7520 6572 6178 6869 2685 5333 8884 4778 
154 9520 6762 320 194 324 5531 8294 3630 7530 4354 2618 1261 9203 
155 9359 3027 5479 7733 4857 6355 8740 869 5078 411 1147 5784 
156 4070 9541 5662 3396 7210 2003 8665 3592 1149 3344 778 5318 8712 
157 4138 5147 4572 5580 9058 2196 8743 2534 1602 8337 9443 1547 
158 9044 6581 631 1623 8110 5130 3766 9535 7096 7485 5817 1643 
159 2951 3325 7988 5152 558 9135 3771 1868 1694 2271 383 1134 1403 
160 9515 4709 3624 7393 7518 4157 6949 9990 1343 2389 6586 1680 
161 3381 3650 5272 9588 3472 7192 9552 6978 1020 3934 8847 6016 
162 1114 5909 440 1889 7757 9653 312 1490 8141 8756 4448 1510 5399 
163 5578 4580 8718 6075 1780 3322 4073 4490 936 3305 2259 3080 
164 872 2851 1046 148 1342 3259 7697 9176 888 525 5728 9955 
165 7122 6692 2589 1918 8798 198 515 9661 8172 4463 5392 5077 1662 
166 9251 6365 9160 5176 427 153 6626 4754 9818 3836 9438 1452 
167 8184 6333 9381 9664 5749 6303 5896 3422 5571 1929 
168 1778 6904 624 8759 4840 1744 4668 8658 9266 5688 7953 8638 1972 
169 7464 5140 4172 4824 3256 6389 8355 673 7544 5797 5311 8123 
170 9360 9563 6543 6384 6184 6281 2879 8409 738 1306 1740 2322 
171 8578 1682 5021 1280 5610 5084 648 1661 1205 795 124 
172 5478 9600 2630 2063 9833 33 736 4280 9051 8090 4265 7783 3087 2659 
173 3709 6910 8934 7579 2773 7259 8019 3525 6661 2847 3189 7402 
174 4528 7854 5910 7699 7672 2516 6945 3600 5492 9162 8152 9811 
175 7621 1562 1229 1474 188 8162 5414 574 2845 195 4338 1822 
176 1545 3298 1970 4482 3868 6264 9764 8723 1887 3969 6490 3576 
177 8402 5382 712 1180 6602 4600 5761 3264 2978 1259 2243 2650 
178 3827 8975 8394 702 2178 3046 1976 5599 9700 4962 5857 8222 144 
179 2297 251 9478 985 3354 2364 8275 5115 4610 5122 638 
180 1563 2582 5597 4212 788 8805 6145 6788 3455 3883 1696 6479 
181 7147 4084 432 6465 2462 9307 6958 7722 3914 7946 7888 2188 
182 4420 5325 446 685 9175 7265 226 9461 9174 8454 2427 6505 
183 5067 2654 6884 2285 2247 2407 4169 79 4683 4488 1576 8527 3950 
184 5553 5705 592 9338 9444 3125 1915 8226 3440 7382 5275 4185 
185 7355 9462 8845 7524 3181 6325 9507 2572 8964 9384 2873 7825 479 
186 7362 3833 3722 5250 5758 4004 6681 8078 855 2953 644 2909 
187 1208 8244 6274 8115 9453 5338 5590 1990 2672 3711 3618 5854 
188 3614 8809 362 5794 6291 9580 7577 3137 3448 327 2059 1890 9354 8648 
189 1319 8340 5394 5320 5010 1126 8893 5750 51 9531 6434 7348 2185 3931 
190 7284 8996 7630 3688 165 6482 4577 5918 4649 3039 5342 9568 
191 4006 8661 1009 5502 8947 2931 4929 1573 8580 859 7123 2169 
192 7760 9258 7150 7368 4672 647 7634 9389 115 1044 4886 3254 452 
193 5649 4465 8900 5652 5178 143 3042 28 9915 4091 5068 5874 
194 23 605 8215 4569 5637 3503 269 959 9834 5044 5839 6667 4509 
195 368 9702 4281 9826 1977 7460 6892 4769 4077 8327 
196 6591 8606 5334 7643 1935 7842 5383 242 829 2553 5760 7751 3064 
197 6960 262 1685 7536 9146 4603 6417 5258 5577 2772 1906 7969 
198 6090 6825 6399 7380 2142 3363 2451 8270 3407 5928 4997 3500 2349 6494 4813 
199 6912 5437 7037 5326 2071 4220 1064 361 2249 5682 9369 7834 2554 
200 6031 8326 9585 6311 4730 5850 7130 7918 8385 2372 8100 431 
201 6515 1016 6495 8202 880 3794 652 6991 9061 4095 4218 296 5274 8046 
202 8605 7599 6907 6563 7242 870 1931 7996 8380 2371 7391 3069 
203 7809 6914 622 6462 9179 3548 5345 7906 5640 9967 3929 7349 1254 
204 5444 799 2677 5509 7194 6323 9040 6070 9434 8369 49 9476 
205 5371 1751 8949 8549 4401 8418 7343 1859 2312 6187 3627 3274 3115 
206 4417 2777 6387 183 9083 3940 5430 3736 3935 2034 3237 8558 2617 
207 9530 3557 3320 1007 4931 3852 9973 1786 1083 9271 343 4103 
208 7109 8815 1936 2337 1051 1321 3280 1304 7758 7251 8887 9309 
209 9186 2693 8726 7189 9755 7115 8536 167 3656 6022 1226 7702 
210 4301 8397 9929 4121 3537 2524 1969 317 555 899 5435 1150 1823 
211 6463 1040 5883 5461 9398 763 6535 5745 7970 6941 7832 7257 
212 7990 6197 8857 2031 3728 2192 5236 8299 9034 9749 7814 
213 6403 5821 1108 7744 8888 134 2344 6621 321 3892 9126 391 
214 666 9840 1882 8061 2173 8838 8468 5897 4108 7625 9669 8429 8396 3518 4451 
215 873 1676 1721 6297 8998 257 3387 9455 5467 3094 3048 9616 265 
216 7482 1118 5842 2491 6229 6342 7290 3528 8238 9120 1848 2030 8802 
217 9349 8028 1087 2984 4678 2326 1765 7304 7317 4392 6073 2113 
218 311 8348 6 6116 6452 6819 9024 5357 2890 5609 3128 1247 2746 
219 1803 2502 5197 6793 7878 2697 2529 4166 5630 3255 7527 9312 3275 
220 7972 5295 18 2902 2592 9004 101 5474 4192 8860 5848 7138 
221 1023 6520 1481 4439 3081 1260 8879 6318 3132 3380 7603 8013 
222 2412 8200 230 9649 5608 4381 1049 9290 7676 6959 5225 
223 3824 7153 3296 26 5484 6594 7607 3142 9210 6444 3780 4916 
224 8711 3030 5350 7510 2032 5221 8522 8700 201 2823 1055 7772 7161 
225 4736 584 507 9788 7504 247 8701 3019 3376 2221 1938 4203 
226 5969 4500 6322 3492 80 8525 8808 9056 4292 371 4188 3402 1158 
227 7347 8929 2556 9784 6251 1813 8083 8943 4963 302 4425 8377 759 
228 7015 5589 4573 4953 5949 7850 3180 5625 6954 5894 5065 5175 
229 4329 9663 4863 5412 2406 8623 6899 1495 4592 746 9719 4545 
230 499 1478 4819 6104 6155 5151 7731 1788 5121 6411 2638 7151 5179 
231 7522 7662 9642 7788 8666 3679 654 4030 4242 4267 1172 2103 
232 5332 5858 5138 1663 651 6999 9949 8391 4341 3971 1467 9243 
233 1146 789 1035 7659 4025 7736 3076 7983 7054 1006 2223 
234 9693 9754 2882 1538 6371 5820 9647 1811 5030 5364 9591 7024 7204 1288 
235 9346 4100 5376 2128 393 8065 9964 4785 5696 573 5110 7105 
236 3638 3809 9011 2998 8481 7250 5889 4416 6221 2610 8282 9971 8185 
237 3147 3163 4823 2782 8298 3210 1759 8839 7017 5286 5455 5607 
238 8788 2481 8357 2923 2840 2694 8959 1927 2194 2029 2321 
239 3861 3334 7679 2122 4548 2473 8295 2289 7959 755 5791 5939 
240 1027 2463 3689 8493 1645 1253 4968 4269 1268 3762 4702 5606 
241 1190 4438 8935 2330 4140 5181 6112 1484 9067 6721 3505 5588 2704 8690 
242 1105 8073 5158 9184 3889 9607 455 1166 2182 2818 7526 3664 
243 2866 9601 9621 4152 3014 1060 2908 1195 2165 9771 6045 5253 
244 6018 7097 5556 4991 5373 6363 4563 9587 8608 3588 9145 8907 4186 
245 6834 3739 3669 8704 8828 9861 8678 9220 7979 1095 3098 430 8677 4296 
246 3291 9109 6340 7342 1542 3752 4570 3965 5953 7093 1395 5037 
247 2486 7373 9845 438 8986 5223 4561 5506 1858 1383 3863 1185 7166 3569 
248 4520 9048 5561 4069 2376 3718 7813 3413 4243 9339 234 2038 
249 3225 9744 9966 984 1772 7352 9827 7375 7202 5666 5125 4909 60 
250 835 9921 6645 952 8188 538 2836 1446 2739 4189 274 4474 
251 7075 5954 9474 5294 4231 4432 5 3835 2968 4701 710 7175 7008 4041 3378 
252 9418 8886 6540 7195 4952 1409 7496 5035 9198 4288 2280 1950 
253 7684 2191 4241 78 3304 3434 3825 7826 8463 5774 6693 
254 1246 249 7146 7836 73 6089 6782 1073 640 8333 2785 1202 
255 4868 1789 6597 9100 3001 7233 3419 9454 2987 8626 6233 2878 
256 7506 576 129 9608 5384 442 1486 5823 3597 3535 9331 6770 
257 766 2649 5072 8891 4364 6300 3219 1380 9467 4145 4923 3897 8865 
258 4467 894 8819 4751 4054 3919 3598 7288 7011 5460 3240 5408 8232 
259 5780 4255 4175 1034 578 7252 8451 9214 4728 4178 4305 
260 8553 3986 8077 9245 7053 1525 351 5810 7472 9780 2540 2843 9323 2625 
261 310 5950 7784 3216 2822 9380 9843 6230 6278 2152 6453 
262 4588 742 776 288 2894 1473 5378 7461 1877 5247 4295 8966 635 6271 
263 8330 7767 524 5738 3829 291 2514 4983 9206 7937 2493 9334 
264 7453 2343 3702 7200 6795 2100 750 7800 4182 5623 2679 2604 1293 
265 4838 7940 948 3116 5094 9919 2849 424 8460 1704 1540 9690 4277 
266 1973 9732 8881 4992 1204 7673 6028 6696 2457 983 3626 
267 3362 3774 3278 9943 579 2815 1026 6790 2724 3250 2361 9417 8036 
268 3088 1560 5391 1341 1435 911 1646 8532 9970 2586 1295 1107 
269 7913 8950 1808 3432 2416 9697 6976 7560 2139 390 9850 9931 
270 2620 9636 7367 2858 962 5536 5361 9373 6468 7624 954 6439 
271 1998 594 9471 5653 1225 8825 2329 3447 9689 1174 7489 4124 8375 
272 9249 6647 5008 4624 5840 3031 2827 9958 6595 8423 6632 3153 2252 
273 7108 6200 5348 8471 21 6840 1712 5831 5224 9773 2055 
274 1922 6801 2480 1132 4123 7182 9379 2792 2830 8349 9296 8098 8089 
275 6143 3693 8356 8389 8006 7478 8971 1086 2148 2647 1292 1001 9472 
276 1874 4181 680 2155 836 9668 8032 5786 6421 885 6870 8669 
277 3870 5646 813 6562 991 2690 1814 5156 7358 727 6151 7395 2449 9776 
278 2015 7609 5782 7720 582 9211 7031 5173 5363 9259 6461 1658 1898 
279 1140 8102 8029 2680 1925 4956 6014 8053 3234 8751 6288 
280 8047 7528 8341 2162 6994 7241 3941 3113 160 8043 5538 
281 1061 5498 7711 9578 7627 2819 559 3284 1599 4165 4620 8797 5989 9635 
282 3230 6988 8254 1554 1551 6611 6224 1014 988 2961 9329 6750 
283 943 688 4925 14 3368 7101 5634 6118 4375 6990 9875 731 4129 
284 6583 4559 2896 3056 2091 5505 3613 9374 8611 3488 1718 1120 
285 7779 6222 8239 1659 8113 4173 6895 5624 664 4606 8910 4908 
286 9019 995 5732 9153 8170 5136 3063 7719 4363 6589 1966 4955 3713 
287 4717 454 1113 2698 7142 828 5737 2676 3102 2262 5144 603 7303 5735 
288 6610 5141 9865 831 8237 7296 8459 6617 7247 8311 6760 630 7869 2853 
289 240 8793 6127 6306 9026 8331 8641 5544 1570 747 4097 3545 9759 
290 4949 6293 6894 2092 1860 5053 6679 3927 1982 3301 1881 
291 6238 636 687 1854 2546 1347 4230 5549 2002 7881 6964 6401 7035 
292 5979 1442 7601 3534 8056 1923 6432 4926 3641 5595 7559 8131 
293 4325 6911 4530 2499 1033 6972 9170 1377 2886 6847 4402 910 131 44 
294 8719 3635 5346 5908 5322 1806 3853 7426 1837 8137 1128 8106 5266 
295 1284 8632 2983 5330 5532 2370 717 4671 4120 6650 9796 7083 
296 1018 0 723 5664 6576 4612 2820 3120 3543 7307 2010 4374 
297 218 9528 6170 209 2749 7277 9092 8618 163 9281 5731 6289 
298 1956 7835 4320 6699 4261 3211 5917 2466 6653 5339 1708 2456 7568 
299 4644 2237 4898 7069 7989 4240 8790 6812 8424 8905 790 8789 
300 1022 8373 7127 301 9903 7285 7437 5370 1476 3412 246 3984 
301 8571 6382 8473 47 2124 3209 6768 8931 3041 3313 3021 5057 8269 1038 2090 
302 7346 3324 3957 9376 3229 5229 7136 9010 1726 5884 8818 7089 
303 923 2593 8276 6680 9659 2608 6947 3642 5596 1824 2623 8022 3335 
304 9910 4191 5570 4051 686 9081 5900 564 3004 8478 7851 7039 6844 8941 
305 9914 2112 5164 9456 5098 7488 5432 7168 3318 9099 
306 2448 9289 3330 2021 5080 9739 5298 8332 2257 8280 1901 8744 4484 
307 1546 1286 550 9682 1654 7754 6578 9465 6294 1488 796 5127 
308 2709 1459 9862 5762 5626 5489 4752 3015 4516 532 5865 9932 3458 
309 1529 2710 8240 8822 43 8095 6773 2627 4766 7853 6086 1374 2508 
310 641 2308 1216 5877 1818 3441 4133 3186 4692 5170 5280 8044 3781 
311 4317 2678 3232 2342 6146 8016 973 1606 7058 2097 4504 8091 
312 2177 693 7050 3741 4380 4972 1679 7459 9178 1683 3617 9168 6934 
313 9740 1411 9231 7671 6032 6212 8576 8757 2225 3012 2583 5832 6675 8980 
314 5254 1713 1177 4012 9883 8837 5374 6530 8014 9898 108 1082 2208 
315 2541 264 3828 5895 5248 1092 9448 4339 8755 5855 5230 8211 6623 
316 7458 4337 8620 6974 2461 1766 3792 4193 7289 6613 6691 6079 9115 2363 
317 1785 8119 5635 7556 3166 7521 2144 6074 1129 8507 9437 1375 2764 7238 
318 5975 1356 7650 155 4900 5347 2911 3034 2120 1089 8120 3871 
319 3729 879 6644 8622 6880 9057 8345 7181 3059 2494 
320 3367 3246 1416 8153 5475 4762 5316 4976 7427 4151 1892 6997 
321 8000 6541 2759 1524 6674 8359 1749 8487 1334 8180 7696 7976 1019 
322 7655 6076 3091 2474 815 2368 2413 2380 7228 976 5645 2175 7537 
323 3086 6548 5764 8702 8010 4162 3700 3408 6588 5657 8443 2824 
324 5573 3312 3685 2495 3611 604 6010 6113 2378 3644 6993 3712 5726 5407 
325 5985 1131 935 9726 3570 298 5003 6506 7863 9494 1230 5476 
326 4604 9920 9880 2454 6868 8851 3690 2877 8501 4324 792 5434 
327 8422 2977 9548 784 7623 4799 3327 5937 8867 6612 70 9430 6828 
328 2265 5317 6158 6470 4779 3118 8483 4158 3084 1701 8957 
329 8758 3508 5734 2876 5198 7036 9102 2567 9119 4311 1948 1820 9573 8372 
330 2099 7483 7511 977 4768 7892 8663 3523 7991 2301 5046 5944 
331 8111 7519 6245 6217 243 5834 6545 9129 9891 255 5150 8775 
332 7862 1736 7330 1940 2645 6287 3158 5618 2027 7487 2848 3224 
333 9913 4022 1285 1367 762 874 6243 8206 944 3171 625 3185 7855 
334 4321 6855 2760 1947 2263 4716 6516 471 176 6487 5685 9308 7723 
335 4048 4810 4475 285 2470 6717 2793 690 6775 3465 1758 5575 7133 
336 1002 6913 1088 7059 4844 3917 8325 2049 7095 932 9326 9808 5244 
337 2751 5296 6850 9933 928 8374 5785 9961 4697 5349 2460 6339 9956 2770 
338 3193 8070 3439 189 6678 7420 1350 2915 6314 4236 3978 1731 3994 
339 89 379 258 5211 2642 9322 1358 5048 5787 912 8880 1437 132 8163 
340 9449 8792 9385 6616 6755 1119 8108 5754 1287 3140 6011 
341 7376 7088 8230 4000 8526 9960 6093 4640 7649 1575 4215 
342 233 7534 7535 9924 7986 1365 1979 8122 1760 7315 6973 1677 1157 
343 8878 8895 3438 4854 8820 9798 5118 7057 3206 5833 6063 8196 
344 174 137 4772 7497 9997 6405 850 5925 2019 6153 1720 7302 
345 6745 9509 4043 5404 1582 5819 9899 2872 6460 6467 2163 4760 8594 
346 3288 1421 6614 6349 7094 1894 7062 9583 8927 3449 8404 1454 840 
347 1143 798 6124 5812 8508 1042 1764 4715 6886 6106 2579 9351 2022 3218 758 
348 5562 2171 5621 3512 3338 816 6481 4351 1962 6701 410 6423 9766 
349 8994 4419 9072 1949 9295 7498 8870 6148 4254 7642 466 4118 7405 
350 5742 8139 3566 3292 539 8720 322 1231 1025 4568 5788 1691 
351 6744 3388 5811 6225 7859 7295 7589 4134 2624 8685 5423 7539 
352 4352 437 97 3848 9756 6019 2993 2069 3043 5459 1951 5438 2563 
353 9864 8679 313 1428 8565 7978 412 2154 4759 5978 679 1665 8714 406 
354 7432 6129 819 946 4286 8249 5960 5493 3013 7606 1549 7300 4531 
355 2669 6499 8520 5064 2561 6501 2637 1895 3074 8417 5109 3349 2490 8897 
356 5281 9519 9076 2549 1354 7516 8836 4427 6354 8517 8972 6246 
357 1206 1670 3297 2300 3227 4144 3347 4722 5202 1238 4057 3589 4783 
358 4948 388 8568 3020 2075 9540 7700 4176 4928 5935 5051 1829 
359 7383 408 9897 6173 8885 9829 6928 4049 3303 9365 224 4719 
360 1695 9999 9403 5604 3676 35 6917 4934 1594 5047 845 451 8607 
361 2717 8722 4698 4015 871 3959 3143 1479 6313 9399 4945 7079 5458 2273 
362 9049 807 2954 620 7090 1819 7917 5450 75 8114 395 8939 7111 
363 9579 3389 6480 581 1333 8304 9615 4608 7727 8147 2683 1552 1011 4319 
364 3705 1776 6740 7924 548 5980 7387 6631 3079 1187 4332 2656 3631 901 
365 7379 7891 1021 9687 1056 7071 3502 1816 6276 590 2421 1638 4987 8461 
366 1194 1427 8830 9748 3731 4074 1456 9501 1754 595 6391 5778 1614 4865 
367 5919 3111 9090 5000 8334 6062 2729 8469 205 6555 6183 443 5269 729 
368 8599 5813 2074 8948 1699 6431 5174 9977 7416 777 9674 3812 8654 
369 4836 5721 1422 6514 609 329 9765 6511 3820 3310 4251 8552 8467 
370 768 3694 4249 3655 1102 6416 2754 7706 5185 3998 5616 7831 2138 2862 
371 9489 8245 3926 8099 588 8936 3911 3591 1397 7669 5926 2145 2450 2238 
372 1037 1433 9138 5426 4415 722 3634 3431 6108 6464 1274 6918 325 
373 8546 1821 7680 7658 6256 2670 6066 822 5893 7297 5545 7371 6273 
374 4065 3145 9817 4913 8906 7450 2018 5268 3612 7533 3981 5665 9311 
375 6600 549 6735 1426 1709 6887 7436 7235 6250 2083 2750 1076 8174 7950 
376 908 6441 7561 332 4235 8633 4901 5687 42 8017 5718 6260 4883 587 
377 211 6665 881 5658 7707 2070 360 2527 5396 1797 593 2897 1809 1953 7185 1958 
378 384 7239 7314 5717 5776 9392 5103 3864 4142 1588 6553 5504 8210 
379 1269 7113 2166 3433 6362 9672 6099 1 9978 2940 1137 1522 3106 1418 4951 
380 5914 39 9229 3104 1533 4584 2004 4468 2964 5912 7880 4149 8636 5270 4350 
381 389 229 3530 415 9810 2283 7747 6154 8475 5825 2475 9396 304 2813 
382 3767 5307 3778 7176 3805 926 3006 6157 4284 6948 1360 522 4393 
383 3161 5679 6547 5593 1385 9047 9894 964 5312 1641 3480 6933 2821 
384 7600 6319 3552 1186 2806 7476 5431 1590 495 9885 2331 107 1366 4841 
385 2944 4361 3311 7947 7363 2096 9147 9721 1262 9606 7540 4737 6919 
386 3272 5891 3430 494 4122 8995 7337 9363 2763 40 3838 2631 5547 5629 
387 7196 8982 3755 1842 9533 9397 4625 6427 8354 82 9197 1909 5233 8255 20 
388 4523 8290 6484 8251 9644 4174 4252 3390 5257 9358 3902 5055 6867 86 
389 4390 2812 3008 8999 4107 2966 7023 3374 3619 860 9148 4273 1574 3886 
390 5245 9985 7844 9503 3277 3703 2428 4614 4757 9656 8765 4424 9545 8499 
391 3252 9750 854 6397 4127 3740 1077 367 7898 3235 4183 2752 5148 9215 
392 2981 9569 4636 4939 1400 488 6046 369 5644 7725 8336 9499 5029 7820 
393 3028 6208 1763 643 2214 7316 8410 1722 6606 2001 5550 6258 6351 5273 6690 
394 9451 4052 6150 9737 3810 7267 6301 2922 2811 3359 9553 447 7311 5395 2170 
395 1015 1706 8035 2805 7782 698 9599 1058 1933 1155 4308 6872 
396 2359 613 6607 4005 9253 1322 6214 9567 7340 1390 2550 4 8364 868 
397 4450 4629 486 5343 6965 5171 1431 6241 6820 5612 7388 3942 8535 5162 980 
398 8433 9372 6509 864 9658 5062 5470 6603 8199 9230 3563 5446 2094 4662 
399 3751 3507 7997 3633 2172 2684 6102 6813 9336 9117 2011 392 2064 9775 270 8138 
400 2007 9436 6207 6430 852 6564 1633 1781 7248 3973 8752 8944 1036 3671 1127 2130 
