1 296 268 238 2 
2 0 6 97 
3 75 3 
4 180 106 
5 216 287 240 
6 103 61 189 
7 85 219 151 
8 80 124 173 
9 249 76 262 
10 87 117 37 
11 54 182 
12 164 26 152 
13 167 209 235 123 
14 116 55 
15 212 247 
16 108 146 31 
17 184 140 143 
18 41 42 130 
19 110 177 17 297 
20 88 45 
21 168 207 155 
22 99 53 138 165 
23 34 64 170 
24 275 205 49 
25 161 217 248 
26 13 28 70 211 
27 95 190 1 
28 127 89 120 
29 294 197 231 252 
30 148 160 47 
31 62 48 186 
32 133 114 69 
33 260 181 
34 92 298 145 
35 136 121 196 
36 203 201 
37 58 111 104 
38 72 158 20 
39 259 100 288 
40 210 241 90 
41 159 35 84 
42 220 22 78 
43 8 191 233 
44 4 157 67 
45 162 291 9 
46 7 245 126 
47 134 102 266 
48 276 265 
49 246 73 270 
50 286 166 109 272 
51 299 230 27 228 
52 24 128 254 250 
53 290 271 
54 273 202 71 
55 107 222 118 66 278 
56 156 81 52 
57 105 295 215 
58 218 239 93 
59 15 16 149 
60 60 284 46 94 
61 19 253 292 
62 125 98 
63 198 122 
64 227 82 194 
65 74 101 
66 144 86 229 
67 171 14 264 
68 18 112 257 
69 200 11 77 
70 137 10 
71 63 12 
72 150 43 
73 261 195 289 
74 57 5 208 
75 44 68 192 
76 225 131 175 
77 285 135 
78 187 23 255 
79 38 269 176 
80 213 
81 193 129 185 132 
82 56 204 59 
83 267 147 30 
84 263 243 154 
85 224 50 142 
86 214 258 206 
87 281 29 251 
88 21 236 280 169 
89 39 163 199 
90 113 244 141 
91 174 237 242 
92 277 172 139 274 
93 32 25 
94 96 115 293 
95 79 83 279 
96 91 40 223 
97 226 51 183 
98 188 119 153 
99 232 283 178 
100 282 256 
