1 7024 2526 5497 1515 894 6655 6643 339 
2 574 1270 3912 851 6704 6703 6820 1422 
3 699 2443 3741 5091 89 1010 8536 
4 6373 3895 384 8127 3547 413 7600 2720 
5 3545 7401 2277 6735 6454 800 4713 897 
6 2355 713 2131 3128 258 4101 7238 9855 
7 7706 5738 9479 6295 7372 471 5259 6096 1315 
8 9213 5473 4254 116 7093 6720 6861 4345 
9 5439 1801 6647 5970 931 5585 8340 1022 
10 7329 4327 1165 5148 2649 2327 8366 
11 9035 6298 7763 8611 215 234 9886 9466 
12 1523 9043 8965 5620 4200 363 9912 3152 
13 1546 6187 1249 787 9018 9793 9248 1375 
14 640 503 3653 6766 9698 5733 2498 9948 
15 336 6615 1521 1229 8132 256 8616 6403 
16 4479 9041 8728 5913 424 1860 4146 9460 
17 6796 2495 8596 345 7009 6031 376 232 
18 3503 2086 2007 9084 6817 1555 2215 347 
19 6579 7456 5219 2752 9789 3421 2604 176 8174 
20 8100 4326 5580 9973 5903 2891 7105 
21 3243 6595 3060 4014 1685 8687 5344 
22 7766 8934 9345 2776 4473 9693 6244 7212 
23 9299 9682 5781 9669 4858 2308 5978 8266 
24 370 4060 2059 5101 8200 8962 1897 3533 
25 4733 7185 3188 5463 7752 9864 1317 9575 
26 7481 6039 8794 4172 7913 434 155 8331 
27 6896 4155 4539 206 9777 918 8544 6400 
28 2636 8460 291 6114 9758 936 1839 2568 
29 8053 7724 6530 9068 5531 120 4182 
30 1158 3051 583 8528 4746 2083 7066 7963 
31 9107 7186 4996 7614 4825 3857 9330 8435 
32 9274 6055 6241 2394 608 4045 1743 2773 
33 7795 7738 4921 7189 3940 8901 3729 1930 
34 5821 9679 8021 4664 524 9452 3346 3734 
35 6995 5318 511 85 8473 5256 8532 5247 
36 7692 3573 3121 8133 7420 4520 1934 3718 
37 4551 114 8733 6880 2434 2476 6622 1960 
38 3701 4828 5399 5370 6731 3342 9095 2359 
39 5230 3968 6394 714 7360 8023 3003 233 5629 
40 3311 8343 6656 9542 7498 3210 3082 
41 6826 9922 9017 4937 6577 132 5598 6334 
42 6664 5665 9061 3183 5272 1122 8530 265 1466 
43 1345 9626 2162 2912 6864 9618 3604 6259 1673 
44 7499 636 7088 9174 2529 8990 1360 2164 
45 7505 7172 9291 6777 2180 8870 1101 979 7715 
46 1247 5123 1339 6273 9011 3031 7844 
47 3856 6597 5207 3585 2626 3686 1418 
48 814 2685 7130 9257 2058 1525 3748 3848 
49 7749 3991 8651 1287 6001 354 1112 3100 130 
50 1634 1624 6183 4516 3932 193 3959 9381 
51 5126 2242 5000 6811 9941 6466 9420 4785 
52 923 4610 6802 9631 5475 3872 552 368 
53 6300 3565 5447 6057 361 3632 9279 2982 
54 8363 7294 5810 6801 8228 1590 1075 4318 
55 5616 3019 4787 5667 835 5462 9019 9484 7419 
56 8669 5239 4068 8983 925 905 9803 1216 
57 727 4627 4273 3869 1455 630 6077 
58 8214 6043 6181 6064 8491 9072 8403 4900 
59 2892 7333 1784 6876 9771 9069 4181 5480 
60 4456 4413 7554 2386 5636 575 9957 
61 9059 3228 3163 8882 6218 4788 8731 7258 
62 1030 4235 2717 2934 3907 6383 647 53 
63 6784 9269 3248 1600 2779 8383 1311 
64 180 4585 516 5185 8049 473 8232 6583 
65 7669 2340 5050 775 2762 4906 5753 3985 
66 793 6194 5959 3836 6950 9342 977 96 
67 1147 9322 9193 7040 6066 5352 8592 
68 7479 419 4465 6230 8639 1536 8742 
69 1537 4286 7146 1000 7203 9646 1664 1193 
70 3117 1796 1081 7911 4387 293 1606 4202 
71 7507 8250 6689 9050 1620 981 8494 6845 9706 
72 3692 8626 6385 4871 863 5728 2326 
73 5451 888 3949 9589 9727 6158 9428 356 
74 9689 8579 8588 6240 7847 20 8078 3849 
75 4400 4930 8298 895 1632 8284 2616 
76 826 5902 4076 240 4087 6363 8158 4641 
77 508 4192 996 5685 9200 7879 8497 9805 
78 9780 1794 5469 5175 5818 3467 9135 
79 6775 91 9964 3153 2904 2632 8039 2071 
80 1006 3408 896 6274 1076 5609 7211 136 
81 7030 7176 185 4709 7197 6167 147 1148 
