1 2735 4882 2942 1529 7187 1307 9368 6982 2601 5019 8009 4868 7295 2864 3284 
2 3090 7224 8932 753 3510 2663 2368 7479 4485 4643 7232 9026 137 3494 9709 3556 8359 5136 2739 3088 4931 4750 
3 1209 8323 2538 9135 5779 8831 6989 6716 5674 1455 1152 9658 8815 3999 3416 8627 3907 1033 5840 8525 8887 334 7322 988 336 418 5142 3080 2114 4392 6045 360 5571 
4 1776 4511 8796 1436 7275 6967 9809 6082 4825 4747 1531 5583 1337 3753 9023 4264 5738 2462 8946 7969 7025 
5 7957 5954 5562 8973 8830 6898 3074 3136 8469 6264 3523 8676 3446 6768 4548 1795 3800 1312 8607 4463 4752 5179 8337 4725 
6 4058 8024 825 8157 9012 9805 6597 458 9742 853 5695 7727 9038 1368 1771 3845 9113 9881 3076 3296 2284 6803 1714 3399 4431 6887 3649 8949 9792 3390 4865 8612 7758 
7 9313 1113 533 8198 6718 1376 3154 9883 3166 2747 3836 9123 6358 3633 8808 
8 549 1605 5539 1792 7034 9561 6297 5861 6216 6237 9880 6596 5364 4055 8401 924 9911 9431 5035 9598 4370 9531 2632 6763 6400 4452 7688 4386 1076 6095 3192 3819 5224 1969 6911 
9 5934 1874 9199 3293 5486 4330 3436 4362 8304 1525 814 386 7721 9188 8013 8422 302 
10 4679 3338 7007 6235 9378 3854 3827 1706 5812 9700 
11 7109 2209 9362 9358 9542 7341 4591 7045 5181 5950 6812 3242 7982 2068 8049 9086 6929 1108 2759 1419 4780 1133 9369 2865 4823 
12 719 6248 2040 754 2622 1918 8704 9957 7260 1650 803 6187 2830 5078 3223 1397 7300 3369 7888 2946 7136 616 325 1909 7410 
13 6031 7534 26 716 8470 2479 4279 8822 7725 96 4810 6137 7390 4612 6673 5022 6586 5731 6702 4399 8078 831 1300 
14 1040 7028 4602 1177 2173 9037 7777 2394 2558 9321 4043 2805 695 7474 5180 4420 4361 8278 9831 
15 1560 7329 7737 7211 8816 5952 2059 8956 9832 1250 5853 4471 7978 1559 
16 4758 8739 7464 4930 5582 7718 7420 2087 3979 7419 9886 331 8317 6214 191 2029 2427 5588 2598 4741 455 2677 5819 
17 3580 9503 9116 8034 6244 9897 1062 9429 3432 7749 5909 6970 7433 
18 7929 3384 2916 4299 3879 2600 6279 4862 3621 6584 4714 751 5608 3507 7817 7967 6179 6686 
19 6252 425 2808 9859 6114 4135 9867 5975 2469 1226 8069 6350 
20 1273 271 3951 2686 5917 3542 9696 7811 7253 1246 1715 5360 5882 94 9111 634 2692 4576 9108 9873 8429 2610 3533 9536 2508 406 7533 
21 1867 8055 8574 849 4028 8368 5374 1785 6319 6855 3659 3538 154 2792 7023 2472 132 8174 2013 9061 8156 4716 
22 8758 2856 8804 3714 9784 4690 6772 9934 5026 6415 9515 9750 638 2225 
23 6822 2957 6747 267 3362 9134 9106 9789 3856 8651 2772 8841 347 7137 6429 4739 5552 7452 73 3941 9695 7244 5855 1115 8080 5370 
24 1178 524 6379 1117 7339 6823 9943 2947 3962 676 1901 4620 53 5414 9601 3198 1437 792 4363 1350 3857 1261 7795 6260 
25 8890 1320 4577 6577 2262 6233 6084 9340 7977 371 3113 6439 20 4277 939 9860 
26 3055 3779 656 1580 5554 1098 1215 6589 1146 6386 8593 4947 8361 7531 2342 8124 2953 393 790 8352 4633 7818 2277 5669 998 
27 9550 7916 9219 7570 7414 130 6888 4515 9403 7960 9193 8336 9866 5905 6863 5490 605 6278 9094 4743 2280 783 1301 5159 4338 4319 8957 5063 
28 8773 4318 3237 3684 9060 2283 6552 4483 
29 9675 3910 3160 5711 8155 6544 1670 913 1295 6390 4841 4040 432 4432 
30 8292 3409 9349 8820 9992 3862 3736 1519 1154 8242 8750 9318 9605 5292 1954 6611 4600 9041 2767 2145 5839 9010 7049 4568 
31 3371 661 9320 4807 6475 8434 3818 8687 2585 6283 5453 5664 9225 3925 2636 4937 8692 9788 943 1442 8120 2019 
32 3629 9347 5727 9625 6985 2934 6856 8245 2220 4939 2534 365 1624 279 3339 1197 4634 8141 5589 173 9725 7377 1370 7623 8483 1759 5555 6195 1173 8320 56 690 9811 9560 5931 3969 
33 1005 1773 6293 2605 9410 1160 8018 1985 2661 6238 4669 2378 9870 2980 9081 7241 5378 869 1191 3712 8879 8606 
34 6670 4112 9927 6231 3587 8117 2727 401 7310 1479 6210 3562 136 4127 
35 2061 8458 313 9634 5205 1537 1947 1595 1583 2160 918 7259 402 1513 2 9533 8199 6478 473 2239 7292 9235 7893 5118 9455 3954 721 3243 7185 8834 5269 6153 1064 1038 6492 3093 1019 3255 8921 
36 1757 4194 2784 2323 6645 8462 494 2407 531 9424 7363 6868 6120 6909 441 7504 8863 2389 6376 4732 5705 3187 3996 7055 6373 4908 4295 8226 8850 7111 5280 1137 
37 4309 5332 8780 8661 5226 
38 563 286 1980 6799 8511 5401 5513 1274 9220 2540 
39 6381 3540 1908 8835 2787 553 952 7746 1429 9496 21 1922 9848 7589 5114 2929 3254 182 410 7416 6291 4891 7146 
40 7657 5875 4421 4630 3666 6749 2415 7498 3305 3895 5263 8597 9056 4117 5998 736 5529 6800 8494 3844 6600 8732 8885 7338 7658 7660 9922 3914 2730 7784 6644 
41 7070 8557 2641 2338 2537 1272 2896 4709 826 6625 7626 4856 4985 8933 5155 5463 6847 2728 5963 420 414 5216 1116 8250 2812 5898 4728 9461 3688 1758 
42 2015 8493 1981 3751 1188 3508 1444 5220 9425 8697 8234 8776 6217 861 4755 7242 6968 8372 2165 1074 2770 1210 3860 9131 
43 9449 9613 9324 8745 3584 280 8547 2630 6102 7897 2097 2655 9686 5151 2855 5467 9875 270 431 5058 9494 8249 6613 9834 
44 9847 209 3396 8955 3585 8851 5603 5170 4491 91 294 8244 5083 275 8105 6605 8225 9226 1976 7798 2552 6077 6175 6385 9621 3491 
45 9913 3842 8857 4073 5105 3277 3691 8603 8200 305 6510 2299 2532 1463 9756 6276 9855 3350 75 2421 7540 8195 2818 1212 7733 
46 4078 400 6413 3554 6307 3434 6197 4744 1590 8027 395 11 6140 4106 4266 3474 5215 7388 5862 7703 1262 2214 9253 6371 2860 1698 5407 296 7017 8891 181 1456 
47 5018 1363 4935 5158 9252 8108 4754 7853 4053 8050 2012 2895 2365 771 7738 829 7482 
48 303 5387 8484 1830 1955 8351 3605 7048 871 3364 8642 9222 1308 894 4340 112 6224 687 8565 6387 6940 3401 6653 4757 8276 451 2113 111 5964 5749 2243 1207 5939 6060 
49 187 7846 4428 6503 9314 8419 5351 4595 4615 5838 7276 244 2108 6178 1448 4224 6406 4590 4642 1592 3060 6090 8235 770 1614 8185 9677 
50 4071 8715 210 856 9557 9068 5135 9249 1539 2582 5984 7447 3118 6183 367 9893 4180 5596 7577 3064 5046 7393 
51 2917 3236 3051 164 9297 3370 8909 4089 9516 9538 8273 8743 1041 1310 3645 6602 5958 7542 7362 2131 3745 1594 1948 1009 
52 5970 9649 1030 3036 5678 1997 409 8272 161 8996 2439 3625 1217 1679 6036 7440 5289 752 5479 1789 2499 8752 7851 9339 3769 3002 12 5065 8385 9648 8119 
53 5324 7325 8598 4674 2189 9453 9713 8625 7859 3715 3140 9454 1699 3656 
54 8731 2426 364 560 5747 7782 8284 3001 9726 4239 6553 1401 8100 8090 5202 8083 5629 7173 
55 3607 6164 9406 2147 9104 1386 1768 9054 7912 7829 7208 9842 7078 777 8563 2625 
56 8878 2425 1819 8004 4426 7488 5172 2621 6431 3006 9630 7622 9442 309 3841 3600 1919 6355 2127 2985 3871 2391 1972 7035 9095 4337 
57 1138 5858 1723 1804 4703 5091 9021 9 1903 308 7996 9878 1718 5714 
58 2883 5572 9512 1218 6023 4355 7769 578 3732 3373 2063 3534 1790 3221 893 399 4866 116 8599 5739 4316 7771 5624 8570 8394 6950 4310 6725 9304 
59 3578 657 9998 2768 5484 7340 5605 8076 4949 1961 
60 9619 2714 3739 6360 5433 1294 7915 4786 646 6157 2844 5122 7894 9370 1179 9328 1446 2350 8829 217 9244 4571 6332 2733 5456 6535 9124 2647 4956 4451 9169 8211 4197 9004 9916 3588 
61 7013 3767 968 4961 2347 1162 3189 4864 7509 6052 7008 8507 2697 6453 8463 5646 
62 6663 7779 3904 2758 9269 438 7375 
63 7913 5008 8601 2151 4711 4851 7120 3295 5330 693 7728 914 4359 733 3091 5264 9342 4797 2623 6973 8279 7069 5508 757 722 
64 6466 3564 6206 1530 7226 4761 2250 1859 2885 6809 7562 4792 4130 880 2923 2345 586 6983 3340 3470 5577 7510 2269 8432 2801 1083 6852 3034 2821 5399 307 4611 9765 6595 
65 3167 3197 7196 4867 6886 9209 8058 6824 2122 724 2437 239 9490 6234 7566 2500 8215 7528 9828 4694 1632 3324 3548 1916 8363 4795 5617 4556 1213 4846 
66 3696 5441 3246 
67 8477 965 7406 8588 3614 5250 1000 
68 3549 7230 4233 3502 5636 41 9254 5962 6094 2867 3981 523 9441 3454 2366 1008 3874 8502 7935 7594 80 288 6813 2721 6923 500 2367 4380 885 8600 9099 9782 955 5753 2376 
69 9563 9702 6771 3821 7239 9612 6374 8097 3905 7645 6451 5464 1031 4682 2938 1026 1342 4626 3917 2433 851 6417 8702 4774 7991 1570 4054 6257 9906 
70 2465 9267 6745 9763 7250 7076 6427 3207 
71 3307 9282 2963 2212 7630 3519 4335 7072 8668 1889 3431 3132 6516 981 6841 9771 5130 1642 
72 2247 4184 5748 2967 1200 1491 7162 767 2578 7197 7805 5785 4997 1695 7153 6174 9183 577 5149 9327 7478 9437 4402 5643 4609 8983 9120 8404 5889 1929 2618 3043 
73 5192 8277 6457 9524 5347 2904 1299 6460 1309 6024 2515 6041 76 1159 1136 5408 
74 7401 5517 2143 47 895 802 7697 8761 847 2404 1109 7830 2612 3075 7525 2086 6730 5411 1925 9748 7240 1727 703 1856 2213 6347 6028 323 3720 2022 1691 8647 6621 2550 2502 
75 6412 200 435 6012 6398 1046 4403 1745 7271 3622 2935 5101 9160 6642 9433 8928 1094 7904 9079 2263 1597 7272 5956 1895 9098 2168 1766 7279 2878 6569 9215 4977 3929 1573 
76 2519 3239 8376 9071 7097 1817 6154 9066 4283 1467 9669 4976 7813 5953 
77 2316 2020 2123 9469 6951 1873 8346 3875 772 5428 7642 8116 4195 8118 4272 5804 4892 4263 2648 5694 4345 3438 7743 2555 4578 9958 7976 651 4367 8626 4766 3964 5581 2300 4241 
78 713 2436 7379 7113 5211 9270 2504 6722 9247 909 1818 6325 9682 1743 214 4512 4684 9791 2071 9178 6954 2604 3238 5011 6096 9311 7586 8131 
79 1315 4196 3067 5541 3188 6021 7176 6172 7761 5799 7092 6513 2740 2402 8150 5600 1470 1317 2911 9384 8127 7099 7921 1265 6860 9693 6993 
80 9752 5654 5369 4080 3490 3263 3669 4147 4652 9896 396 3689 2959 6915 3672 9142 7790 9447 3660 3419 1824 5068 6027 9853 8439 5432 8685 1556 4010 8706 2185 6317 1552 3792 8923 3749 
81 700 4583 1984 6119 3114 1233 883 6101 9948 8970 5356 9265 1096 9089 4060 8935 3314 9945 3455 1187 344 2542 7454 1932 1567 1694 7947 7522 
82 3555 394 9052 354 5732 6764 9817 1942 4007 2035 9238 4992 2835 1468 4219 4487 4543 43 3980 2295 2358 5512 7461 1996 8920 7511 2302 7054 1036 8717 4324 8046 4189 7424 3069 7161 4606 
83 9976 2642 6202 1835 7444 8339 8513 1885 801 2030 2950 3336 7157 4640 5410 5871 5797 7905 4506 3681 807 
84 3442 7398 4141 7631 832 7323 5465 5260 4798 9234 7090 8624 8229 4221 319 3251 3963 5259 1682 8402 4142 6789 4348 7011 
85 6831 3276 3459 7668 6069 4558 4806 7477 1660 7103 2388 9388 1944 434 1264 2024 8416 4523 7280 8129 9080 9959 3908 8914 340 6701 7895 3084 9446 6461 9390 4049 2593 
86 117 6155 1372 2649 6547 6865 1912 7315 6814 8788 5597 7549 5836 9520 
87 6901 7104 6327 2140 9822 908 3623 3469 9229 7394 2607 5396 3320 9661 4025 4082 6520 1049 1249 8256 1600 4474 4918 6978 5653 
88 9679 6321 3536 7852 1219 1238 1793 7954 5798 2456 2103 2210 8866 6614 3559 
89 6403 2330 4964 3392 3893 4777 6298 2405 6314 7179 4237 1999 4874 4030 1975 2779 5776 9280 5460 9129 1633 6152 
90 2384 5062 3590 3019 351 788 1958 5521 7983 2100 8106 8171 4799 
91 3855 2401 1635 4481 6538 4137 4794 6247 3685 4541 4227 1631 2021 7075 4439 1542 860 5355 6732 5311 3520 469 314 8251 2922 
92 5300 3758 9954 9082 5981 6636 7652 1490 8393 1571 5707 1242 4408 480 3522 2064 7154 3848 
93 6198 5890 2690 4704 7066 138 942 5043 4800 5622 285 714 3231 126 9980 5473 2099 4660 3318 3144 746 3677 9668 8865 4374 5225 3975 
94 1515 3104 4815 596 9144 8014 949 8188 7812 930 808 5640 1203 8755 9800 9351 1810 5059 3809 6467 1439 
95 5440 1625 7612 378 199 8585 1474 1762 3261 2126 9163 9299 6104 4853 5567 7712 870 2517 8852 9939 2254 3808 2816 4614 5945 1028 2050 5321 5833 8238 4753 247 
96 1992 5996 1221 2780 7236 7682 9364 422 2477 6639 1960 8662 9593 6866 4394 3765 3235 8314 2995 4333 3832 877 6091 7819 8295 8900 4448 1848 1517 8282 9818 2326 796 8556 
97 1335 7553 8440 1959 6742 3785 3429 6737 6313 3476 6864 518 6578 6181 3610 4166 6773 6043 2752 2834 8387 8438 1821 2266 2689 9909 2172 3120 
98 5445 8020 2520 1627 2261 248 3129 4119 7732 8529 3258 1872 8344 5481 9268 2125 463 3142 2027 3650 6620 5561 486 2868 834 8132 3922 4683 7436 1230 6721 
99 9325 7129 3196 5285 2997 9562 7613 5133 1782 8972 983 8907 963 4155 2716 4275 8611 7029 3665 2794 7437 3111 
100 2135 7687 3601 1777 5699 3108 7448 7386 979 1746 2187 2246 6581 732 215 1876 9694 7231 3316 6540 5498 7674 4912 2560 6560 7634 3497 3171 3882 7112 49 6844 9793 8441 2597 
101 1097 6752 1121 2036 4686 6409 4834 7209 1496 3155 9604 9908 6416 4114 3044 6171 6926 1034 5052 4565 3763 114 8931 7302 4878 2481 1216 8452 2629 9766 1247 910 4042 
102 8670 6953 7505 3558 5842 9501 8977 9568 9296 2908 251 
103 7429 8832 2106 8224 5425 3317 3345 2525 4989 6156 5409 4087 2694 9043 7872 6880 5040 6679 6802 8495 8632 8986 820 
104 4839 4586 57 3375 2399 5169 2556 6380 7392 8903 1393 4718 1364 7508 2452 5993 6054 8720 3828 3961 6308 539 2778 923 
105 4435 7174 7086 1910 5087 7816 5014 1884 4699 15 7062 9785 2089 4290 9968 2179 2874 3374 2678 9821 8165 4876 7218 3023 7694 4943 1617 1043 1865 5361 3110 795 2544 1204 
106 9003 1778 1169 7654 8126 6838 8533 1457 9119 243 2887 
107 6263 1973 4366 612 6751 6223 8159 9022 5969 8196 6080 2170 5162 2221 9301 7235 
108 1135 9366 5448 7989 3810 345 9399 1147 5499 9467 8948 8430 
109 920 6150 5593 2343 8854 934 2933 9444 8801 7624 6619 3285 8400 4936 5530 9194 1140 1379 8001 3737 
110 8703 2006 7117 1640 6000 3105 105 8035 4638 6587 4138 3774 4294 3303 3094 3456 4484 623 9759 9434 2353 6288 3858 1006 
111 8640 5856 7102 9382 6352 377 876 6213 7515 8617 3447 946 2104 5880 8988 9994 8544 4000 8478 2016 5000 5367 5271 521 3219 3728 8999 7639 9025 7896 5232 4695 2163 
112 5235 1323 2738 1755 6575 9652 7595 3165 7081 6422 2395 1027 25 8442 4259 5703 9772 919 3063 7369 1619 3863 9960 4390 
113 6807 5358 4107 1869 8772 8530 9264 2270 2732 102 4764 8981 1914 5143 5670 6211 4086 9706 1584 7755 2308 4144 4051 3152 1144 8418 9365 2638 7257 3652 7427 6434 4844 1722 
114 375 4575 8902 3602 7684 3292 9395 3452 4464 9835 5655 6490 6215 4416 3516 8908 4678 8369 8137 4286 1923 
115 4525 9020 3202 1075 8723 8358 7053 7374 6676 8397 
116 3253 2357 8254 3840 2409 4857 5967 1338 704 4888 3958 929 8843 9758 5023 1395 9790 6488 9112 1535 7590 4979 6149 5525 3674 333 6564 5634 1080 9660 3224 7391 7343 9596 5415 1558 8414 
117 8329 4260 9845 640 3047 1453 127 9458 8367 8869 5033 310 174 6099 5501 
118 2949 4208 109 8348 6128 4274 1239 8030 9165 159 8560 3992 355 4453 4628 9136 1193 1598 8109 8233 798 5157 9651 7403 6829 7598 7756 7892 2014 1268 7702 2423 58 1014 1087 
119 474 3381 8151 4562 3526 8121 9423 1671 7944 9237 2688 3363 1737 5960 2549 4308 7057 0 
120 5868 601 511 6192 6739 3530 2954 594 6064 7529 2568 1589 2341 1048 4787 9914 5607 4118 8096 5688 13 8722 
121 1543 9412 5112 9681 1206 6062 3846 6696 283 2901 8136 7015 2974 7163 2888 8411 5029 5865 5020 
122 7928 7180 166 3116 211 3215 1523 7216 5444 9699 2955 8340 3056 5319 3349 3838 4570 2169 8396 7824 1677 7601 
123 1105 8998 5959 5154 4921 5042 232 5633 1214 1666 1906 4513 278 253 72 6065 9076 4668 9614 221 5973 1579 2130 5293 
124 6277 2788 2335 7884 3325 2551 4528 1907 8969 6960 644 4177 
125 2720 7198 8464 8803 615 5553 3986 7189 8248 8360 7360 3244 8944 564 747 5657 6817 9189 9317 1599 4897 9176 
126 5693 2495 284 5757 8306 6779 6343 5820 5129 7039 7489 4149 6035 5665 8374 
127 9514 7320 2838 9949 208 5627 9628 2075 2291 7171 8555 9710 1073 774 5314 4125 5786 8926 1709 8048 1654 9162 4650 7552 27 2892 5185 6949 3934 8052 1481 3942 4968 3724 7783 8217 2609 
128 9409 6735 2881 6357 782 97 6762 4045 4235 5941 3216 6059 366 1132 1371 3385 3061 9930 8738 6046 3864 9600 1148 5368 7946 176 6514 
129 84 7428 9869 2118 6076 1721 6638 5069 9379 8540 936 5379 1591 793 3704 7206 
130 9707 1697 4154 7648 1503 1904 8379 4858 7903 7143 6363 4093 1466 7781 2921 9526 3070 3824 4978 4273 6941 3492 2032 
131 6815 7575 5284 5502 8971 1314 7708 5805 5834 6557 5053 4146 1575 7603 3627 9067 926 3185 9721 
132 9140 3024 5816 9575 4782 5457 1259 921 2776 7383 575 3234 1551 7646 5645 250 9616 8169 7367 3837 160 7324 7774 6933 9637 6979 4510 8594 9558 6931 
133 5299 8459 9341 4202 1550 7602 7729 4099 2652 92 3636 5713 8864 7080 202 2417 1330 2438 9208 2804 7760 389 8054 2509 
134 2571 3291 3181 4533 37 9155 1428 2003 1853 905 5851 2832 1225 426 8365 6275 9936 2734 7166 9336 5244 6494 3218 8331 
135 7956 2626 6942 6523 2570 7014 2290 2164 5514 1263 118 1946 5268 6301 9278 3859 5278 42 2749 4710 3489 8252 3919 143 8514 9582 36 3581 316 5044 7673 9573 3107 1931 
136 3869 9246 9815 212 9944 9100 3228 8938 7971 6452 2713 4692 4594 2599 7384 1423 684 1092 6061 1357 4960 4681 7655 5616 
137 5717 9030 4705 5535 990 9284 7438 4617 5532 5104 1783 8291 1741 7857 897 4843 8081 5349 8512 6006 7354 5733 6754 5683 6661 2725 750 265 1585 1825 579 3825 
138 2695 6634 8795 3541 6338 2527 5835 9684 9812 4105 1886 9987 4698 3027 4457 121 5496 8247 4165 1183 4950 3511 879 7033 574 6419 2046 299 4962 2786 9146 8154 
139 423 5881 8158 245 9735 6141 5241 3086 5391 812 694 5102 6169 3000 4890 664 8056 4240 3884 5051 7964 4424 3250 6311 7252 
140 5086 9996 9666 8071 8976 1167 1548 1017 3916 4763 7970 8859 7544 6334 8232 749 5845 8838 5857 2664 
141 768 720 2011 1324 1700 4585 169 320 2561 1271 4809 7627 7930 9862 4746 2285 4526 3912 5928 3822 5740 5109 5826 6770 1602 7951 4261 2055 6113 
142 6706 328 3445 933 7000 1937 9044 5139 5789 1329 335 6590 8053 4193 9500 8754 8818 7412 2606 70 9711 3229 9329 9380 
143 8175 1228 6922 5012 8768 3439 3760 5302 7518 3015 2251 1582 9555 9552 5666 8740 
144 4090 4437 3193 6161 9298 5451 8268 5163 4014 9258 9929 9331 1224 8498 9697 4183 3020 1174 7681 2312 3417 1952 2608 5458 1306 
145 7040 481 5650 3789 5214 7685 7150 3227 6491 459 3646 624 2546 7262 3372 6641 6437 5569 220 2144 4389 8810 3389 7839 2488 9903 6388 6918 5418 8735 8 4540 6349 3586 
146 8708 3138 1208 6643 1800 2468 9950 4419 1572 3045 6776 2274 4026 3642 9841 9580 3440 1128 9214 9184 3259 
147 9084 8173 1913 3230 7610 45 4430 5420 2419 3920 6532 8621 4671 5648 6411 1788 9443 4731 4315 1195 2815 5988 
148 7965 19 7020 977 9002 5809 7882 3759 649 5866 3754 2048 2248 2861 7502 6218 6816 9049 9350 5461 1426 9417 8386 9259 9493 6111 4350 8690 8884 7002 
149 3156 2079 9316 4048 9273 6726 5709 2359 4898 2634 5943 2700 478 3628 1927 5084 5787 804 3872 3781 7395 82 6019 8770 2848 4281 
150 2356 1013 6765 7382 5503 5031 3122 8486 1458 23 8753 6528 9522 6894 8608 7485 5873 5075 3335 9007 9747 3042 6348 
151 672 7210 5006 9130 1977 4064 7191 454 4372 5092 4532 9319 7987 7516 9722 2547 6736 9039 5186 7046 7735 547 186 7326 9050 9058 8619 7359 7953 7748 6258 5322 1020 
152 2432 9090 8448 5662 3906 9159 7043 8876 5310 5702 1051 4128 9192 3007 2375 8212 2390 7352 5326 4845 7016 2197 6572 6996 4604 3687 8319 
153 311 9377 9250 6616 6 
154 7861 6851 9473 6903 3972 4980 697 8827 1845 2377 5124 8236 5992 3039 9407 133 7806 3673 5523 3360 9053 6543 8283 2336 958 6126 8964 289 9814 3059 8145 8454 2679 298 9354 2724 
155 88 1833 3170 5307 5303 252 7856 3909 1902 2025 8693 1844 7844 5436 2098 762 7937 
156 4379 4020 7628 5777 1222 4256 542 2790 3648 1079 8793 3877 5219 9983 3573 1409 9152 3376 1982 641 7264 2964 
157 4059 7114 6199 4973 3475 2171 6480 8237 8307 2633 6682 7791 5191 1822 6117 4573 3300 8281 6785 8656 4174 5961 3301 8714 8349 9993 6788 7476 4538 
158 9305 8021 3257 3319 1465 8806 5371 6622 7130 3897 6014 1156 8417 2195 5774 1185 3400 9876 4769 9451 
159 7399 2782 6536 5405 6832 5751 6270 3366 8378 93 5658 5004 274 4378 3799 357 8596 1615 
160 4894 7585 8435 5017 5234 6316 9381 6274 9975 9033 2900 9421 515 4472 9085 6839 862 4204 8161 745 4251 9780 738 6862 4280 7678 
161 6695 1528 9627 1630 8194 7637 1181 9070 5070 4450 7659 6326 2541 4442 7739 1205 573 637 443 8797 8508 6650 8113 
162 7561 1252 6711 975 9138 2591 6545 4332 
163 5335 4143 5710 9401 9105 9654 5240 8338 4713 5100 7770 7984 6407 660 6699 5470 4821 9810 2332 9739 6938 3344 4336 3351 487 1151 3273 9535 9047 8114 8572 1287 9567 6063 6533 
164 1305 499 5910 6444 8444 4496 3337 4152 8299 4454 6738 3406 8060 3299 6074 7858 7625 7705 4422 6685 1279 3274 2458 6465 392 
165 568 8536 4153 3885 3778 2660 1035 4735 9334 3204 
166 222 1353 368 6850 9917 3977 4547 4252 7591 1351 5930 3397 7100 5195 4321 5894 
167 606 372 5034 9813 4938 4003 611 3795 2119 3974 907 4607 1644 2927 2580 1431 4168 1638 3710 4096 2846 1707 262 5483 3473 4210 7838 8524 7835 548 7431 5395 9168 8043 4861 5551 3028 
168 4494 5107 7492 6818 135 674 5557 4659 7142 6548 5537 5372 7573 9114 2793 4647 1964 8805 9355 5203 4501 3195 5573 4242 
169 6783 7891 2112 5550 8665 1110 1220 7842 8767 5208 5041 1461 6103 2268 686 5827 5925 2282 201 1165 7327 5918 1021 755 3096 7269 3003 7669 7968 391 6853 263 2691 3903 
170 9393 4164 658 7662 4869 6261 66 4677 3775 2831 5380 4625 8437 281 3267 7917 1606 2712 4945 6697 6846 8003 6504 2795 1659 4192 9525 4641 108 2833 8919 5404 3012 
171 8950 4658 2455 9951 7344 8167 3290 8631 2505 8917 9826 2931 4832 6678 1322 6977 972 7551 5796 1373 4276 6001 2136 5492 5772 2624 4287 7617 2200 2823 9977 8519 6185 6917 
172 6002 2603 2975 6430 2132 376 7282 7457 3102 2234 3225 1289 2666 2723 9315 5752 5659 5474 4220 7441 4803 2845 5471 
173 4307 6115 2536 9385 2440 7284 8516 1839 9663 8992 9547 9040 4952 1360 8457 5111 7751 8943 8275 906 5253 4185 7467 
174 4948 39 5564 7564 8293 6775 3699 4470 688 9489 537 4812 4095 8388 7304 8589 3780 8488 9290 1935 1343 3850 
175 3444 8104 1406 1260 9042 7555 5021 1369 8904 5730 3811 8760 1720 9361 4314 5482 1042 2991 2854 1761 3639 6299 9786 2726 2466 79 6300 2157 4649 1641 840 2862 5848 9577 7700 
176 8518 5743 8713 950 9109 6426 8860 1182 6098 3124 8182 776 1392 670 7220 83 3182 1767 8522 8936 1763 1011 2687 632 5886 
177 5424 8184 1381 9933 5096 9197 4161 4702 3928 3637 8163 4186 3994 9829 
178 3817 3008 9118 3414 7975 2406 9505 6657 5160 9248 1921 8590 3466 2370 9292 163 8077 8922 9978 3927 1358 9530 
179 6916 554 6135 7704 476 67 5346 631 7200 2764 2827 3923 1015 
180 4742 8213 2742 4833 3915 4011 2796 2102 4715 6506 5115 6731 7126 7469 6943 204 436 3327 4811 
181 7475 1794 3594 2074 379 3839 7907 8506 7122 6372 5286 9991 2001 3998 2450 4778 7985 8082 7641 9172 
182 2920 6780 4084 8991 3921 3462 7629 3657 2875 4356 7309 1176 3731 833 3595 52 4038 7822 6928 9899 1493 503 5288 8045 3545 6162 6629 1712 5638 6335 5146 7158 6959 5485 1356 
183 4094 8559 206 5712 3615 9492 4109 3482 8298 74 3770 4539 9322 8749 9482 3137 7407 8261 1990 456 556 9175 7056 2325 4500 6792 5775 681 1576 2847 9024 9608 794 
184 5860 9698 1852 3424 2060 5495 9633 4665 584 8485 3930 1738 3570 8460 6056 5556 1501 1298 1229 6226 4265 2062 2294 3391 5354 140 4983 2005 1141 2521 5413 60 845 4808 5125 962 
185 7499 3457 3740 984 4503 3624 3721 3524 4958 216 5976 7843 2051 9823 4550 501 689 2413 7094 1668 4621 6791 6339 4521 2590 8727 
186 5497 5027 8449 4706 8940 2031 4636 9751 1346 2037 2042 8111 3788 2662 2379 6468 5677 1285 8683 4883 5209 9507 2238 6870 8947 
187 9888 9207 6410 4953 9757 3026 9769 8259 4249 9962 9566 4302 6873 1891 9397 8428 836 4004 2093 5906 8270 6542 6655 5893 5531 5447 2331 1675 6693 9486 7676 383 948 2134 
188 4601 4635 3989 2566 332 2288 2244 1717 184 3010 701 7059 9672 3711 7087 3571 144 8898 4479 
189 273 1492 4624 4720 9680 7698 8610 5914 7301 2319 7972 8330 
190 8310 7768 9685 5756 8085 381 9947 141 3949 4884 9132 6871 7381 9303 7763 3496 7167 6712 7389 6142 242 1882 7345 1596 6608 1673 1850 1484 1432 6760 6899 9719 1120 6998 7289 3612 5883 
191 4618 6607 854 1276 7274 7762 6746 6132 7609 8031 3186 953 3851 8107 8047 9921 4662 2897 
192 4008 8447 6804 4957 417 4656 6268 1297 1846 546 1511 2930 6562 7918 5005 3 1774 3127 3761 9946 6129 7741 3560 
193 7463 9935 7993 6526 9640 4920 9553 9232 775 9035 292 991 7599 9479 2383 3123 5323 5687 1538 8778 5778 5570 1851 2202 9413 9445 3831 8558 1398 5204 5515 188 8044 2410 9770 
194 519 2429 5491 6658 7190 9874 2497 645 5344 2741 8686 993 194 6085 1752 9623 7132 6047 8916 4293 9824 1623 
195 5769 7512 4781 730 9631 4613 4872 9062 8190 7692 4544 4608 8605 589 8356 6668 5056 2361 2976 8888 3618 8350 6087 
196 6689 580 5948 5771 5282 1459 1779 374 4206 2851 5317 1561 8325 3599 227 3266 4852 1649 7855 764 7736 5126 3486 6551 4729 3543 3591 8674 7123 465 2819 
197 1066 6456 8209 146 9806 6710 9795 7941 5001 4775 8176 7724 1441 6515 8821 7063 1732 1007 9439 4923 9126 6273 2961 1129 3514 6458 4490 
198 9799 8840 1430 4291 6932 708 4278 9923 9981 896 1930 5417 8177 543 6810 8140 2670 3805 9055 2522 2183 324 2970 4480 7038 2643 1288 8091 2073 9940 2310 8123 1472 
199 677 4873 4885 3220 780 2181 2352 843 2781 3493 4871 9678 2906 8882 7267 2760 8366 8799 6939 9170 6509 4572 5007 7024 139 1385 9891 8041 5831 1099 491 3886 9154 8622 3289 
200 4855 6541 4848 98 4376 2706 2852 6512 711 6463 2088 1291 7107 2988 8011 5223 9587 5788 9932 4393 1665 2161 4813 8910 2007 
201 769 513 6004 9251 2360 779 3525 6464 7201 7584 5729 2971 8689 6707 4478 8032 5067 
202 4377 4693 4661 507 8682 8219 6580 461 8945 7041 1494 7909 7291 9034 3634 2496 7251 5544 5895 7472 
203 6724 2523 6329 8747 3083 5212 3465 2984 3793 4653 8228 2498 78 3547 582 4002 5692 7351 5506 8170 7556 8997 7939 2267 4447 8139 3944 9850 7869 5362 5758 6919 295 994 
204 7711 7346 9952 2478 5794 3404 8729 3662 4461 7942 4369 9218 1375 5921 5823 1520 4108 1506 1172 7814 729 1278 3172 2301 2592 710 5174 
205 7716 1411 8905 7578 6688 8065 5454 6143 
206 7468 9230 9465 8751 8837 6892 9622 7214 5896 5547 7093 
207 8227 9843 5095 8172 5781 99 5989 3378 901 8724 5439 7742 1304 
208 3647 1733 2303 1164 8115 3312 932 9279 6867 667 2905 4697 2564 472 1082 1055 
209 3147 3468 7077 614 2989 405 2444 4916 6225 4915 6318 760 1516 9643 4382 7607 5365 4131 5397 246 8707 107 5978 828 5318 5631 6518 
210 7088 3294 9065 4830 881 8542 7933 4555 7715 680 4824 338 8289 8901 4343 9584 9460 3013 9966 1277 4993 9416 3212 6354 8643 1765 5755 349 9210 8130 9371 4563 3880 9990 
211 8029 8274 9180 5291 3426 6133 4828 6089 1352 5221 9659 9508 536 5262 9837 2272 8526 8828 125 8873 7385 1611 7124 1893 2918 2226 3427 9013 679 4779 3631 8618 
212 6228 1024 3354 8653 5621 4605 475 7901 2640 4021 4701 3790 7823 7866 3157 7147 2936 5148 7350 7349 1086 9717 5476 6271 9396 2208 
213 6965 3773 2731 6220 7172 6296 1422 9177 4347 7316 6190 8201 9484 2276 3883 6170 
214 9581 1803 867 5610 4569 5076 8354 1775 1235 7706 7997 7914 1354 7833 8765 2249 8677 1812 4354 8959 4790 343 805 
215 7227 576 7181 9491 9794 8561 7719 3611 6242 
216 8189 1512 2470 8285 189 5679 5526 9083 1071 1967 2898 6443 9141 4456 2829 3448 9989 3613 6897 8015 6442 8381 4740 3764 5759 1044 1374 8655 5494 8451 1367 4929 
217 8395 7188 3005 3148 2518 7686 3866 2702 2543 5724 3896 1302 6026 3593 8160 2393 912 1897 9420 4062 8532 528 6337 9470 5336 8347 4190 859 4619 4972 7031 5560 7517 9797 4904 8142 4160 3984 557 4156 3528 
218 7318 8698 9985 6729 106 4139 1211 4331 7548 177 492 3283 7618 8666 5723 2203 
219 6913 8629 718 9744 6999 2275 715 8403 4327 4796 1744 
220 6529 3640 2748 326 35 7665 1365 8671 7456 9928 8099 1047 6921 9418 3926 5331 9323 6872 2094 7565 6481 587 8980 1410 1001 
221 2418 6306 6229 8839 6499 5455 2441 4158 
222 4829 6399 2241 3115 9865 6539 6604 4982 28 8817 6486 3878 5750 673 2849 2066 2101 1658 1683 6118 7744 4911 
223 1194 3119 40 9357 7808 9617 4171 6163 3271 196 2535 6106 7592 6292 3065 3141 5320 2348 3943 5478 207 707 
224 268 1421 8088 4941 
225 9121 6793 7860 941 9565 3705 4427 3702 6191 
226 3168 8302 530 1655 9830 1729 9164 7643 380 1613 3057 617 1166 8492 5878 8664 1389 6519 5534 8125 813 5383 9572 34 773 
227 622 5359 4717 2385 3574 9778 5587 9074 6432 5416 5979 101 8825 2090 3569 3500 7459 
228 8102 4223 7690 9477 7874 2952 156 2797 9262 8737 2095 6196 4443 6925 5032 90 3269 8883 1499 4727 1119 5614 1926 1989 1380 2194 9529 9745 8482 7484 1408 4013 3535 
229 4066 5480 2977 4730 9895 5546 7127 8230 5239 669 4476 
230 8564 9544 8262 482 4914 9926 1527 1553 5994 599 3038 8984 2645 819 5394 1988 740 1924 2162 3630 4817 3982 6204 3078 6777 385 4005 4148 8734 5874 4083 3460 3184 3718 231 2449 8008 6241 
231 1563 6066 3213 7462 1747 8748 8134 1749 6249 7061 5618 
232 2008 6200 2382 1500 4205 415 6280 9475 8475 6495 6728 2315 1861 1504 2334 1690 9233 7656 5807 619 835 3286 
233 5343 6455 9586 428 9419 3270 6344 659 8523 2842 4776 1772 8017 8288 4012 6353 7620 5908 3387 3081 4560 1857 213 4804 1072 5469 785 3835 460 3151 131 8223 2683 648 8070 
234 6694 2899 4959 2754 3539 8764 2743 4616 4737 2321 7423 8602 3046 5543 4553 818 6342 
235 6912 6582 4899 1820 9438 6708 6920 9783 6869 7121 4001 6396 3365 2644 7653 8680 54 9257 8180 3275 6496 2843 7530 3014 8327 5449 1139 
236 6633 8792 5626 6446 5844 7342 9527 100 8101 4358 4654 509 3550 8650 4282 7370 9882 5754 1610 6525 3888 3484 7752 1828 8757 4751 5828 9223 5342 3405 7600 
237 5222 3176 3632 3066 1201 6425 444 4415 3970 7245 3278 8481 2893 7493 1532 223 9961 1806 8197 1753 195 6079 5249 4182 9398 2798 3226 653 3983 1202 3797 8893 3097 2273 7537 9673 
238 3245 7347 8809 4499 9001 2218 5061 6987 505 4900 183 4771 6778 9312 124 6936 3552 9145 3162 9427 1966 6107 2133 7766 3617 59 
239 5971 1090 8548 7710 4035 7870 3453 1311 3082 3901 1081 3843 1781 6571 4651 1029 9941 618 2281 2431 4373 9868 1540 
240 9216 3029 2424 5686 7193 4819 1325 8191 3451 4497 6591 2486 9885 4446 2271 
241 4687 2166 6255 1863 69 3952 6672 4639 8652 3211 8072 8616 6203 6769 9708 7265 9293 8496 9801 1621 1740 1974 6477 5207 1760 2514 4723 3106 6664 7228 7335 9430 
242 957 7082 5113 5602 9559 3544 3694 7037 9889 2057 3722 5123 1130 122 7145 3772 7865 5980 9372 9148 1678 7871 8206 571 4934 1574 5924 5814 5242 1826 8877 763 170 8178 9117 
243 9901 6404 9137 2717 6630 4247 6677 1814 2229 7587 8775 3757 1012 9594 6320 2242 964 9554 180 
244 7864 457 7373 7574 2639 2981 6034 6201 2729 4802 2109 947 7195 4932 5164 2965 1920 1672 6787 7027 8756 4284 7204 3762 8398 9656 8581 3679 
245 4842 8073 9579 5426 5915 6182 8334 7164 9729 1736 5384 1566 5168 3881 4036 4631 3331 5773 532 3771 8423 6691 7409 791 6368 2836 1701 424 
246 3030 6068 4404 3092 9576 2156 1256 7785 9610 5766 5306 4365 1541 6808 9844 4784 2228 5999 1025 7328 996 9755 517 7098 7405 1878 4325 
247 4475 5466 1240 4673 152 6029 8546 9028 4212 4329 7071 4488 9854 1400 2457 2253 6445 8941 4057 1359 
248 3333 9463 4493 4016 4326 5045 992 3062 2771 9632 3418 9607 1555 2155 3787 1837 6665 
249 7952 8586 951 483 172 5620 6537 629 6969 2362 5267 1067 9471 8846 4229 8456 662 1149 6005 1150 3620 
250 8489 8630 8967 3752 2002 706 5010 7878 7311 4383 6294 3703 8870 
251 8509 277 892 442 4065 4163 2320 6184 9474 8659 5472 8872 9884 9102 5793 2381 863 2615 7966 3733 9999 1680 9676 6606 3402 9937 8582 4268 
252 2327 7319 5920 3022 2245 6727 1476 2033 6009 508 3776 7615 2206 2116 3463 1911 3505 8335 3481 7160 4122 1163 7571 6733 291 9898 2822 6964 7596 797 234 6302 7899 7460 
253 8520 7546 1102 6265 4664 5701 572 691 2044 3135 2264 4559 2023 3682 4351 1945 2524 8673 4870 1243 4181 2349 1161 635 7026 3671 911 7772 5854 4951 5504 
254 7709 1651 7337 5507 439 2751 7483 2451 4529 2913 7273 6774 3913 7890 5509 1545 
255 8086 1384 6474 7085 9078 3991 9478 230 9272 6570 7809 3330 8961 2344 5236 2987 1070 7303 4305 317 9200 329 464 
256 6662 2511 2982 2216 9045 8609 6243 9963 8296 4696 8644 6820 8373 17 8312 857 9213 5256 4835 2587 1486 2017 4632 1068 7995 8202 4412 882 3302 7717 6007 1403 4785 4140 7356 
257 8587 583 6786 9925 2769 7497 9548 155 2672 6105 6303 4385 8333 2750 2503 5685 6070 5248 778 3643 
258 2986 817 3976 3191 8856 3068 665 1475 9031 8505 5824 7110 7371 
259 6961 5991 6378 2684 5165 3730 4542 4793 
260 5649 3735 1433 1716 1656 5430 5852 8583 4745 6755 2351 6889 8762 2701 9781 7183 6782 2669 
261 3281 1524 1797 9464 1647 4063 6331 7246 3146 4895 485 7807 4113 2139 3782 5073 8638 5519 2841 8584 4368 1078 6517 
262 7064 2297 5782 1061 7125 6449 3890 4303 4998 758 5944 2627 
263 6160 7948 1464 9008 5987 2252 4896 86 3518 8580 7496 980 9227 2840 
264 9046 3334 8868 8309 8128 5238 3232 6121 2072 8112 4840 9302 5385 6908 8807 683 1748 6743 2142 4505 2354 4258 8473 7992 2870 3563 1549 7841 5178 4996 8538 5230 9918 
265 567 8711 4990 5201 153 8545 8826 2945 6020 6583 3071 7568 4162 2408 1378 
266 6654 2026 8425 9179 4836 1480 9263 6930 2765 2850 9879 1639 3210 4564 1402 7047 4438 654 453 512 6289 8322 4492 5423 411 6209 4886 5661 6365 5821 
267 8342 7314 9743 32 2235 4328 7068 1725 4749 6312 7614 6681 4406 4498 3948 6138 8824 9404 
268 1414 9495 6245 9872 1223 254 2192 2866 4722 50 9389 2420 5736 446 6022 5549 3095 6573 3719 2491 2773 
269 1993 3608 6593 7178 8357 3748 5595 1382 1477 5522 1449 2069 4991 3515 9650 4418 1060 5294 
270 7862 1994 7506 1896 260 4517 1126 7519 4199 7470 6057 8541 390 5846 8726 6127 
271 489 5716 8203 1637 4520 8990 3425 9498 1248 8649 4176 6617 8181 3052 2777 525 148 5518 5965 1445 2318 7083 9014 7597 5048 8210 7404 9374 
272 3527 2928 1186 935 5913 7847 1232 1349 4969 4159 6447 4675 3085 8741 6423 151 4893 3813 8153 2443 5639 8842 3332 7247 4341 9356 2826 3355 8000 
273 2296 2230 5060 8915 3816 3112 7572 2675 2217 3746 5601 7576 4879 8571 6857 5986 3521 1719 4789 2820 7836 2258 915 3035 197 2219 3853 8433 
274 1724 8204 8573 8133 4088 1487 1143 3323 9665 5255 6055 8068 9435 7723 226 3852 167 6017 1728 6700 341 5536 4124 6750 4243 
275 29 3430 318 4733 7134 8263 3532 4270 6719 2924 7680 7560 257 1934 6131 6267 2876 850 2047 9348 5558 6469 3766 5327 1089 8894 5791 2858 4759 5949 1510 4120 
276 8728 7677 842 330 5540 8093 7425 9481 6882 2745 4966 529 9103 1383 8551 7998 9838 1791 4075 7999 7945 3018 8528 6471 787 2445 
277 7799 6740 8784 3938 6805 2809 7532 1415 7604 5171 2693 1435 1328 30 7422 1296 727 6324 4234 2611 668 7973 8833 4551 8409 6256 6049 7261 6598 2490 16 6384 2983 
278 445 8978 1693 3200 3701 3717 4477 6188 4397 7234 2434 8064 7924 2501 4489 800 8871 3894 5167 2364 1056 6990 5849 4360 8415 591 8579 287 1648 3100 6981 3734 8265 5431 3380 8700 
279 666 8412 2082 2374 304 1471 3997 1348 7101 5870 2903 5904 7294 6859 9488 8658 1858 6315 1987 3183 7219 4126 6212 7527 7731 
280 8965 7691 2619 9072 3412 4549 5722 8427 5309 2392 2951 
281 5381 8699 1170 8192 7926 5071 
282 2176 8819 5568 2083 6259 4580 1544 1726 9714 3619 
283 7455 3358 8324 940 171 995 1546 
284 3693 5377 6450 8953 1880 5098 9887 6470 9827 
285 6039 1245 6282 4762 293 7032 2150 6734 4946 1145 5946 5912 7826 7695 5144 9203 7184 4269 9787 6016 811 
286 7911 3311 3583 4285 168 7693 2053 9798 4905 4226 7959 8089 4530 3723 
287 3049 9255 4170 7248 4863 4433 8353 3798 9846 9546 4031 7757 698 9337 865 8067 5651 3004 742 8813 2257 3551 4388 5066 5121 4680 3506 6986 540 7307 2329 3265 2049 
288 2507 1100 6110 2577 9738 497 8595 9394 7466 4854 7754 65 7793 9167 550 2148 970 2004 9017 9877 6628 6906 8061 4022 6489 2879 5147 7182 
289 5402 1879 2333 2180 1313 6744 4773 5879 3241 2894 3503 5333 1050 6948 5106 7886 9730 2120 3252 2255 9749 3791 2659 8480 7881 
290 9979 8271 9595 6473 8995 388 7387 6896 5050 1282 1871 4209 9287 1452 
291 2869 8328 6159 7557 9712 8059 7010 3513 7019 5036 4198 6527 5524 
292 734 5189 1508 6615 8521 9186 7490 2371 1388 7417 6483 449 8567 6556 1808 6230 5884 5832 1938 3488 2492 756 8543 398 3887 
293 2941 5237 3575 4482 8040 5088 4971 8220 5576 9375 9539 3145 2548 5305 4085 5389 7397 7330 9967 5002 4201 8399 2398 9825 1998 7042 
294 4150 8370 448 830 2657 1667 6013 9466 3675 3054 1620 561 9624 1424 7366 5329 6375 5715 6861 7750 4173 4468 4191 3801 4460 264 784 9521 2962 5388 2193 3310 4445 8710 1653 1547 6507 7714 5334 
295 4495 2422 3680 4405 5632 5684 6601 7633 6971 5094 8326 4981 890 6366 1253 3178 3159 2085 8930 7449 806 6531 6935 5916 4288 5972 8648 7138 2211 2656 3741 3408 
296 6418 9402 3199 989 95 7883 3609 6078 6476 4213 2076 9075 5064 5140 9240 2595 8691 3967 4100 129 6798 9480 2340 1053 4039 2889 2475 2471 9502 2569 8222 2554 3641 1052 5296 
297 4214 1564 9819 5663 967 8500 8800 5792 6652 6579 2052 9333 4009 2034 2910 9073 7949 471 5625 2215 5520 2584 2871 7961 8896 9294 312 2707 4589 6988 447 2698 6405 
298 3988 3651 5746 5668 9620 3411 8146 2121 8785 2105 6698 5009 3597 134 5210 2346 4963 4077 5825 5198 5682 
299 3471 6168 1489 7277 3936 4449 7175 9688 7543 8002 2719 5493 8913 1478 562 899 9266 5348 8847 
300 1664 7889 3579 7430 7249 922 5566 1864 1004 9900 4838 3902 2430 6285 
301 9820 9852 9306 7934 5477 4070 1787 361 9674 7619 6666 7402 7820 3143 9840 8364 6037 5760 6250 488 7058 
302 7186 6952 1326 290 5719 2799 6962 9912 7364 9440 7118 2482 7672 4301 8875 5412 8663 6401 3126 6546 937 5623 4901 9326 9472 1805 
303 7119 9011 7666 7465 7453 9754 7285 7661 2084 5258 7408 9509 8240 3644 7803 5811 8862 
304 8578 3729 9732 4375 2575 1616 2807 1234 6088 7413 4691 4018 8098 8122 
305 8787 7355 643 8562 4211 5768 4440 1854 8231 748 7353 824 7486 809 7541 1280 8466 4672 9692 7696 1454 7268 7051 224 4133 
306 2324 627 306 3959 8730 
307 4536 3103 1142 5295 5888 633 9288 147 9242 8164 5642 3356 5134 6281 3031 8960 4044 8927 7675 6180 356 7583 6176 8725 6626 3504 7644 4721 3931 3529 7834 8636 6958 8654 675 7789 
308 9291 2512 5089 3603 4940 9871 1676 3940 1355 4772 6462 6885 7266 8952 3077 7699 8258 1485 261 4097 7958 4222 6030 1347 6687 87 2489 7950 3987 421 6093 3298 
309 1735 2293 5818 5955 7787 5025 8575 5193 636 4880 6956 6389 1831 5872 7415 6963 3498 5442 3201 8010 7815 581 8779 8811 7520 1849 7258 2222 7667 6147 5563 7133 1318 1939 
310 9283 874 2681 3783 5516 4587 8303 516 9185 4881 8389 1440 7670 1127 4927 5459 5935 535 142 976 
311 6649 4387 3329 7380 1949 9964 4441 2453 5982 2494 1569 
312 1888 6558 7792 9890 4207 1601 3786 5287 9158 8504 8742 2314 852 5907 255 2972 1420 9955 3421 4712 8294 3968 3214 2873 7155 2789 2872 558 2620 
313 1447 6304 9602 6125 7372 4502 1963 4344 7663 6902 7837 8062 1339 4567 1841 8789 2813 6221 
314 1838 6884 7152 1106 7679 2480 6081 8257 4767 5704 8063 9376 3509 7221 9363 363 6947 7773 3048 
315 4644 2654 2467 2596 8963 6167 7006 5097 1622 7734 9400 2994 4974 8669 7177 2396 7919 2811 6759 630 1258 4203 7052 3304 4987 8424 
316 9187 9733 739 2000 3403 4225 6402 6484 6251 7501 7879 3661 6821 4689 2958 5353 5080 4175 2237 5575 7313 3367 2814 
317 3743 9965 9405 1518 3557 7778 9276 5082 7569 9972 5422 8007 2882 938 490 8103 9300 1681 7192 609 1769 9683 7331 9122 4765 8362 1703 5505 8966 4859 4041 8313 2460 1813 5790 7825 2463 
318 2774 8736 7494 2825 9171 249 2673 7636 2260 4398 8987 3377 5929 7222 1104 9667 8814 6290 9720 7802 3161 1554 3297 888 8315 5077 2880 944 5637 737 
319 6269 1674 608 982 5957 8382 7243 6927 3531 9564 2653 2045 2154 2710 5072 6134 8576 8476 9664 9295 2010 6667 8569 4169 1708 8678 7559 8769 9383 7202 3264 5606 5697 8535 1705 
320 8420 7108 4965 1756 2715 5462 7361 544 2153 5850 600 5350 1578 6675 5728 1362 3861 
321 6794 7451 6879 2386 1956 731 8613 7044 4339 5138 4955 
322 5341 8290 5156 5511 348 2857 9537 85 7745 9027 6165 5247 7794 3222 2762 9724 1316 3955 7797 3939 5611 6205 6511 884 1877 7487 9271 8308 3041 4157 9638 1088 
323 61 1734 1438 3433 8823 7513 1189 5690 3435 8075 6566 4582 5527 592 1534 4072 4395 2676 6945 9245 7923 2960 1153 6624 6766 179 7281 9773 1495 4820 5538 9970 
324 2589 9974 2999 3830 9543 2635 353 7503 2680 225 6674 9015 1037 7854 1933 470 7767 4306 7426 1713 9764 759 7223 8057 
325 4098 4648 2711 4349 9705 4875 5830 6272 709 2565 2665 6705 1688 5919 4046 9807 7106 339 3553 9506 6753 
326 7810 2576 1251 3398 6454 6966 9761 9737 5837 9029 613 9574 5911 4357 3450 1786 815 3973 7333 2990 3483 9727 7538 9578 7850 1661 5897 7831 7297 6631 2286 8375 8301 626 7986 
327 3321 8345 8889 5675 4187 4067 5338 4928 604 1730 9260 9432 9690 5545 6895 6585 3386 9545 1646 
328 6424 5721 3833 4244 5584 2178 4300 6262 412 238 4486 8186 4685 7920 7305 8471 723 8162 9091 3379 6219 8763 2709 4700 
329 1815 7804 7256 5313 4579 6588 5427 5270 5741 7018 1018 5446 
330 5218 9128 2791 565 2305 7683 4050 5279 8968 6253 6130 7012 7582 3280 7290 1704 6472 373 123 3128 5923 8858 5312 6073 327 
331 6502 6877 5990 3017 3050 7442 2602 9731 6367 886 2753 175 1702 9644 282 2175 8534 8672 875 4076 8241 6758 256 682 2956 841 7902 7233 6369 466 8305 602 4791 1084 5718 1341 8453 8490 
332 2912 8566 7116 1970 8681 559 3315 1168 4986 8431 6683 1979 4167 9779 1417 2909 4850 9740 5128 2152 5647 6840 1290 1134 8527 
333 2828 6053 9487 9353 1054 6842 382 872 5074 7632 
334 8149 3990 1399 350 14 1462 504 3899 5867 1892 3727 5003 18 5859 
335 3667 6669 2573 8383 603 7378 4504 3287 3626 8501 2993 3458 8022 8552 2926 
336 5245 2198 4371 4236 462 241 1412 3203 7288 1875 384 2400 6801 7962 1696 6033 5274 8166 1764 71 7332 6227 9956 3415 7001 6051 2998 9097 
337 3149 1588 3461 1685 5120 2077 3169 5382 2802 3133 6848 2722 1396 484 1612 3308 9513 8297 1237 8039 6874 4334 9704 2190 4535 3485 7621 
338 7293 2313 315 3249 6340 8187 7554 8094 2948 5628 3946 3326 9849 4074 4136 8553 2186 555 4178 2493 2671 5150 6148 9642 3134 
339 5161 9920 9636 3802 7135 9127 64 9143 6692 4734 9687 8688 322 7875 8958 2978 9181 9597 7400 3873 7450 3911 4726 6487 5435 4079 6717 1962 
340 7877 4467 2207 2373 7796 9592 2506 5901 4232 9448 7635 3233 2785 22 4919 9009 4599 5762 2096 2372 1809 2886 8216 7801 9753 3313 
341 9670 864 6208 8038 8266 9570 8645 9408 4768 916 5708 1842 2863 4322 5132 2461 1941 185 3130 6975 9969 5363 7828 9161 5206 7170 1662 9499 5057 8384 7524 3985 
342 1269 9657 3194 1443 9156 4024 1199 5373 8316 3121 3079 3561 3413 1058 3016 6530 1890 3577 9591 9212 2968 8759 5229 4760 6944 8321 5926 5937 3388 7713 
343 7640 1609 4910 9804 4250 9151 6907 4588 9436 8390 7238 1112 9973 3407 9760 2289 5652 3480 
344 1883 4346 902 8207 498 8079 3829 8445 5660 1509 6680 7065 8721 8033 9701 866 9894 8845 4925 8623 2563 4401 8934 6351 6092 1336 9277 9309 4134 2806 8147 
345 8962 3368 1628 1460 128 595 5298 5903 6995 1823 2586 4622 
346 3697 9556 9087 7255 6984 6058 6618 9392 1862 9077 2817 6146 928 7021 4473 3443 1799 2513 1321 8954 8844 5217 7521 8855 9518 8633 8568 5392 6646 1898 7073 6955 7649 6441 
347 1332 9191 3572 839 9483 8895 5968 
348 4877 5213 6567 5783 9645 4017 1331 4756 6784 959 8253 1236 4926 954 9971 2307 8925 966 1581 8503 5720 4296 2322 3279 4909 
349 3692 7357 4629 4246 7203 969 6346 7411 9195 7650 4942 8450 2309 1045 4248 8679 205 2414 149 4805 3582 3322 5231 5609 9206 452 9746 927 6421 8260 1293 4047 6997 6748 2530 
350 610 8848 1860 4826 7994 3393 4724 9641 9202 3477 1686 1101 408 799 2766 8006 8221 6459 9239 2236 4032 103 3568 9051 6018 
351 5598 4455 3512 1111 233 3635 3328 527 5810 9092 3072 4289 1832 1451 9571 1711 7616 7979 5742 8332 
352 3025 5615 2783 7638 9511 2041 7988 5437 2919 986 9716 9221 7004 2174 6067 8148 678 9422 985 4262 6637 1065 7286 4801 7418 1284 4554 
353 3546 7927 9459 3501 7225 4116 3932 522 5251 6715 5735 5599 1751 
354 2944 5352 6647 3117 7873 1283 7334 272 2078 7207 4104 450 5985 5190 2259 2940 2411 6603 
355 585 6361 3918 6550 4666 5892 6222 2115 5780 4518 4524 4902 2428 1333 3125 5 7283 1868 6322 9736 
356 7435 3849 7287 4411 3750 887 9360 2182 
357 5885 6875 4228 7922 4297 4027 5475 6632 5942 4522 5131 5047 6576 4145 
358 9411 5500 9768 7579 5829 9019 2184 2447 2685 3598 7848 1171 4459 7439 5175 9599 1334 4527 8497 8592 1514 6246 5024 6158 6994 
359 9166 2559 1002 5815 5099 9157 5700 387 7990 8975 2080 5443 3965 8641 6364 3812 3032 
360 4637 6741 2056 6498 506 81 9858 2054 2613 8798 7296 8974 6240 9000 3449 2137 9456 6382 2756 2256 2091 1390 9519 1107 2594 5055 1118 
361 9523 190 5510 6420 8554 8989 6703 9833 607 2412 9767 5196 3353 2199 4514 652 7980 3179 3240 5676 6991 2516 5672 7131 3021 
362 24 2233 873 6659 5725 2397 4667 6609 6790 973 2682 510 999 1502 5421 3707 7358 2744 4298 8092 2902 2583 1425 8897 3898 2117 7115 
363 297 9851 4409 3566 9647 3099 7263 9228 8695 403 1568 9583 6883 8918 8911 7091 2065 5590 467 3101 7605 6286 4831 2311 6854 7050 8777 9588 625 6136 5817 1991 6521 
364 219 6756 7471 8614 502 2973 3616 4623 8421 5847 3663 9655 9534 6393 1855 4023 
365 7849 5983 7940 3361 5419 6827 6124 9803 
366 6139 3891 1784 2539 4245 3058 2966 8413 5116 2667 671 6116 7931 1292 4019 1603 2737 8549 2204 6309 2567 8812 2646 3464 647 9373 7514 9174 8371 5591 5806 8183 5977 5273 9915 
367 7140 8426 3208 1267 1175 1557 5995 8510 352 1643 8243 2884 9205 5864 7647 4988 2859 2205 2614 3700 7168 3567 5243 5696 1361 6522 359 5183 1811 2435 1957 6428 3695 8138 9775 9198 1983 5841 2839 3347 
368 8675 8179 6123 1995 6003 6305 7876 9836 369 3993 5579 2191 5619 8446 4566 5188 4748 7788 1780 4188 2708 5681 6704 2529 4254 8472 2637 430 4267 6323 6479 5398 5173 
369 3655 7446 7867 4410 6438 1281 5764 1943 3098 6038 8620 9006 7726 3282 639 1692 2528 
370 6767 7156 5808 5054 6356 9018 8766 4645 9346 7149 8436 7588 3960 3777 3747 1450 766 9196 
371 6485 9626 6239 8979 4115 8791 6836 120 7558 2969 8037 8951 3592 5630 7701 8550 7507 9734 1255 7900 2763 5357 7536 6565 2177 1085 
372 696 945 1634 7434 655 7580 6359 9497 2696 7096 5635 8026 1626 6086 2628 7215 7722 8468 4091 6819 
373 6656 55 4984 1010 9485 8042 956 1023 7368 9863 3738 4407 2231 7974 6505 2070 3206 5671 9615 145 8168 3950 5869 4531 4364 9476 4592 
374 6843 2915 6377 6910 9428 3395 4903 5966 2487 362 1131 1093 3180 1951 3892 6795 
375 7229 1593 3947 2937 1684 3867 2107 7759 5228 9101 9133 235 8193 8051 9139 7547 6713 9816 193 3820 3359 1604 3487 9275 7932 3150 717 33 5199 5153 9802 5429 7863 898 8377 321 5900 
376 5902 4056 5049 4537 9345 9182 7312 8214 5400 4384 46 7764 6757 6974 6830 3394 9330 2141 9611 7581 
377 5227 3826 4414 150 9064 761 1565 4944 1587 7840 2355 7278 9919 8906 7205 5176 6806 4770 5877 5339 974 5166 2757 2943 7775 3889 8405 4738 900 3698 4610 2224 2196 8087 1003 3589 
378 477 4200 9457 3966 5182 119 8719 1416 855 198 4218 8016 8264 3868 5997 3109 6295 1731 4994 7943 9589 2658 1254 9938 2755 
379 2278 2736 6684 2572 2579 5015 6330 4257 7606 3945 685 2227 8517 
380 8406 6849 5744 5090 9549 6186 3565 6648 8407 5375 823 5187 1394 538 6391 5039 692 889 4092 3796 2553 7095 8135 7500 5863 1469 4597 5802 8994 1327 
381 113 9691 6825 1 8937 397 4353 3247 2304 1968 4924 4646 3158 6881 1663 9281 1652 
382 2531 5698 5393 4887 5767 2201 7821 2138 6534 9307 3664 3346 8939 9517 4311 
383 6900 4255 9289 8110 8694 300 8028 9462 8646 4033 2557 2837 2043 9723 5272 5376 
384 4788 6493 846 9190 419 4913 2979 3499 1257 4552 987 9541 3256 8074 5301 6345 7753 1836 1618 6555 77 6714 2545 4381 6072 4151 7539 3576 8152 3971 7165 9532 8874 4292 
385 6189 726 5887 3073 9450 8615 9741 4006 7298 1827 6709 3437 6436 6761 8716 416 413 4132 6876 598 705 6032 1887 7036 
386 7141 8774 6924 2167 9286 5656 2992 6946 6333 5452 4593 4561 3341 1533 8684 9241 1497 9646 3422 4230 5586 4103 5876 1562 
387 6044 5487 6563 2651 3420 4584 2128 6336 2810 1391 5386 10 1198 4111 5559 2526 1840 978 
388 3410 3865 9274 493 6173 8782 8300 5366 4034 7009 4068 3173 2631 8491 6561 2485 4736 229 8019 
389 1227 8892 4546 4507 2464 1319 6904 8286 7786 3342 7720 1936 269 1739 7317 2914 1488 2287 6482 9635 5108 
390 1407 3596 699 1986 2442 6392 2240 9639 3784 5770 7169 5801 3428 9671 3847 7148 4312 7237 3606 495 5763 3756 8881 9386 3352 1125 3953 4417 
391 5406 9452 4657 1843 3807 7567 2473 115 1521 7730 3190 514 8218 8705 342 8023 4688 1069 2907 3935 6612 1124 3011 7299 6083 9762 5450 3268 8880 9892 8771 9703 5667 7906 1473 5592 9776 9796 566 
392 741 1866 2718 816 4847 2111 2483 593 8537 1829 3995 8861 6627 702 590 
393 1978 8786 8410 4101 4123 1710 5899 2292 7445 5933 7898 5016 8239 3924 1123 5257 1770 8886 8246 1965 4102 5489 3248 6010 3131 1103 7079 810 1095 1586 
394 5304 789 4029 1016 8667 6893 3174 5734 1905 9110 5340 1834 6042 9211 9653 7800 735 276 1155 6145 51 9048 5434 1636 2298 
395 8783 1192 9231 1629 2279 534 4217 7608 1754 1894 5644 5612 1801 6177 8790 1377 1418 3478 
396 3708 178 8746 6905 2939 165 
397 541 1689 3537 266 4396 3205 7535 6048 5803 552 4906 3163 7651 4907 1870 9150 7689 7707 9153 6891 1953 8280 5233 4849 5030 5197 1526 9415 1158 1507 6193 9387 7938 6112 6559 
398 961 4352 2110 5951 5117 4317 6397 4015 628 4413 5542 6635 3978 7611 6151 2337 
399 3654 7194 7832 786 9902 6554 6972 931 4818 
400 157 9864 8637 4400 821 4121 6610 9718 6976 6720 9606 1928 8696 6433 8311 7151 1645 5390 5265 
