1 3171 3511 9735 1422 2640 6167 5301 8741 532 3774 5659 6329 4376 5122 7310 5346 3217 3252 8179 5684 4563 267 3207 7386 7817 7936 3422 
2 281 42 9772 2841 3297 91 9327 6183 7036 3806 1873 5890 4328 7737 3539 4786 17 9402 8881 4971 7002 2881 7517 9982 7008 
3 9488 9662 27 227 2293 1380 3 9395 6215 7942 9798 7983 7560 3356 5800 4656 9852 2831 7403 2402 6645 7734 1464 7477 6506 969 
4 6190 7883 3149 2212 5201 6379 8874 3398 9425 8482 3981 8762 8707 6760 8457 2173 8888 5172 2302 3943 3652 1254 7718 5470 
5 8983 5262 4355 5566 3618 1342 9439 9654 8189 5782 6178 6508 3418 9297 1858 2929 5750 1065 6923 3498 7868 5948 860 8374 9860 6810 
6 1285 4616 746 9806 1855 6032 1064 6874 4514 7037 7400 6697 7557 539 2548 3108 3928 8900 875 441 6108 6122 1615 3196 4490 
7 8143 626 8286 3164 1644 7698 7117 9084 7768 8413 5035 4204 1960 140 5810 4112 8461 2133 1844 8525 1757 7019 5518 1957 1378 3351 6091 7861 9138 
8 1566 1574 934 6563 3866 3396 8968 62 8572 6562 8511 1431 3362 1920 5691 2617 324 8497 759 7943 3690 8101 7754 9132 1486 6327 1333 4105 5361 
9 9543 3630 9336 554 6910 9755 4200 6551 8541 7046 1096 9289 5854 8455 8659 8667 7829 4277 9566 483 8587 7193 2865 1031 7711 37 5471 9342 516 
10 2198 9014 9942 1925 6819 2168 2940 8569 1485 5781 4515 7377 8650 3054 2577 6223 920 1567 3916 6691 3432 5225 728 8305 7738 3687 9741 8514 
11 8995 1040 6956 5756 5448 288 220 8005 6690 4375 7146 3174 628 335 5643 613 4206 7582 8580 1514 1877 6360 5660 3697 8696 5774 
12 3181 9951 5062 2664 8400 2144 6003 3541 8398 9864 5802 7906 7122 1683 989 5994 6129 505 1616 9931 935 488 9473 1900 9859 5624 2041 7154 4274 8092 5723 592 1801 
13 3155 9764 474 504 170 3172 7988 9133 2782 7670 7390 5530 4456 7058 1144 8990 6075 1876 3301 763 8537 1286 1949 1318 8433 1362 5734 5515 7100 3530 
14 6754 2795 338 3005 1160 1412 5424 7213 5440 3434 9281 4179 9287 1371 5842 4482 3895 9929 3088 3222 5267 2383 8243 10 2999 2008 6737 6632 
15 3579 1734 3831 1515 5182 8966 4165 5714 2673 3803 5059 6171 2412 2947 1968 5531 7437 8868 6127 8692 8962 9013 5341 6311 3664 787 946 2789 2388 
16 6975 8544 9669 7295 3260 2868 5784 3090 6354 5547 1688 4215 5075 407 1848 1358 7067 5929 3976 3413 7 4772 427 2478 5582 8898 4875 3444 6806 
17 207 3123 1152 6718 5862 1898 257 1609 1861 3983 7404 3446 1171 6462 4120 7398 342 2460 661 5728 2709 4366 9916 7326 9941 8771 
18 8339 295 8872 9752 4655 473 9975 9242 4500 4163 925 2097 7532 9261 4873 7221 4125 214 9144 1729 2861 8632 2503 3739 3653 9505 6159 202 
19 7662 691 8849 8654 8733 4126 3882 4828 1589 6927 6318 8338 6601 403 639 9427 5202 2237 4499 7578 5246 2454 5558 3165 4362 7396 7413 7595 4707 2781 5273 
20 3534 3772 1021 286 443 2201 1148 173 4903 2040 2030 5279 2318 4295 6024 5565 5573 4244 7366 8626 9225 5753 1281 240 1396 7839 4866 
21 1788 1938 8447 9352 8875 3667 4788 6746 6764 7419 5701 3284 6585 7300 2859 9091 3495 2216 5927 4357 7905 6986 6209 3816 6251 4354 9607 6647 2423 1079 
22 862 1893 5917 5005 7581 3950 7891 9961 5223 3146 4095 38 5306 9068 1147 2114 4819 7233 5078 5651 6116 1663 3219 6688 105 5527 6172 6332 2123 
23 7006 3782 6935 7249 9039 7361 5084 6460 4281 8325 3784 2897 3568 6693 5804 2692 9999 3357 3824 2128 7447 9972 1072 8716 652 8110 2850 
24 5798 7216 13 9974 5244 4966 1592 6676 4096 2843 1871 7135 4344 4011 799 6607 8759 4054 2974 6035 179 6139 2162 4245 856 3993 3748 9444 7021 
25 701 9248 810 1961 1283 2166 5925 2470 8235 615 9029 560 6025 2262 5766 8787 6724 2872 7350 6249 3052 9114 9508 3947 7789 556 4832 3062 6246 
26 4753 3425 4469 6657 1575 8410 5079 6854 8477 4898 642 9179 8140 169 2032 3602 3263 9946 9922 4308 2796 2627 1629 511 
27 3911 4768 6096 2805 4175 9115 82 4870 3802 5744 4313 2426 5404 9839 8761 6298 1056 5688 2484 5099 2521 1265 3294 7658 2285 4993 9112 3120 1323 1851 5988 
28 7782 4662 9890 8464 850 3266 4530 4194 4015 4597 8728 886 9466 382 66 5827 7325 5179 3658 3053 1646 6769 3940 6094 371 8270 8317 
29 4759 9561 676 6794 9139 9356 8506 6105 9919 7188 2390 8149 6873 6438 4080 8674 8608 347 632 3257 796 4871 1778 7805 
30 2069 5966 625 9708 7177 2129 7061 1707 7330 734 5821 1724 2342 1453 2447 4389 6019 9493 1782 3758 3901 1540 
31 4398 773 45 6889 8130 8950 1904 6280 5522 7355 9548 4583 3011 228 5741 4780 5631 2473 6661 9572 8891 2927 8311 1484 5208 3810 
32 570 3027 6888 7790 3921 8503 7309 9267 7866 93 753 8294 5413 5839 924 1418 3941 8283 5790 6009 9711 8947 2839 6067 963 4790 6068 4827 4297 2528 
33 7735 2607 9696 3036 8162 2906 8050 266 230 4229 3166 9769 4218 1611 803 4129 5563 9511 2081 5236 988 7137 8160 4646 7726 1347 6498 6061 3024 
34 5846 3693 2890 6347 9732 1863 6258 5671 6427 5757 7142 6572 881 7614 6063 3879 9262 8221 278 2690 9230 2321 3688 8280 7306 5785 12 9045 7841 4111 2809 2661 
35 1359 4632 2003 9258 9612 9762 7110 3854 2542 2595 2188 3685 8842 8855 5880 2462 3927 6528 6695 3728 1974 3593 9181 6694 1106 368 3913 4257 
36 8346 2330 1758 5511 4239 8462 7927 7176 5192 1193 9093 2943 2520 6272 5024 4109 210 3552 7314 631 7646 4928 4675 7602 7293 9886 617 7540 
37 9446 9826 1587 7621 1818 2512 221 6738 9491 3791 9562 5343 2014 3846 239 5622 4027 7924 1710 1475 2553 506 3497 7505 20 824 7774 
38 8027 1035 5462 6815 8249 8594 2322 4334 4520 2645 5249 3963 3740 8362 8684 5920 4932 9684 2619 1263 439 2957 7502 1255 
39 6198 8504 5903 968 8261 779 5942 9494 1198 3272 2558 2935 4617 2546 8425 4177 7491 1652 6387 536 5932 9379 8531 4061 4913 2095 9991 5666 
40 2717 8740 4473 3832 460 4152 1036 81 5168 3019 5323 2373 67 4147 3807 1721 1517 3370 7889 4595 4572 3787 8308 9904 1728 5813 1651 8096 
41 5388 8980 1441 7699 6445 7111 9149 4745 4638 6230 7809 189 8144 1726 8031 6877 3900 6725 3466 1814 9450 9313 8522 2953 
42 9435 4349 1187 9095 8046 6444 4250 7149 5850 1011 1620 8505 9815 7388 7682 6338 9119 5139 6054 1584 6909 8556 8157 6797 3663 
43 854 553 9340 9884 4834 3292 4348 1784 572 107 1532 360 203 3058 863 3321 4417 5539 2125 7199 4814 6526 5212 3572 2621 6926 4631 7791 8068 9573 518 
44 6600 6791 7822 8566 9073 3905 8634 2167 8848 1402 6856 9220 8332 3134 345 2540 7898 6321 180 591 4861 1471 1324 880 5319 2533 8981 7930 5204 9577 4643 
45 5245 7613 6275 3707 2752 2145 1203 4193 7336 2280 1044 1934 3360 5114 982 3677 751 7550 4668 7040 4908 5888 5158 6637 5681 1211 953 
46 90 7251 8969 6410 7367 1590 1802 5867 991 9677 1564 5720 3317 8661 5731 1353 4321 8401 7506 7241 2806 7490 8647 7152 2731 2712 7174 4188 7903 
47 820 5777 2855 3845 6416 1210 9406 3242 4446 1709 2654 6996 9809 8675 3974 4902 9290 1221 9611 8973 5902 6848 6355 8779 574 5685 8402 
48 9601 2335 6046 2036 8697 4486 3520 1245 6160 790 3887 3955 6591 2632 2663 7681 8758 1213 1733 7140 8809 3752 7052 6784 2467 
49 3765 6257 558 5345 2205 5520 1250 5861 8562 1889 9060 2355 1706 895 2695 2753 9656 4372 9316 783 767 1997 6723 2197 894 6148 3101 6865 
50 5254 7851 9591 9268 3844 952 4091 6473 2158 7201 1643 4657 2656 8255 7973 6719 3004 6712 1823 8795 9631 3002 7902 9134 2907 3829 
51 5233 4189 2358 2860 8083 3757 437 308 1149 1228 5592 4665 9365 3609 318 2432 2564 6853 279 2025 4613 8357 8747 2514 1921 8351 9866 3634 4708 6835 
52 2874 7245 4926 1969 6464 7185 4385 7392 1477 373 2061 1029 3730 8686 7795 6502 7365 2362 3414 6120 2307 6583 7391 4999 8750 9710 4702 9094 2678 2267 8548 
53 1415 3236 9470 1066 879 3598 530 9415 5857 3608 3330 545 9 3646 1156 4676 9209 1940 4763 4653 298 8408 3527 1981 1428 8395 
54 1752 3922 8057 8237 4181 9120 5390 6816 8460 8652 4929 2303 8238 9389 2408 7171 9734 8972 3397 7357 8056 9265 155 1232 9778 5805 5678 9212 
55 3681 6683 2496 2873 5668 7219 9382 8006 7296 8532 565 7702 3246 7656 2034 1850 8473 1973 7874 8852 9305 1157 945 5950 3106 2791 
56 457 9861 8052 9621 9678 7552 5396 8022 6902 8318 6523 1908 8335 6665 1879 4601 7591 1537 5947 2641 6839 3282 9086 1922 8181 9657 166 6717 6090 3857 5674 
57 8039 1030 7096 3118 3954 9797 813 7406 7916 3078 9153 4782 7290 2761 64 4883 6307 9551 9193 9062 1274 9032 6390 6051 7264 3970 6157 
58 9992 9200 6699 9522 4298 6752 1167 6389 5100 7939 6918 603 9497 6882 838 3109 6451 9707 3394 2787 4719 1372 1586 7092 2376 7457 7544 3607 2386 788 3769 
59 8709 9202 4390 3702 6983 9459 7603 8494 7960 8293 2266 2116 3548 7242 3449 3175 475 5443 2224 5001 913 4187 19 4505 2180 7548 621 8802 4369 3116 2249 1185 
60 1691 8121 1560 7331 9322 2018 167 9720 8499 4226 1494 5664 9122 3662 9009 5458 6124 3473 6489 7619 7220 9041 8559 9586 235 1522 
61 4944 7539 1293 3851 739 7239 435 83 6412 8862 7792 958 4493 2653 7018 1884 5572 7098 942 4029 340 859 7187 1551 7527 2994 
62 526 330 3660 837 2037 5940 1639 740 9986 8289 5763 5904 2685 4180 3390 3641 6078 2979 8578 2733 4987 2597 3713 8326 4729 6828 5054 6207 
63 3233 175 5524 3126 9559 2218 7412 8528 5759 1980 3545 4040 4284 6948 2047 9419 7515 3714 6571 6984 7440 3200 1841 1503 2155 5375 
64 5500 9371 6482 7867 8072 7327 9851 6859 6037 9231 3144 9458 6182 1915 6432 3043 2475 1510 5626 1252 4326 7113 9245 7198 8376 6660 692 3645 
65 5934 3611 182 5997 2239 9324 1549 9862 6145 3388 865 3771 5627 9712 5730 1563 8138 3596 5858 129 9503 3221 4552 6293 3369 212 6301 1099 
66 8026 7545 1390 5310 5308 5990 3049 6419 878 9531 9203 1188 5106 4100 4424 830 3920 7095 7189 6254 1129 1634 4271 6303 6141 5021 
67 6507 4166 8468 7191 1220 4724 7356 6328 3678 1256 7039 5964 430 57 9560 2193 1052 2022 1982 2905 3189 3995 2385 6028 3493 283 870 3030 
68 7674 8207 9417 2353 3694 9130 9571 9909 8281 7522 2867 5856 8680 9228 2204 2837 8348 2326 8242 6270 4035 6894 7567 5004 142 9113 2104 6356 9748 3957 9296 2296 
69 2648 1386 3039 6504 2912 768 4030 9825 4575 8296 715 2062 5027 6811 3026 998 4351 1845 7372 1874 4462 8648 9298 4680 426 1181 
70 9635 7496 3492 6664 4068 350 7592 6057 8239 8206 4864 21 2354 3926 1319 2720 3180 3401 9706 7821 6736 7160 1945 1506 2655 5702 9535 8672 6804 7368 
71 6430 6340 8698 3907 6912 1229 6686 9990 8967 2052 7824 5407 9414 2316 6749 4549 1114 8210 4373 5357 7823 6775 4265 7497 6107 4360 5819 5536 
72 3899 8432 4951 3867 7323 1016 6359 3573 2242 2243 4443 3986 4430 6993 5395 8175 1613 5605 9709 2113 976 151 1381 7954 5337 6266 852 2494 7885 
73 8835 551 9930 7636 3698 3348 4309 4247 7761 6185 1215 4623 693 6384 8921 5676 9819 9881 1546 9765 9071 6955 3870 
74 9366 1785 2381 9484 5171 8649 9546 8645 5303 4941 3825 8316 3923 1249 9830 9400 8223 7510 2026 5123 4162 6608 5381 4108 2567 2716 2968 1868 4347 
75 8450 6765 8250 9492 906 8423 5619 1389 4844 4679 620 9303 909 8436 7271 8196 5463 7133 7635 3691 7169 7512 9840 181 1635 849 6202 6639 
76 2414 7984 314 962 8471 3680 7161 6866 3151 3110 4921 4363 1892 115 6433 4737 9507 6789 9647 4649 5221 9373 2959 7618 4329 2969 5193 2810 
77 1038 9213 4115 130 215 9175 4315 3625 6341 5704 6552 7024 1406 2615 4946 3535 4139 4070 6285 9676 7017 7669 5735 6260 8018 8694 3048 7690 3218 1637 5618 
78 6261 8383 4303 1756 4104 2774 7878 3917 4374 2909 2722 472 4288 1034 9588 7763 8475 834 801 5061 2240 8836 5792 8484 6762 7119 7125 1672 4685 6240 4594 
79 5832 445 8607 9811 2933 1913 7748 6971 4822 6296 6674 564 6484 1650 1085 3891 4541 2592 9534 6679 5328 7594 4324 3661 442 6161 4254 9643 
80 4701 482 4766 4543 4415 6092 9123 7519 6634 7872 5875 1292 4652 5183 5770 4160 143 5487 4761 274 3296 9641 2023 9567 8635 890 867 6709 4981 5849 7577 9431 3472 7820 
81 2711 4796 280 6876 1325 2604 9994 7974 3537 4591 2178 8309 198 6085 1524 2151 9729 1901 4159 285 9783 4210 4013 5764 7107 4287 5240 
82 2442 3051 6177 7773 7721 7467 150 9240 3185 4431 7401 7816 9309 1142 7994 5479 7079 2319 1950 8929 6478 7090 4381 8803 3399 
83 552 2766 3139 9785 273 2679 555 3508 7078 529 5441 1320 5006 9066 2387 9292 7732 8827 5715 6852 2345 455 1538 3808 2668 
84 6197 4246 6897 4909 4311 4214 5312 9121 6954 6651 5055 3585 5442 8611 9877 3639 2073 2827 9026 1912 1687 1500 2491 9208 8409 447 
85 596 4122 23 2482 7986 1205 8625 3243 3847 3299 4720 7950 6672 4371 2184 3622 6156 8630 7027 5272 1332 5120 2932 8508 251 3668 1993 8132 9918 
86 7849 1365 7946 9489 4046 7383 3623 4938 901 974 9375 54 5135 8807 226 3939 3886 6343 3445 5980 9905 2336 7252 2718 1279 5231 1773 5717 6435 
87 8103 1425 9049 3632 9454 4034 3275 5218 1414 9554 7305 7776 7409 987 4829 5259 3657 588 9626 5098 3754 4536 423 1722 3214 5787 9766 4418 1864 8470 1648 
88 5241 6294 8710 5082 6242 33 9808 2429 2320 9921 7784 7114 527 6728 6968 4167 6964 1026 7684 9509 9519 7452 9143 1010 341 5481 411 282 
89 9151 8590 1573 8693 540 6292 7751 5506 2846 8944 7062 5417 8248 3231 1552 4645 6494 7971 538 2605 5145 2159 806 2094 9579 7631 5987 
90 7175 7080 8653 6928 7864 9042 975 8957 1368 5429 384 5523 5222 5834 6915 3759 5943 1719 8414 3000 1073 6066 5025 2398 1937 3355 2667 3403 7417 
91 5595 4466 3256 2916 3640 610 4093 8330 7876 1102 9300 758 5037 8856 2361 7428 7283 8084 727 4973 9788 4087 4097 145 9914 
92 3991 6613 6543 873 3278 2195 7607 7345 8794 9970 9279 2082 8352 2187 299 3594 9487 1058 3750 3523 2441 1601 4042 4526 4923 4678 
93 7918 7995 6374 4018 4314 5109 164 2207 8012 7935 2857 9812 3061 4098 3251 2463 1409 7564 2251 6977 6373 8817 3864 8428 6733 1297 882 3188 3633 
94 1826 5604 3471 6168 2736 3536 4639 3934 2802 8182 5838 8591 7001 418 8773 8319 9276 9875 4464 9101 4741 6602 3111 3308 8195 8290 2561 4747 578 
95 3258 1312 9891 5654 6767 8381 5739 163 1076 2286 3494 2986 8722 5606 1598 7676 9226 3945 4911 8729 5011 9987 8043 6921 6524 4714 7772 8986 8799 
96 1660 4447 7653 1429 7744 2339 8526 9898 4440 4687 2808 7962 5220 8925 5299 8295 2324 354 4143 4939 6144 7895 1626 5459 4699 7521 
97 4259 6151 2440 3373 8745 375 2096 7896 3091 6331 6847 4124 6701 9902 1145 3435 8288 7844 3409 3007 8259 6689 7827 206 8742 7857 7342 7223 6235 
98 6796 4994 5 7147 3323 3455 5125 6566 4323 9092 8458 1459 3801 6905 2130 8610 8312 4752 1230 8252 3135 1843 1509 5538 616 9349 3595 845 
99 9157 2813 6330 928 4718 5472 3430 1300 1081 9314 2100 8038 2683 125 2411 6104 1346 2949 9730 9271 770 1384 6917 587 1951 2911 3948 6564 4956 
100 7313 4170 2550 2049 4455 4739 3238 9235 4083 597 1309 3648 4483 6612 4420 2724 8871 5519 6621 3773 8491 2792 9680 2434 2884 9679 4197 6059 5712 5970 1550 
101 660 159 8724 1926 9592 736 7526 4799 2258 4889 6976 9072 5281 6114 9169 9681 802 5541 3965 8171 2259 3626 7498 7565 5032 6783 2497 3071 6755 
102 4634 5955 598 5914 4715 2562 87 7291 409 6574 9442 7150 4382 5282 1341 7373 5003 9944 3342 5305 5155 3447 8987 4936 5629 8805 
103 1134 994 8177 3781 9515 4219 5496 6652 1020 3675 6914 8142 9250 8310 8996 9998 6469 8495 2222 5961 9001 6920 5359 9724 
104 1805 7297 2332 8445 5148 304 5478 6007 2179 1676 4401 1867 6860 225 9135 7846 4092 386 9609 2043 5758 9386 2172 507 9167 4041 2317 6041 2275 3555 9388 5365 
105 5465 3877 7752 8841 1554 1750 8681 2794 3997 3364 8391 2230 8655 6310 2730 3853 9823 7940 1159 8467 9639 2883 3406 5276 3956 
106 1424 1599 9443 9820 1278 429 6677 5128 1777 3871 2409 8222 2624 8623 2389 7247 5118 2379 5270 4851 6568 1296 4991 410 6592 6194 2866 6052 7788 7207 
107 2234 8394 2395 5423 4442 420 1493 9376 2547 7076 5000 6082 3220 381 6884 5095 6058 7963 8570 9948 8065 1790 4811 8077 6164 7371 637 9018 
108 835 1062 7529 6753 3385 5010 7163 4630 670 9835 3484 8665 1761 1321 387 2821 2283 3193 4253 7507 2684 7303 708 146 4561 5996 5386 3334 
109 9670 7277 3216 3746 3339 589 4282 6286 22 2370 8815 1621 8106 8028 4146 5737 3371 1291 9426 3924 9259 1251 5339 4840 6022 1738 6546 537 5473 6496 
110 9136 4660 4327 8513 60 5377 2391 8831 2917 3176 3817 2610 8821 3695 8616 153 3884 4164 2208 8016 3915 6034 3561 8451 932 7807 5342 5285 7178 
111 839 8227 8561 4391 3177 593 6535 1009 1322 7243 6862 4062 5474 133 1796 5847 4438 533 2975 1216 5039 5203 7501 2268 2962 9900 3540 4502 
112 766 7576 6864 9761 8851 9980 1836 3300 111 6590 8755 7035 1885 3454 1057 3113 4614 2898 8304 7225 6619 9061 2976 2487 9784 8715 694 1327 
113 7937 6229 5939 5537 3764 6150 7572 8274 8377 8718 5793 5694 9308 3095 2080 7258 9716 9617 4855 1451 8230 5421 8116 9528 4558 4102 8922 6495 5926 5491 4674 9995 9330 6596 9841 
114 5865 7439 2343 8954 5112 7579 841 4307 3277 1000 2647 5169 680 1214 2121 1645 8190 4522 9085 6777 1561 8748 4449 4220 1385 9422 7164 4548 4331 4690 8887 
115 1204 1531 4760 1562 8108 6966 2701 8828 5670 795 2955 7536 6276 3241 4918 6337 4240 4637 3820 5495 2299 5060 8405 3206 433 5589 3014 8465 
116 910 9131 1178 7449 4803 3427 9078 927 7863 2415 1307 7190 2825 4906 7081 1469 6743 3749 3261 3666 3549 9318 6805 3588 4872 6654 6573 4890 1313 
117 8152 3363 8678 6756 2 7870 9989 1460 258 5509 2404 9217 1401 733 1050 247 5385 4359 9017 3424 7101 543 4850 7246 3457 1627 1150 419 
118 1813 9868 6959 667 4957 7982 8834 7931 7068 5311 3813 7925 1294 1972 2508 1636 48 5623 8804 1970 7287 8163 7736 4571 8935 2115 1445 8629 
119 3210 3701 7845 3612 6322 7086 888 1810 300 2122 1083 4732 2845 6406 5978 4106 72 7961 3485 2131 6858 9539 9865 6184 5870 722 8240 8062 
120 1377 1330 5156 238 36 1612 185 3156 5951 1301 1317 2382 7663 1606 9409 4509 748 7226 1090 7048 607 5719 2374 4841 2405 655 7341 8443 
121 4611 8315 3929 7894 2459 5912 3745 3881 1839 7282 301 8689 9233 4132 5132 6418 8843 6134 3605 2492 7231 9005 8449 7486 5286 396 6086 634 8782 5050 1596 
122 498 4392 5771 7151 1976 9408 4495 9467 9482 5900 5093 4602 3085 254 7493 1819 5399 6394 8136 8127 118 7730 5526 6969 2075 1607 7996 3059 
123 8134 1556 6265 8854 7442 9079 9956 663 3651 6616 9147 6606 6224 8824 2416 9355 5477 6110 9401 6326 7571 8789 2991 8893 9164 6534 8539 9768 5372 
124 8267 5130 6234 2024 9966 4550 6919 5351 3001 7045 5976 2842 1303 6780 7248 9796 4618 2997 6314 6560 5234 366 9576 390 4681 41 3958 
125 7678 4052 9549 9629 4067 3018 425 2238 7105 4945 4900 6945 8883 8334 8942 2348 4033 9516 8459 8198 4242 317 7389 4593 6339 9962 3467 7270 1399 1791 7194 
126 405 2996 9288 1014 9777 4587 1238 9182 6994 3722 7009 9274 7941 5962 1905 8034 5081 984 7859 5733 6505 8119 1953 8818 6771 1331 4877 5812 9404 6952 
127 7639 5213 577 2430 5534 3150 3324 385 7278 7299 2950 9173 5028 6357 5611 2780 9893 917 8764 4711 761 454 3999 1311 3627 9744 9978 8219 4339 6821 3642 711 
128 89 1833 5160 2101 8438 5751 8651 5052 1074 2325 5064 3849 5894 9158 2292 1047 9177 201 8704 5745 7530 5250 3451 497 531 561 1559 3074 
129 8073 7380 7528 8481 9096 1138 7202 194 7531 6707 5550 9855 6941 782 4157 2466 9717 8496 2246 5841 9652 8010 4209 828 2501 3717 8501 9947 2480 8009 3381 
130 6845 9054 3076 3099 8949 6102 3858 5457 2853 3558 3130 9780 4641 1082 9739 9002 4667 8373 514 1070 6589 4836 1931 5363 2934 6834 6532 65 4412 4364 7460 9958 5216 
131 395 436 328 9646 9915 5258 6005 8737 1521 2298 4785 9854 6263 8384 9372 7443 2658 3737 7051 3809 6896 8202 242 3223 6089 9687 948 5877 960 6271 
132 1764 4974 684 6485 1098 4672 5683 6773 2646 9821 2919 6208 2235 1929 9421 1713 8847 3569 260 1447 4154 7977 2529 7551 4510 8236 7294 8768 
133 5266 9037 3331 3557 4192 191 7668 9223 2138 4950 9760 1219 8760 4402 4892 832 4488 3788 8571 1569 364 814 5992 9698 731 9799 8945 3072 7796 
134 5324 156 5938 2013 2140 2815 3332 738 3703 134 4223 8245 70 3819 6908 8938 2757 5806 5174 6938 2702 6880 6911 5872 2938 2510 6014 4556 98 
135 9053 7205 3288 9219 3462 6936 8711 9272 8328 5514 1163 6472 1490 5972 3063 3461 8029 6226 6900 2420 5807 5017 5686 9301 940 3148 205 5736 9650 
136 1109 7183 4238 4917 3410 1681 8001 674 2310 7745 3908 8700 7346 2033 557 1866 7273 4368 1992 6937 6043 7710 5300 9682 6548 5548 9124 624 6625 
137 9589 7475 4060 6250 6231 9227 8798 5302 2590 1986 5818 3415 4212 7077 4094 6807 9196 4202 3621 2723 7600 5922 329 4721 5256 2493 5033 4635 8640 
138 352 7642 2241 3762 462 309 6979 1735 1093 4395 5510 1002 6824 5366 2066 5289 986 6439 5187 2366 3329 6527 983 4537 1501 6248 8695 9600 4539 5255 5211 
139 1247 4797 7256 1241 5895 1264 7605 1258 980 6369 4888 7811 1118 5909 2682 9833 8370 9040 193 500 2958 3408 444 7862 372 2284 1528 8244 9034 1786 3159 2879 3375 
140 4574 5555 9817 2519 4896 9781 7359 2643 648 2937 7812 9824 213 8982 2888 263 5335 5468 4012 3115 374 7731 5882 9782 8216 
141 3827 5097 5837 8204 4248 4044 899 3429 5045 9575 7743 673 7429 8512 5746 4525 3616 1006 524 8866 6081 7998 4907 5747 7801 6614 3580 2895 
142 750 7132 5545 417 2876 8118 4627 7349 8602 3532 7484 6191 8254 9845 4511 716 4738 8960 2231 3395 7446 7523 9661 2196 3459 9878 3727 7422 362 
143 9791 656 4501 4802 8356 2578 1670 9165 8876 7267 8437 9973 729 1936 2743 2278 7500 9758 9578 6529 8705 4150 4198 9306 6988 2828 1576 8845 2291 
144 7343 2417 1505 3380 6481 2331 2468 704 6554 5382 7672 4168 9434 7623 2581 4570 1511 3047 2696 4778 8800 3732 4569 1534 3962 262 4135 6656 3529 7534 9847 
145 7633 3128 6497 3316 6402 1095 1055 5210 1804 7450 1435 2817 4779 5833 1137 1413 6346 2174 3578 1110 7266 1682 4619 8979 6761 3021 
146 8595 3249 4765 294 4304 6348 8417 4003 466 7091 1880 916 8426 6072 5825 9432 8041 5923 3070 6289 5217 1943 9563 730 2630 4605 
147 7148 3491 5673 1499 9967 7798 4734 3420 4692 2531 576 1668 4290 2175 7589 310 2092 1376 9624 9197 4806 9897 7892 8785 3538 2448 5711 2721 3173 
148 528 4474 8273 5911 4394 9725 8191 4325 4562 7701 8536 4425 3129 6079 7831 5469 2543 7632 9903 3862 217 5140 8660 8596 4789 451 7559 
149 6857 6570 8472 5102 6407 6620 5115 1420 2439 4774 8476 9218 8371 3834 7206 4843 6220 1116 8271 7181 7434 1234 2545 891 7741 2956 2007 
150 2563 4922 2191 2263 8615 450 6747 8176 6944 2738 3340 9332 392 3280 6763 3795 5427 4340 7779 248 9341 4868 8474 6517 1979 3328 4196 121 9161 
151 4071 6227 7485 1448 3735 7981 6361 6559 8375 2071 6872 5072 5716 5356 3525 5567 176 8452 8997 4484 1529 8388 8567 6002 2516 6673 2371 
152 8961 7179 1442 7985 1024 964 3556 7755 9665 4792 4153 9842 9658 7056 5648 8133 4893 8269 8186 8331 4319 823 8393 218 9293 5559 4916 9544 5392 
153 6980 5645 8183 3186 9790 3267 4703 5887 3481 51 3506 8775 4448 5073 7099 4693 6706 4812 3245 4056 4342 2363 9176 2211 9204 4771 
154 6729 9246 5475 3104 15 8053 2715 7992 7441 1760 1433 1007 1304 525 9381 1097 649 1122 2568 5616 8563 6759 4038 9333 2559 3450 127 1454 9438 
155 5532 2864 8090 6922 8575 4910 9804 2279 3281 5760 4887 8153 4833 1701 2852 954 1456 5718 6195 9237 1284 6939 3990 8838 186 1017 6823 4361 9383 2431 
156 7569 2793 5354 4476 6961 1421 682 792 6727 4533 7802 5200 5198 4258 86 3325 326 6946 490 1328 9686 8951 8002 3083 5795 2143 
157 128 6891 7787 7494 502 4 144 3480 1674 1131 1045 6238 3490 683 2900 8915 7218 3211 904 9530 4475 4837 9174 9834 3478 8064 2088 8487 9523 7555 1027 
158 8543 9714 2755 7694 69 3711 690 4487 5963 1032 5974 2124 3028 9683 7378 6426 1696 3178 9335 735 5321 9713 9895 3931 5638 5823 
159 1831 8424 1113 4322 3518 5400 7351 2613 2027 6312 3563 8917 4396 5322 568 2312 8975 5614 4477 8291 8199 2490 3712 8998 8344 8712 6667 9642 4275 
160 4773 1753 2526 4769 5999 9437 43 1797 4990 831 5379 8908 4470 272 5186 1336 8323 2443 7274 8863 6818 3998 737 2016 
161 3575 7833 377 1923 5298 7379 1411 8441 1680 1671 868 2083 1870 8378 7340 8597 255 8051 5755 370 8735 315 2612 50 9277 192 5320 1295 7215 7654 
162 6392 1595 5476 1100 874 1257 8178 1854 7304 7875 9889 7038 3020 5803 5982 4434 5646 2708 1955 104 312 2987 9472 5633 4820 3038 
163 3353 8407 9692 9957 8003 1239 171 9251 73 6162 8756 1207 9818 1244 6098 3786 2315 7075 3768 9083 8208 6281 3352 1008 3112 4735 6377 5374 7887 5002 
164 6245 7828 6808 7650 3312 1354 243 1837 5278 9090 9110 5347 5063 6367 4213 4610 3960 4269 4842 9396 6981 8965 6243 4688 6447 4540 8879 
165 3860 1641 9688 5387 80 8673 7915 3892 2120 965 2893 1169 4207 4378 8444 9746 4299 6290 3910 9398 1115 6076 7947 8819 1653 2807 
166 5057 8870 1824 5826 8833 1865 8646 7880 3320 7835 2314 3894 2076 6545 5493 6726 4429 4405 463 1476 614 1277 113 4905 2250 6867 6415 9163 
167 3815 1817 7031 544 4408 3992 8063 6658 971 3443 8517 3797 358 3464 7112 2165 5013 9595 3597 3017 7573 2773 1989 4651 3938 2904 9924 6320 85 
168 1067 3153 1604 2012 1344 4969 6099 679 6705 2511 8224 4869 6684 798 8185 112 2445 9047 8984 246 5043 5338 9608 3564 1443 2926 1594 6133 7997 
169 8386 1816 4878 3367 3519 7689 404 4722 5596 7405 3863 4831 5235 5230 5874 3629 7836 7172 8926 8212 3255 8313 725 293 5173 6153 2737 6371 9154 
170 666 7358 1999 6000 6284 5433 1603 6550 7651 5329 8214 8769 1829 8844 8860 96 6850 6788 1684 4513 3358 5101 1446 6077 7713 6404 1911 2980 
171 4077 3265 6154 5542 2747 3679 4858 4356 5229 5998 1630 3215 1326 1838 2704 6904 1173 8688 5931 7783 4847 8853 4445 7945 1449 4608 5953 
172 2921 5588 7781 5919 5574 1737 357 8687 6049 4205 4497 4264 9694 1103 5242 6670 5866 2886 3253 9331 5937 9474 2498 4353 1298 
173 688 3775 6982 2746 2472 7922 252 8754 9803 1012 8253 8025 1089 8668 911 4199 7370 9587 52 6111 992 3244 9486 1078 1266 6305 2367 1154 
174 2652 548 5069 4710 1700 7865 7483 4231 76 8974 7415 4856 3136 3700 3124 9655 5248 2951 3477 5287 97 7570 6467 3586 2880 520 8916 575 5402 7907 4977 9556 
175 9858 3704 1608 678 3682 4286 2499 8500 4140 3313 4432 4603 8752 5426 2111 7307 9981 3428 705 8107 8690 4624 4615 8516 9064 2254 8743 7608 7899 
176 3448 3875 6595 2524 421 4622 4444 6218 7952 110 584 8588 3131 8801 71 877 6924 6594 1382 9088 1656 438 6875 9536 4073 6118 399 1015 4961 2507 6121 9109 
177 152 9038 3119 8714 8699 9606 6112 5772 2840 8111 2513 4736 9908 8435 9628 2800 3287 3869 8340 1366 8420 1741 8485 1583 6029 749 2329 2985 9343 
178 2554 8952 7229 5896 3643 7240 4472 5157 1329 1647 5603 8115 1948 3470 903 3935 6039 7808 1859 1005 7197 5809 3729 4320 9932 7729 3826 7471 
179 6687 7320 1186 8049 8418 5053 1194 3742 2509 1423 9672 2276 7860 6565 5577 9269 9105 842 8045 2778 8354 3141 2572 2203 2670 6537 2084 2444 
180 7566 4503 4949 3201 9129 16 2136 2920 4478 1120 2260 3034 3314 4414 6696 6333 6381 8767 5602 3032 2978 1200 9463 4237 9667 4014 7641 5317 
181 3766 6812 8120 7516 8431 1151 970 2908 2946 3086 2735 4588 5993 9959 9046 9387 6376 4225 9693 6140 8126 6886 6101 6605 4532 6203 8542 2786 
182 3235 4114 1539 4050 1779 5333 3647 1740 5224 1899 4914 609 322 5048 887 1416 9630 1887 5620 3084 7444 7034 1316 8527 4531 9829 9767 1990 5836 9510 5513 
183 2000 4891 9441 2768 1558 9385 3205 1042 9183 7664 9363 4521 2044 2465 3975 4838 6398 6147 6448 1743 967 1966 4255 1765 2393 3168 7970 1345 6142 
184 256 4904 7575 34 8365 1282 9504 7709 1395 5355 5450 2413 1452 9050 8796 5786 8643 8403 6803 9357 9036 6831 5544 8011 2093 6881 818 2103 287 
185 446 1492 5965 5815 8727 1770 5376 1310 4413 5291 1370 914 3584 4813 270 6837 222 9465 7563 5788 4463 9003 8520 566 1946 
186 8948 3878 7481 1124 8324 662 5610 2194 3315 4289 2001 918 1962 6137 9776 6492 7733 5754 3475 7093 7520 7145 2471 3725 7843 7583 7747 6680 8180 
187 4980 187 9243 3240 6516 3755 5153 5058 9184 209 4647 6033 3212 6026 5840 8129 7853 5546 2369 8156 2899 1273 7659 4485 6408 6929 9524 8060 9971 2406 3818 
188 7222 9282 2772 5898 702 7335 8933 8201 2541 4019 6711 323 6795 7007 4551 5497 8550 2200 5214 5625 9294 5762 8382 9048 7254 4895 4682 7966 7850 4419 1508 
189 2922 1472 6093 919 4123 4183 1243 5863 219 872 4021 6143 1642 1771 1783 2425 8621 4663 1394 7624 9399 9638 3270 5092 8225 9307 
190 4757 2506 5598 2051 6113 1730 2591 8677 7000 7209 933 1436 4547 9547 6334 3499 1190 3327 9928 7339 921 2764 1543 2269 6325 4345 1875 
191 8246 9568 3412 4777 8970 5883 685 550 3286 5822 6820 6414 4002 1439 101 1383 6734 2625 3372 658 8940 7451 1455 7810 5261 889 9100 9358 
192 2785 3496 7584 6278 1139 4169 930 2058 5901 1932 6210 4079 1314 58 618 8720 3097 4498 508 699 2732 7445 1947 103 6324 5844 6650 
193 476 3247 5608 4260 6313 434 8919 7158 2770 8349 9067 3606 4028 2832 4578 3889 6836 3067 3576 6617 5283 5672 4968 2461 2377 3143 973 5507 
194 5371 3460 9236 6973 5829 6990 4252 4758 9055 2502 400 1897 9411 5791 6434 1225 7033 7238 4860 7064 3591 4267 2002 77 5729 3531 8114 8412 4058 
195 1191 9328 804 2858 5740 7180 5658 5916 9461 8865 6364 3835 5480 3377 428 3293 6841 297 6851 5194 4686 9813 2421 9065 5985 1237 4184 265 4037 
196 957 7793 8669 7230 7969 961 74 2674 8285 8442 2989 1427 8369 3065 9185 4118 6846 9390 440 3012 6863 1878 2628 5709 5873 1374 1958 6366 8194 1916 9192 7938 
197 416 8366 4236 4227 4151 9428 6436 3604 1882 7525 356 7739 2944 3893 2077 6450 3213 9521 4016 3248 2455 5364 6317 5656 2357 638 5398 8928 519 
198 5973 5383 2452 6363 7042 743 7693 6643 833 9420 3603 9448 710 9763 4043 5373 8124 7425 4075 9775 9649 990 978 7348 1473 2925 
199 5959 4935 780 8906 5512 6615 4953 8638 1799 5119 9733 3839 3132 2056 6786 7556 6048 7964 3885 1731 7686 786 8088 9020 9285 7900 1199 9700 2349 
200 5482 5195 3350 7020 4784 1588 606 3225 7561 468 1749 8993 3269 4749 6581 1977 5652 9125 4554 4085 8173 1086 3526 1798 5521 1766 7764 9827 4793 
201 9211 5703 4807 2614 721 2085 5144 8793 7598 5350 7727 1548 259 9334 7989 6175 512 3142 5415 1570 9950 5586 714 4901 5991 2681 
202 2758 9888 2209 9640 3903 3203 5315 7944 5420 7097 1189 9222 5852 5268 2464 9644 4133 1379 2160 2089 7461 7281 9759 2885 4791 3517 503 7153 
203 9718 1956 3937 4867 1909 8074 1165 5022 7489 313 3407 5501 4696 1172 5761 4538 4365 9810 1578 5419 1903 646 5571 5814 2427 1834 9723 6830 1665 
204 2202 726 6319 1197 6474 7724 9753 6395 6779 8813 3565 3683 947 567 361 1391 8422 8822 5697 5094 6782 7128 6501 7644 1474 8515 6833 3366 1690 6173 3279 
205 1579 7760 3145 9263 3811 9874 7109 7675 2057 3904 8262 4292 997 5581 8109 6878 3343 8614 713 6965 9156 5692 3874 7311 6259 3289 3239 4450 7399 6722 9403 5042 
206 1577 1408 2141 2966 2525 996 8581 5525 3553 7815 9792 7990 32 5040 7431 8168 4886 5799 1343 4155 2588 6455 5593 8749 6135 
207 2368 8644 9445 5116 2401 9394 6411 6304 3794 5488 6187 3574 3971 9757 9344 1581 1619 4330 6774 4468 4947 5196 6906 
208 5557 8044 8765 6623 4589 4350 9315 6731 8483 7473 5277 6757 412 777 4379 4332 1840 2739 7932 4604 3184 6247 351 5981 7904 7289 6217 2134 2594 7134 
209 3198 2090 3919 5127 1860 6267 132 9477 5166 5090 4178 7472 1544 1352 604 9794 9920 148 5776 3994 3617 2438 5667 9774 5489 4915 4256 2829 6479 
210 4996 3423 1491 8890 4099 6295 5318 1998 5071 1104 8047 9923 5108 6060 2108 4704 7088 4508 8161 4826 9205 6593 7057 7420 31 4367 2306 7094 7934 
211 1060 3590 5197 5031 3932 9685 7022 3777 7286 6252 7645 8912 1622 7554 8231 1553 4335 9011 5447 9532 5641 2070 1633 6536 765 1119 3098 4590 3906 5859 7362 
212 3709 3972 6461 1465 2137 7384 147 513 2644 8746 2538 8723 9526 9844 231 585 3805 5752 7803 2676 4261 6558 7687 5143 3676 8953 3779 2990 321 3386 
213 5535 6770 5516 8910 4221 6622 4251 1290 1555 1092 3453 2903 394 650 7069 9512 3880 2941 7819 8902 2109 3823 5946 6798 8363 3404 
214 3505 7011 8234 5713 6393 1127 2728 3273 5397 1444 9499 3310 4986 6741 56 367 4555 1523 7848 6372 2856 695 7562 6241 4228 7683 6932 3436 
215 9756 3516 4937 8297 5263 4553 9391 5348 9533 5533 2760 3456 4985 9750 4598 3896 1496 6302 5695 2650 165 4879 8662 3154 4173 5009 6499 9968 937 1289 
216 4119 1846 1468 5149 2756 2777 6748 6618 1525 1276 2928 4728 4988 168 8558 664 938 6483 8321 4876 1164 8342 5743 1077 6239 4666 3760 8070 6942 6189 836 224 
217 9361 7115 8266 8613 2570 5113 1302 2247 939 9857 4110 8988 1419 2833 8489 3723 7778 8021 9195 6023 4039 269 8985 9244 480 9353 8670 9418 
218 929 4801 2836 1025 3476 1675 6128 343 1593 8469 4582 4997 9885 7118 2675 2534 9232 3753 9596 4285 772 9429 6273 9843 5933 7204 2360 2189 7923 3080 4585 
219 3387 9194 5136 9076 1964 9097 605 2609 6519 3669 784 3637 995 7712 6388 5152 6399 6758 9312 9483 6861 1640 7956 2751 8104 7480 1580 5780 344 3946 8574 
220 9117 8850 9180 3283 3987 817 5051 5167 5406 8553 6766 2629 3431 8486 3392 1482 1046 5727 5732 5958 2485 325 5554 4399 29 8811 8576 7677 3345 3988 7775 
221 5046 1965 4808 2775 8547 6421 5228 2435 6205 8260 8042 1028 7671 1261 9010 6698 9283 6204 7041 5986 1224 8287 6662 1022 3734 6907 6787 
222 4338 6557 3610 4976 117 4809 1487 4048 3402 2255 1610 2967 1774 7130 4669 3344 9673 9726 2229 8671 7182 9610 9912 2626 7463 8187 5738 3868 
223 7487 9031 6668 3744 6556 2021 2039 6708 1206 9412 7949 7025 2790 1832 8599 3978 1565 8825 2688 8622 3230 4920 9705 5609 9452 6598 6542 
224 1364 4467 8592 7436 4481 3524 3587 4880 8812 3182 8894 9793 8258 6228 1405 9800 7155 8336 1335 912 6525 5452 7665 486 3583 8533 7968 2031 6561 
225 2297 2365 6021 3302 1410 9019 6027 2106 5490 1242 7352 5411 7838 6649 8837 9359 1231 1450 5232 9603 7705 3800 5897 
226 2583 8546 9636 9506 4082 9310 2142 5163 4032 7423 2020 9051 8087 9666 9876 5150 9749 2596 6109 6825 7085 7951 4008 8770 
227 8927 523 9743 665 2693 5251 2557 9302 1373 2574 9964 4857 6006 7612 1498 4825 9103 2741 8333 3029 7797 2164 6196 1481 3933 1939 9953 900 2380 2556 
228 1348 6640 5334 9907 8663 1260 771 8368 2677 8036 6893 8628 5327 7785 4051 7626 4142 2112 5630 4036 668 8806 2638 3979 2107 2532 9969 9255 
229 7324 7901 4677 4697 3192 1253 8257 926 569 3336 5219 5913 778 8094 9659 7184 4233 9653 1780 752 6126 7073 7746 2214 3197 7926 3589 4625 9837 
230 9988 3756 8492 2394 8885 1944 7993 9238 6262 5292 9087 8035 123 6403 1736 7255 6336 3337 9605 4755 9691 2834 6431 8774 2585 6149 
231 6152 6062 2169 2479 3264 8518 4795 3489 6256 871 7195 8956 9160 6176 1161 5775 4310 2488 807 3852 8397 464 9879 9934 7050 1270 4712 6576 8314 
232 9727 2182 3417 9954 6236 4975 7032 6084 9278 844 6829 559 9598 775 2220 6967 3433 154 762 1107 3655 7435 1393 2054 2456 9697 
233 138 1808 7482 5349 2767 6221 7840 2053 1248 7257 8904 2686 4633 3502 1763 3463 2010 1240 5164 9234 2754 6702 7469 4203 2964 4746 9527 1954 582 8037 
234 5209 5467 9075 4661 4983 1597 9699 5587 4134 5706 2183 3865 3229 9043 7104 7499 2287 7546 8524 7504 7879 7139 9206 7987 2848 1655 764 7066 9015 
235 5653 1339 8598 397 5585 1985 7538 6826 2961 4306 5843 2522 2998 1507 5015 9325 1906 9077 4800 6131 6739 7640 8600 3133 4744 4995 1305 7972 3504 1268 
236 3075 5952 2163 487 3122 6255 3479 4673 2622 1023 3158 1259 1132 6735 6044 3010 9252 6353 7236 6349 6193 1732 7127 1019 1617 448 2749 7908 3227 9802 3474 8265 
237 7855 8299 8220 915 1520 5910 9128 8840 7408 703 3194 9368 452 2428 6291 8989 9564 3271 4317 1101 6383 481 1669 3022 4403 2779 8554 2119 1470 7123 819 8964 7852 
238 9475 9284 8080 3384 1809 2375 2410 9006 2011 4243 3890 4776 8048 755 4846 4000 8192 8069 4709 4416 1337 2537 6843 2157 7537 
239 4581 4065 8545 8624 3951 5796 8911 9407 8976 1226 4127 8601 7884 5330 7053 8713 815 3276 2598 6685 5607 3706 4528 7616 1071 6011 5551 7965 
240 9111 5030 1896 8936 9627 5159 393 2710 5580 5578 644 6188 7072 2539 6365 6323 6521 4670 6232 3964 5498 1718 5019 4007 4518 491 8100 2099 
241 9695 6671 2223 9814 931 2323 1236 7637 2608 5096 5975 9983 4423 7953 1504 2219 1457 2118 6678 5979 8091 857 1155 9198 2308 8555 4964 7049 7806 4940 
242 2005 6879 2418 9224 1659 4084 0 3170 5693 7059 7284 7767 9339 9651 8552 3942 9570 6644 131 4010 9016 599 1463 1827 8923 4927 825 8909 9555 
243 7427 3873 8730 1051 2135 8679 208 5435 8013 5083 5879 9008 9280 4045 7200 1495 1789 303 7476 1806 5977 9201 6031 826 2571 6490 1739 
244 271 3656 4989 7679 6509 5499 2745 7087 1849 6454 5983 907 7586 8901 3512 183 2192 3822 3056 1686 8275 876 8343 6222 843 3305 3006 696 966 
245 5049 6638 6992 6871 3391 108 7065 7203 8320 59 1602 3631 7830 9618 3290 4727 1403 6653 3967 1625 5103 9926 8719 5765 24 4683 7553 2217 
246 816 5801 5307 9836 8421 9955 2301 3486 3804 161 3546 9910 8826 2500 700 2226 1195 635 9266 1180 5288 8772 137 1800 7029 5918 4762 8151 
247 5014 4494 2228 2769 1862 6437 7719 3033 7753 5403 7466 1003 3488 7167 2869 8702 3566 7262 774 268 797 3559 5110 8203 2067 75 
248 5583 6669 5313 9773 5483 5878 3439 7464 6800 4559 8213 4546 4081 1126 7013 6518 3102 9518 424 2227 5824 8030 6181 3840 2620 6883 3872 6732 7837 951 
249 7695 9215 7337 627 7394 9027 1121 8924 5748 5138 9871 6586 1708 4726 1963 305 5026 3692 6100 7587 4606 6682 7825 8014 7897 9146 9320 8685 6916 8784 
250 7720 2091 4066 7026 1745 2573 2555 35 4387 7393 8122 8211 9690 5689 3199 2424 5971 7438 3514 5590 6827 8869 1033 1153 6391 11 9348 4592 8228 7192 4965 5284 
251 1387 698 5868 571 2305 9933 8251 1794 9831 9848 290 9500 5869 9367 8538 1654 7217 1088 3718 6870 5038 7170 8633 4426 1361 1812 4422 5107 
252 4794 5206 9960 9190 5360 9745 2334 4454 4684 5384 2811 6716 339 5540 5191 2740 2327 7141 5617 3776 4491 4336 1869 2476 8306 7074 3041 3208 9582 6898 
253 1959 2378 6056 8453 4386 5724 6117 3733 2233 3783 8790 3105 5425 2274 4161 8892 3543 985 1830 4059 7893 3790 46 7354 7269 7465 8658 7617 6422 6413 6442 1727 
254 7511 9747 601 8586 747 1192 6522 2221 3040 6989 7661 4090 8691 211 7044 5924 5640 2602 2272 7666 7967 7920 6514 8164 640 2215 1638 2611 2814 
255 8364 8657 9899 1835 6790 9540 320 3731 1541 4031 3262 6385 4428 2017 9249 669 2245 3973 5893 944 3162 2824 6887 9080 717 149 9481 9604 7470 5257 
256 2152 846 2098 724 9241 4400 1890 3050 1996 2748 6710 3234 8832 7740 376 2923 7888 2889 8355 8 2344 8054 723 3977 4733 9863 8994 4384 9025 2530 8307 
257 3856 4088 7769 3333 1059 5553 2687 4566 686 1792 7462 2892 1223 7588 2606 1530 8226 6166 6466 3761 2579 2729 2691 8682 7234 
258 2649 9440 8766 9721 4195 8577 9329 2153 6268 9254 8861 9736 7196 2727 302 9424 6957 9701 6477 7263 8739 2117 892 6008 697 
259 8085 94 5552 2352 896 7416 6475 1340 5126 2826 9689 8123 2651 5905 8066 2973 6456 6540 6106 7479 4451 8301 5575 6642 5599 3274 6136 5215 8218 5029 
260 8440 336 3898 3044 3763 141 9583 7488 4730 7597 1723 363 5304 1744 580 4740 9668 1664 5389 7975 6751 6465 8606 7089 1714 5928 
261 8858 3551 8205 8327 7543 6822 7513 720 1542 6793 4174 5508 5023 3003 3382 1847 3684 4103 7353 2939 6083 1480 478 6070 8427 6335 6972 5408 3237 3082 8268 4300 
262 2139 9913 2469 1407 174 8454 2762 8008 39 7766 7955 1661 1935 2407 4845 5076 3140 6095 6949 3125 9377 5165 88 2616 3354 6627 6947 
263 5041 654 7395 9816 9963 7742 7660 4621 8873 7317 2068 6344 5293 1280 2705 6115 4756 2714 3837 3089 4865 1400 5657 2669 6165 5243 8777 7601 7414 7688 1533 
264 2870 5944 7235 8406 9052 9384 2304 7316 6985 489 7338 1694 8877 7620 8639 5830 5018 2300 6453 1502 7023 2750 6 4848 4270 6040 5294 8631 496 
265 7015 6720 2635 7120 7116 4717 200 9939 3195 9664 4457 2028 2589 4835 6449 3458 369 6628 2453 122 8396 622 5380 7856 3930 3045 7322 
266 8404 2765 9754 6459 1275 800 2161 6553 6138 848 5142 1698 2657 3944 2982 494 2972 9911 4654 241 757 4620 458 9476 5161 5560 8479 7886 2936 8941 
267 9850 9538 1769 5945 1217 8439 8000 184 4519 8347 4564 1458 3778 7558 7725 8519 7634 6468 5444 5649 5264 9541 8416 2261 4586 6730 7533 
268 8725 4671 275 3855 2992 7869 3114 2295 8889 2725 8783 4943 861 8345 8999 2364 8490 8303 5087 8419 9479 9433 136 4517 8117 4798 2804 6065 2894 8387 
269 6214 2823 4804 4458 2126 2801 4017 9393 3228 1158 2560 8337 4294 9216 5394 1054 6963 9965 7627 9867 6899 9977 7933 9099 1518 2505 8618 7456 
270 1196 3117 6001 9520 5968 5612 53 6978 9648 5556 5309 5935 8493 4460 9116 5811 1170 3204 9214 307 6045 7003 9514 5449 8708 4600 4407 8105 7756 
271 5503 4751 4960 2930 6237 7691 9856 2536 4504 4101 2924 2666 6772 4925 7102 3599 471 7168 9028 6913 7055 3311 1287 7717 8583 1212 
272 6785 3042 5117 6635 5460 8263 1821 2642 902 4885 4241 4064 9370 7596 5828 6050 8560 6180 2060 9171 5034 9614 6316 5710 3163 9253 2812 6832 1177 3918 5621 
273 3361 2586 9447 4560 477 9853 6300 2918 1679 4130 8329 3303 6512 3319 5409 5056 244 1702 6631 18 139 5650 4698 7332 3285 5562 2504 2565 7568 
274 2038 3968 9351 653 4318 1767 5274 4642 7503 1872 6997 4691 3094 1483 8604 1988 5199 461 1624 5340 5437 2875 2072 5466 4346 7542 8978 9770 3107 2623 
275 5613 6610 3720 9378 9397 4629 8488 236 1222 250 1166 8150 2601 8808 781 3982 1392 6119 8534 2700 9671 959 5316 4979 1288 509 3057 4821 4963 
276 1130 1143 9719 7084 8829 6817 2838 3780 402 2887 2176 8627 8015 3828 1094 2419 6530 2372 4439 3600 9623 885 3307 2063 7524 9170 5227 647 977 
277 3169 6890 5794 6351 3295 4053 4025 4302 8992 6470 5687 3785 9870 522 6352 6253 8882 3013 5767 1084 7716 8839 732 2347 3309 6397 1967 641 2518 3719 5486 
278 8896 9887 5881 4001 5066 4006 5439 541 8154 4341 1883 1269 2148 7321 1933 6624 9471 8200 7495 4972 7547 4121 2486 7913 6901 2422 8810 4268 2338 5707 
279 5876 1711 6073 9632 1462 4185 5401 7054 6212 2055 8350 6814 7432 7157 9295 645 449 827 1582 6476 1984 3224 8169 4427 1355 7991 2618 6038 1928 4063 7854 
280 8078 1271 7060 5461 675 5105 1657 2637 9247 7680 4612 8509 6174 4149 7212 8098 2029 2816 6004 5995 3338 6370 5615 5344 8385 6088 3554 5690 
281 4433 8434 1049 4186 5226 4279 4117 9537 1440 3167 4055 3379 3743 1853 8864 3068 2015 4700 3250 4781 923 6792 3066 6801 3966 172 8895 120 8619 1991 
282 5336 1768 7318 3347 4480 6970 8322 6274 8991 6287 6666 7275 3368 406 9501 6396 2309 3789 2127 3077 5190 1703 9221 1108 3985 5430 5677 517 6179 126 
283 9189 4397 158 4628 3442 311 1547 3341 7873 7703 1218 2551 4748 6544 8734 7750 2697 100 672 5773 7301 9620 6401 8247 2105 3081 63 6264 7652 
284 4182 1466 3620 1267 5726 3821 232 2983 9502 5012 5700 5124 5438 709 2549 2290 3751 398 7832 3699 296 3793 2248 581 3092 6491 3708 2634 
285 389 3503 949 659 4524 8641 365 9619 6648 8466 4958 5162 8963 6849 6315 4496 1673 5422 7814 6087 5431 2102 2437 7376 6201 3710 8959 2587 8585 5635 6513 
286 2351 1751 479 6681 629 9984 2771 8264 3850 9949 9436 3035 8507 9187 5331 6962 5252 9616 9162 9405 1043 3838 349 1699 5549 7453 3909 8744 
287 7708 7329 5705 3500 6452 3298 9704 1135 6192 6813 7912 4276 5378 2988 5047 8155 6569 9715 754 2328 3649 5280 
288 5984 1568 7914 7232 7715 2399 883 4567 8914 7328 7847 1557 7237 3705 3152 5642 7126 6604 7535 7813 3969 9319 160 4026 8241 1930 5065 4998 
289 6425 7643 4636 8884 5020 5675 9107 1133 380 5074 7771 4862 5579 5332 6714 6350 6282 8233 5271 6659 4022 7818 2294 1105 7411 253 6074 9580 7010 
290 8017 4057 8778 4217 3582 3411 9495 9044 908 4577 7468 5597 9455 5137 7958 7909 2945 4557 1272 847 9801 4854 5853 1513 808 2694 8361 6533 3601 47 3767 2719 
291 2847 9742 7253 9416 9751 956 6538 9599 794 4201 8573 2763 6471 6951 99 8780 9552 7881 5708 1649 2575 7360 5085 5864 7261 5269 7649 2582 6960 1397 
292 5886 5941 5326 4144 1053 4650 5296 7227 5434 3487 2799 9634 8666 7549 4743 9553 4406 3359 5884 7211 9070 8082 162 1811 2340 7858 8823 2170 1793 6587 6511 
293 8172 3025 5151 1600 2914 499 7842 3984 2078 4370 9035 7312 7919 633 4750 7622 6199 742 6487 3542 9722 6799 4705 5907 9082 9410 9615 
294 687 5147 291 4716 2350 7381 4004 4190 5238 4435 6715 8603 8721 8448 9207 6146 2593 3376 1781 4742 7410 4023 8656 1478 6071 6297 3510 4437 4767 
295 7606 8399 8099 6155 5134 6016 2477 177 383 8857 9703 1349 9127 4316 3721 3672 3747 2341 5778 5464 7628 542 6903 3426 4411 6838 6269 5698 
296 3060 4568 1175 8781 6463 630 9380 3100 8284 1233 7082 4047 3393 5600 1695 6802 1351 2185 6987 5891 3615 821 712 9449 3841 8272 3796 8792 8753 4897 
297 8934 3562 3560 4573 9273 8726 5742 8067 9737 2457 9118 1091 5594 1068 5154 4839 6132 8086 1720 6840 1112 2079 8535 1762 7162 5851 1678 6279 
298 4805 5967 3209 5797 2236 456 1725 408 9126 1526 8358 2689 1919 157 492 3897 30 2270 3046 8023 4853 9849 1183 3726 7770 7804 4881 
299 7611 3482 3671 8282 6520 2403 7347 9350 9178 8159 5068 3254 4919 8931 7308 2981 999 7758 2087 4899 8367 9004 4283 196 8024 2257 7921 3232 4978 
300 3628 2993 2830 7704 2384 289 2244 1037 4942 3644 8897 546 636 2004 4128 5405 6170 3400 3437 7143 1748 4725 6342 4409 2282 8058 8846 5936 1136 
301 671 7609 4393 9787 1907 689 5177 7259 1692 4544 9056 7071 7509 1618 2877 9996 6940 2110 5816 3736 8102 1432 4224 1369 2776 3570 
302 1048 7030 9625 7667 3383 941 4465 4545 5568 2552 9529 7288 8341 2699 1536 4148 1 9430 2660 3738 4191 2074 9063 4138 2264 8146 5517 7063 1697 
303 1572 9166 6123 3696 2281 1689 6299 1360 2835 1516 5080 858 8020 7673 5956 1356 28 7210 8763 7454 9637 4984 8360 950 8167 
304 6578 7186 4817 8256 319 9457 7629 5906 9771 7276 92 7514 955 4230 535 5393 9985 346 459 2566 4959 197 1815 4020 3952 6055 
305 6488 9822 5855 515 7929 9702 791 1004 8907 2931 353 600 1489 331 6400 9264 7630 2449 1201 6555 2199 3859 3936 8788 9869 8392 1235 9731 7474 
306 7173 1924 2599 3009 3501 2633 943 3528 9585 5121 6097 9883 8007 6386 5265 4492 2671 6692 2662 7780 4609 7657 5141 8229 4912 9148 2862 4659 3876 7593 5418 
307 6428 6603 5564 5436 1123 7957 3318 5253 9362 9059 7455 5133 204 1747 8814 7129 9098 3137 905 4894 3550 195 1527 3438 3483 5665 79 3138 4962 
308 7794 4049 7244 1822 4145 3513 619 1039 9728 4263 4599 1742 5848 245 6629 608 9337 9846 9789 1658 5091 4626 485 2819 4479 4222 7424 
309 8415 9872 3636 2156 3953 5529 432 7777 6309 216 8089 7706 3925 4343 8279 1662 4312 611 3096 495 5871 3673 1061 9828 4664 1209 470 6626 4512 
310 7871 8903 2146 9460 9150 9462 5176 2359 851 332 2948 9260 1952 5817 4823 2006 5205 4404 5628 7826 6219 9108 3509 8197 8081 2783 8932 
311 1125 2517 612 4607 5247 6125 9880 2346 8617 4383 1852 4689 1128 7159 8732 7700 4301 9901 595 3689 2177 4849 2706 7478 277 6575 6588 3161 
312 5889 602 3665 7648 3291 8751 4933 2232 1888 590 8859 4489 6740 6010 178 7692 9674 5111 8703 579 8510 8905 9496 3522 8165 4337 8589 5845 5410 7319 
313 7402 4141 8971 5632 6844 4089 8920 8478 6567 199 9012 5808 1467 8446 4955 884 4280 4924 1087 2515 8480 6855 8188 1497 6420 8736 7508 1367 233 5921 
314 68 7448 1430 8937 2289 3335 1299 6582 2891 1585 5367 922 7757 6742 5485 1910 4211 1902 1202 3015 9557 8918 936 
315 3179 2636 4078 4754 6493 5416 6030 9660 8958 6186 4388 8040 9089 4930 237 2818 5067 583 7265 355 9142 4648 9807 3861 8059 6713 5885 9882 2213 2659 5644 
316 7014 8565 2698 6283 5086 7910 793 2132 4527 8055 55 6892 5352 3441 6380 1461 4113 401 6958 6417 8738 8706 3996 897 9927 8830 415 6633 7911 5789 
317 3452 6211 3716 229 3346 7369 8620 4882 7334 3912 1168 5290 4565 1176 2181 3814 7999 5655 9597 9550 2784 467 9542 9423 8636 8816 
318 3883 9581 5783 5696 4137 4694 5412 972 8886 6378 1886 5899 2798 5362 744 9137 9896 1479 5722 8880 4954 9347 6441 6974 
319 4830 2954 1437 422 3405 7144 7028 7375 3079 2474 2050 7928 5647 6809 6646 7882 7363 9239 8930 549 2271 1388 4296 3469 1685 6704 3226 9838 1315 2400 119 4775 
320 3190 6931 6925 5456 2042 785 9795 484 6744 2744 6630 8004 5769 8390 116 1856 7834 7385 4471 1918 6443 4770 3980 1755 5358 9574 9069 651 8298 7004 
321 4172 8372 2672 4436 61 3914 1983 6750 9229 7374 3989 9311 510 6539 14 7012 8300 2726 1338 3419 8411 5414 1628 4580 7518 8776 5960 869 
322 9584 8097 8523 7980 7625 5129 8463 1994 8389 5070 6277 6213 8145 6368 9021 6306 3961 7433 7070 812 6636 469 1162 2149 7917 
323 1807 1512 9937 6778 1174 6500 1759 6446 4262 1971 2788 6345 1146 7877 9935 4970 6611 3365 7599 1246 284 5088 5892 4810 7280 6308 6577 1891 2273 
324 993 4852 3902 3259 2535 3724 5446 3326 7268 6015 6069 6510 741 8276 8757 7585 3031 2871 7302 898 316 707 8582 7214 3468 4171 1350 9354 
325 7047 5492 7136 5185 26 3306 1677 9338 9451 4640 4542 9545 3127 334 3389 1927 981 95 7285 853 114 1357 2703 3959 2523 2481 
326 78 5908 1141 8701 706 40 1795 9172 6036 3103 9485 5749 1069 6531 2977 7948 2878 3674 5104 8867 6934 1803 8612 3613 8430 8359 2392 7121 1705 2952 4644 
327 3183 4967 5528 8584 2147 4358 1306 1754 5175 431 7580 223 7043 6486 6998 414 1667 4731 4534 7083 4859 2896 4380 1975 2844 8683 6776 6842 2901 6663 
328 7382 9106 493 3322 2048 4009 2154 2569 2489 9593 84 5502 1914 3635 4658 3798 756 8158 9663 4305 348 9569 1041 4234 6103 6013 4291 9023 1375 8353 5432 6405 
329 8166 9740 8568 7976 2253 8540 7800 8564 1895 9456 4579 3191 7407 4992 3686 5295 3571 3567 5239 1075 9345 2580 5180 7250 4024 5725 8112 1716 1184 5044 5930 5453 
330 1942 8579 5634 7279 276 4249 6244 4273 7108 261 6225 4713 6206 2984 2910 7685 8379 25 2190 6047 7156 9030 2942 5561 7272 
331 2734 2086 6950 2803 4005 5237 9033 7638 9892 9565 6547 718 6999 5369 3147 9007 2495 1828 2527 3799 6930 3378 7959 5989 9468 3521 8209 9945 5569 7647 1001 5178 
332 8977 3833 9286 979 6163 5637 7541 9317 6515 5699 292 9906 8278 2631 6991 2206 2882 6053 3624 6745 2311 5275 
333 3187 3581 2713 8717 7723 4156 4824 9675 9622 3465 9979 3069 2913 8943 3812 5451 643 1117 5484 7124 2256 5957 562 8302 2483 1208 2046 4695 7260 
334 4507 5325 9304 563 7890 2337 2433 893 3670 5584 8605 6018 6457 8939 1894 4072 9779 5636 840 6064 1605 4783 9369 5663 378 3842 5007 4235 2059 
335 4764 2584 7728 2963 3064 1715 4116 4278 465 1519 9270 855 5428 6362 8095 657 1591 4453 6458 6579 9613 4459 3421 7722 7165 7315 
336 4107 188 7430 6995 1080 1917 5969 5570 359 4931 4158 6233 9057 2397 8139 9513 6020 1426 7786 8557 5576 8521 6541 3848 501 3614 2902 7364 
337 6423 3592 1746 9590 2396 2680 8913 8609 6703 521 7610 9917 7387 2576 4952 623 4421 234 8429 2333 2045 4706 1775 9210 6358 4584 573 7978 4461 
338 49 8946 2971 1776 5949 6409 106 8292 5601 3055 5036 1262 866 9024 8217 9326 5494 2277 1623 4086 9374 3843 3093 9291 2544 8061 6480 6017 2288 
339 6933 2150 534 7707 5669 8642 3715 7765 3304 391 337 8899 109 1063 4815 4333 8113 3023 7224 8071 5543 4884 6169 6216 9152 
340 1704 2265 4535 1398 5207 5639 9943 9936 5188 4818 1825 6675 8131 6721 9490 2171 8529 264 1632 6953 1334 864 3638 2356 6641 9602 8079 7604 6012 2436 2451 9786 
341 5077 9168 6200 1631 9940 4377 4069 3836 822 8147 6609 4074 4410 2970 1013 8498 6288 9480 829 1941 5184 9275 1857 1404 2065 9478 3349 5915 9873 
342 6597 8125 5008 5721 8193 8549 8791 3830 3770 7131 3507 9976 3416 4266 5505 5662 9140 7208 7103 8456 9938 4816 7228 1995 769 9805 6503 4131 5591 3008 
343 7397 5370 2252 1140 2186 760 5170 5682 3037 5297 1693 5146 7459 7696 5504 7615 3073 3650 3888 9199 7333 8075 2035 3374 8637 6943 547 4516 
344 1712 9594 1842 8820 5680 3659 6580 4076 3654 8076 135 8215 5189 9081 4136 9299 9323 2225 4208 4787 2639 5016 1987 453 7166 3547 3157 7492 
345 9360 8551 8502 5860 1614 9186 3741 7016 3949 8593 5314 2019 7298 6375 1488 4596 6895 3792 9102 7292 7714 9364 5445 6700 44 8731 8032 1363 
346 9498 9155 3533 5181 6382 1772 3544 745 2009 2707 9993 2759 5661 9256 8148 4934 5131 7749 4982 8664 4216 5089 1820 8174 124 4576 9346 9558 
347 9104 8170 8128 7458 3268 7979 4874 2450 3619 2797 8878 4293 9464 4723 3121 1571 9453 9469 4232 6549 2458 2665 4176 8676 9022 3087 4352 7106 1978 2915 
348 8786 7574 1417 8797 4529 4948 8093 5368 594 4272 1545 249 8137 5768 8135 379 7762 4863 9000 1018 2210 1227 1881 9633 9188 
349 8184 9141 8277 6869 6655 6868 190 1787 5353 3515 1182 413 5820 7005 6429 6768 1535 776 8380 6080 6158 677 9517 5391 8955 3202 9645 
350 811 9257 2965 7421 8530 2064 2313 4452 9952 2960 789 6584 1308 805 7344 388 9525 2742 4441 3577 809 7799 1438 9074 9894 7655 7697 5779 
